<?xml version="1.0" encoding="UTF-8"?>
<testsuite xmlns:xsi="http://www.w3.org/2001/XMLSchema-instance" xsi:noNamespaceSchemaLocation="https://maven.apache.org/surefire/maven-surefire-plugin/xsd/surefire-test-report.xsd" name="net.revature.binarybuiltbyte.project2.CategoryTest" time="0.078" tests="3" errors="0" skipped="0" failures="2">
  <properties>
[...]
</properties>
  <testcase name="checkReturningFields" classname="net.revature.binarybuiltbyte.project2.CategoryTest" time="0.011"/>
  <testcase name="checkReturnID1" classname="net.revature.binarybuiltbyte.project2.CategoryTest" time="0.012">
    <failure message="JSON path &quot;$.categoryName&quot; expected:&lt;CPU&gt; but was:&lt;laptop&gt;" type="java.lang.AssertionError"><![CDATA[java.lang.AssertionError: JSON path "$.categoryName" expected:<CPU> but was:<laptop>
	at net.revature.binarybuiltbyte.project2.CategoryTest.checkReturnID1(CategoryTest.java:57)
]]></failure>
    <system-out><![CDATA[
MockHttpServletRequest:
      HTTP Method = GET
      Request URI = /api/category/1
       Parameters = {}
          Headers = []
             Body = null
    Session Attrs = {}

Handler:
             Type = org.springframework.data.rest.webmvc.RepositoryEntityController
           Method = org.springframework.data.rest.webmvc.RepositoryEntityController#getItemResource(RootResourceInformation, Serializable, PersistentEntityResourceAssembler, HttpHeaders)

Async:
    Async started = false
     Async result = null

Resolved Exception:
             Type = null

ModelAndView:
        View name = null
             View = null
            Model = null

FlashMap:
       Attributes = null

MockHttpServletResponse:
           Status = 200
    Error message = null
          Headers = [Vary:"Origin", "Access-Control-Request-Method", "Access-Control-Request-Headers", Content-Type:"application/hal+json", X-Content-Type-Options:"nosniff", X-XSS-Protection:"1; mode=block", Cache-Control:"no-cache, no-store, max-age=0, must-revalidate", Pragma:"no-cache", Expires:"0", X-Frame-Options:"DENY"]
     Content type = application/hal+json
             Body = {
  "id" : 1,
  "categoryName" : "laptop",
  "_links" : {
    "self" : {
      "href" : "http://localhost/api/category/1"
    },
    "category" : {
      "href" : "http://localhost/api/category/1"
    },
    "products" : {
      "href" : "http://localhost/api/category/1/products"
    }
  }
}
    Forwarded URL = null
   Redirected URL = null
          Cookies = []

MockHttpServletRequest:
      HTTP Method = GET
      Request URI = /api/category/1
       Parameters = {}
          Headers = []
             Body = null
    Session Attrs = {}

Handler:
             Type = org.springframework.data.rest.webmvc.RepositoryEntityController
           Method = org.springframework.data.rest.webmvc.RepositoryEntityController#getItemResource(RootResourceInformation, Serializable, PersistentEntityResourceAssembler, HttpHeaders)

Async:
    Async started = false
     Async result = null

Resolved Exception:
             Type = null

ModelAndView:
        View name = null
             View = null
            Model = null

FlashMap:
       Attributes = null

MockHttpServletResponse:
           Status = 200
    Error message = null
          Headers = [Vary:"Origin", "Access-Control-Request-Method", "Access-Control-Request-Headers", Content-Type:"application/hal+json", X-Content-Type-Options:"nosniff", X-XSS-Protection:"1; mode=block", Cache-Control:"no-cache, no-store, max-age=0, must-revalidate", Pragma:"no-cache", Expires:"0", X-Frame-Options:"DENY"]
     Content type = application/hal+json
             Body = {
  "id" : 1,
  "categoryName" : "laptop",
  "_links" : {
    "self" : {
      "href" : "http://localhost/api/category/1"
    },
    "category" : {
      "href" : "http://localhost/api/category/1"
    },
    "products" : {
      "href" : "http://localhost/api/category/1/products"
    }
  }
}
    Forwarded URL = null
   Redirected URL = null
          Cookies = []
]]></system-out>
  </testcase>
  <testcase name="checkPopulatingCorrectly" classname="net.revature.binarybuiltbyte.project2.CategoryTest" time="0.054">
    <failure message="JSON path &quot;$.._embedded.category.[0].categoryName&quot; expected:&lt;CPU&gt; but was:&lt;laptop&gt;" type="java.lang.AssertionError"><![CDATA[java.lang.AssertionError: JSON path "$.._embedded.category.[0].categoryName" expected:<CPU> but was:<laptop>
	at net.revature.binarybuiltbyte.project2.CategoryTest.checkPopulatingCorrectly(CategoryTest.java:46)
]]></failure>
    <system-out><![CDATA[
MockHttpServletRequest:
      HTTP Method = GET
      Request URI = /api/category
       Parameters = {}
          Headers = []
             Body = null
    Session Attrs = {}

Handler:
             Type = org.springframework.data.rest.webmvc.RepositoryEntityController
           Method = org.springframework.data.rest.webmvc.RepositoryEntityController#getCollectionResource(RootResourceInformation, DefaultedPageable, Sort, PersistentEntityResourceAssembler)

Async:
    Async started = false
     Async result = null

Resolved Exception:
             Type = null

ModelAndView:
        View name = null
             View = null
            Model = null

FlashMap:
       Attributes = null

MockHttpServletResponse:
           Status = 200
    Error message = null
          Headers = [Vary:"Origin", "Access-Control-Request-Method", "Access-Control-Request-Headers", Content-Type:"application/hal+json", X-Content-Type-Options:"nosniff", X-XSS-Protection:"1; mode=block", Cache-Control:"no-cache, no-store, max-age=0, must-revalidate", Pragma:"no-cache", Expires:"0", X-Frame-Options:"DENY"]
     Content type = application/hal+json
             Body = {
  "_embedded" : {
    "category" : [ {
      "id" : 1,
      "categoryName" : "laptop",
      "_links" : {
        "self" : {
          "href" : "http://localhost/api/category/1"
        },
        "category" : {
          "href" : "http://localhost/api/category/1"
        },
        "products" : {
          "href" : "http://localhost/api/category/1/products"
        }
      }
    }, {
      "id" : 2,
      "categoryName" : "pc",
      "_links" : {
        "self" : {
          "href" : "http://localhost/api/category/2"
        },
        "category" : {
          "href" : "http://localhost/api/category/2"
        },
        "products" : {
          "href" : "http://localhost/api/category/2/products"
        }
      }
    }, {
      "id" : 3,
      "categoryName" : "camera",
      "_links" : {
        "self" : {
          "href" : "http://localhost/api/category/3"
        },
        "category" : {
          "href" : "http://localhost/api/category/3"
        },
        "products" : {
          "href" : "http://localhost/api/category/3/products"
        }
      }
    }, {
      "id" : 4,
      "categoryName" : "tablet",
      "_links" : {
        "self" : {
          "href" : "http://localhost/api/category/4"
        },
        "category" : {
          "href" : "http://localhost/api/category/4"
        },
        "products" : {
          "href" : "http://localhost/api/category/4/products"
        }
      }
    }, {
      "id" : 5,
      "categoryName" : "mobile",
      "_links" : {
        "self" : {
          "href" : "http://localhost/api/category/5"
        },
        "category" : {
          "href" : "http://localhost/api/category/5"
        },
        "products" : {
          "href" : "http://localhost/api/category/5/products"
        }
      }
    }, {
      "id" : 6,
      "categoryName" : "monitor",
      "_links" : {
        "self" : {
          "href" : "http://localhost/api/category/6"
        },
        "category" : {
          "href" : "http://localhost/api/category/6"
        },
        "products" : {
          "href" : "http://localhost/api/category/6/products"
        }
      }
    } ]
  },
  "_links" : {
    "self" : {
      "href" : "http://localhost/api/category"
    },
    "profile" : {
      "href" : "http://localhost/api/profile/category"
    }
  },
  "page" : {
    "size" : 20,
    "totalElements" : 6,
    "totalPages" : 1,
    "number" : 0
  }
}
    Forwarded URL = null
   Redirected URL = null
          Cookies = []

MockHttpServletRequest:
      HTTP Method = GET
      Request URI = /api/category
       Parameters = {}
          Headers = []
             Body = null
    Session Attrs = {}

Handler:
             Type = org.springframework.data.rest.webmvc.RepositoryEntityController
           Method = org.springframework.data.rest.webmvc.RepositoryEntityController#getCollectionResource(RootResourceInformation, DefaultedPageable, Sort, PersistentEntityResourceAssembler)

Async:
    Async started = false
     Async result = null

Resolved Exception:
             Type = null

ModelAndView:
        View name = null
             View = null
            Model = null

FlashMap:
       Attributes = null

MockHttpServletResponse:
           Status = 200
    Error message = null
          Headers = [Vary:"Origin", "Access-Control-Request-Method", "Access-Control-Request-Headers", Content-Type:"application/hal+json", X-Content-Type-Options:"nosniff", X-XSS-Protection:"1; mode=block", Cache-Control:"no-cache, no-store, max-age=0, must-revalidate", Pragma:"no-cache", Expires:"0", X-Frame-Options:"DENY"]
     Content type = application/hal+json
             Body = {
  "_embedded" : {
    "category" : [ {
      "id" : 1,
      "categoryName" : "laptop",
      "_links" : {
        "self" : {
          "href" : "http://localhost/api/category/1"
        },
        "category" : {
          "href" : "http://localhost/api/category/1"
        },
        "products" : {
          "href" : "http://localhost/api/category/1/products"
        }
      }
    }, {
      "id" : 2,
      "categoryName" : "pc",
      "_links" : {
        "self" : {
          "href" : "http://localhost/api/category/2"
        },
        "category" : {
          "href" : "http://localhost/api/category/2"
        },
        "products" : {
          "href" : "http://localhost/api/category/2/products"
        }
      }
    }, {
      "id" : 3,
      "categoryName" : "camera",
      "_links" : {
        "self" : {
          "href" : "http://localhost/api/category/3"
        },
        "category" : {
          "href" : "http://localhost/api/category/3"
        },
        "products" : {
          "href" : "http://localhost/api/category/3/products"
        }
      }
    }, {
      "id" : 4,
      "categoryName" : "tablet",
      "_links" : {
        "self" : {
          "href" : "http://localhost/api/category/4"
        },
        "category" : {
          "href" : "http://localhost/api/category/4"
        },
        "products" : {
          "href" : "http://localhost/api/category/4/products"
        }
      }
    }, {
      "id" : 5,
      "categoryName" : "mobile",
      "_links" : {
        "self" : {
          "href" : "http://localhost/api/category/5"
        },
        "category" : {
          "href" : "http://localhost/api/category/5"
        },
        "products" : {
          "href" : "http://localhost/api/category/5/products"
        }
      }
    }, {
      "id" : 6,
      "categoryName" : "monitor",
      "_links" : {
        "self" : {
          "href" : "http://localhost/api/category/6"
        },
        "category" : {
          "href" : "http://localhost/api/category/6"
        },
        "products" : {
          "href" : "http://localhost/api/category/6/products"
        }
      }
    } ]
  },
  "_links" : {
    "self" : {
      "href" : "http://localhost/api/category"
    },
    "profile" : {
      "href" : "http://localhost/api/profile/category"
    }
  },
  "page" : {
    "size" : 20,
    "totalElements" : 6,
    "totalPages" : 1,
    "number" : 0
  }
}
    Forwarded URL = null
   Redirected URL = null
          Cookies = []
]]></system-out>
  </testcase>
</testsuite>