<?xml version="1.0" encoding="UTF-8"?>
<testsuite xmlns:xsi="http://www.w3.org/2001/XMLSchema-instance" xsi:noNamespaceSchemaLocation="https://maven.apache.org/surefire/maven-surefire-plugin/xsd/surefire-test-report.xsd" name="net.revature.binarybuiltbyte.project2.AddressTest" time="14.42" tests="3" errors="0" skipped="0" failures="3">
  <properties>
[...]
</properties>
  <testcase name="checkReturningFields" classname="net.revature.binarybuiltbyte.project2.AddressTest" time="1.107">
    <failure message="No value at JSON path &quot;$.._embedded.addresses.[0]._links.byteUser&quot;" type="java.lang.AssertionError">java.lang.AssertionError: No value at JSON path "$.._embedded.addresses.[0]._links.byteUser"
	at net.revature.binarybuiltbyte.project2.AddressTest.checkReturningFields(AddressTest.java:41)
</failure>
    <system-out><![CDATA[15:13:04.111 [main] DEBUG org.springframework.test.context.junit4.SpringJUnit4ClassRunner - SpringJUnit4ClassRunner constructor called with [class net.revature.binarybuiltbyte.project2.AddressTest]
15:13:04.123 [main] DEBUG org.springframework.test.context.BootstrapUtils - Instantiating CacheAwareContextLoaderDelegate from class [org.springframework.test.context.cache.DefaultCacheAwareContextLoaderDelegate]
15:13:04.155 [main] DEBUG org.springframework.test.context.BootstrapUtils - Instantiating BootstrapContext using constructor [public org.springframework.test.context.support.DefaultBootstrapContext(java.lang.Class,org.springframework.test.context.CacheAwareContextLoaderDelegate)]
15:13:04.251 [main] DEBUG org.springframework.test.context.BootstrapUtils - Instantiating TestContextBootstrapper for test class [net.revature.binarybuiltbyte.project2.AddressTest] from class [org.springframework.boot.test.context.SpringBootTestContextBootstrapper]
15:13:04.282 [main] INFO org.springframework.boot.test.context.SpringBootTestContextBootstrapper - Neither @ContextConfiguration nor @ContextHierarchy found for test class [net.revature.binarybuiltbyte.project2.AddressTest], using SpringBootContextLoader
15:13:04.290 [main] DEBUG org.springframework.test.context.support.AbstractContextLoader - Did not detect default resource location for test class [net.revature.binarybuiltbyte.project2.AddressTest]: class path resource [net/revature/binarybuiltbyte/project2/AddressTest-context.xml] does not exist
15:13:04.291 [main] DEBUG org.springframework.test.context.support.AbstractContextLoader - Did not detect default resource location for test class [net.revature.binarybuiltbyte.project2.AddressTest]: class path resource [net/revature/binarybuiltbyte/project2/AddressTestContext.groovy] does not exist
15:13:04.292 [main] INFO org.springframework.test.context.support.AbstractContextLoader - Could not detect default resource locations for test class [net.revature.binarybuiltbyte.project2.AddressTest]: no resource found for suffixes {-context.xml, Context.groovy}.
15:13:04.293 [main] INFO org.springframework.test.context.support.AnnotationConfigContextLoaderUtils - Could not detect default configuration classes for test class [net.revature.binarybuiltbyte.project2.AddressTest]: AddressTest does not declare any static, non-private, non-final, nested classes annotated with @Configuration.
15:13:04.441 [main] DEBUG org.springframework.test.context.support.ActiveProfilesUtils - Could not find an 'annotation declaring class' for annotation type [org.springframework.test.context.ActiveProfiles] and class [net.revature.binarybuiltbyte.project2.AddressTest]
15:13:04.614 [main] DEBUG org.springframework.context.annotation.ClassPathScanningCandidateComponentProvider - Identified candidate component class: file [C:\Users\Shadow\Desktop\ByteBuilders-Project2\ByteBuildersBackEnd\project2-backend\target\classes\net\revature\binarybuiltbyte\project2\Project2Application.class]
15:13:04.620 [main] INFO org.springframework.boot.test.context.SpringBootTestContextBootstrapper - Found @SpringBootConfiguration net.revature.binarybuiltbyte.project2.Project2Application for test class net.revature.binarybuiltbyte.project2.AddressTest
15:13:04.892 [main] DEBUG org.springframework.boot.test.context.SpringBootTestContextBootstrapper - @TestExecutionListeners is not present for class [net.revature.binarybuiltbyte.project2.AddressTest]: using defaults.
15:13:04.893 [main] INFO org.springframework.boot.test.context.SpringBootTestContextBootstrapper - Loaded default TestExecutionListener class names from location [META-INF/spring.factories]: [org.springframework.boot.test.mock.mockito.MockitoTestExecutionListener, org.springframework.boot.test.mock.mockito.ResetMocksTestExecutionListener, org.springframework.boot.test.autoconfigure.restdocs.RestDocsTestExecutionListener, org.springframework.boot.test.autoconfigure.web.client.MockRestServiceServerResetTestExecutionListener, org.springframework.boot.test.autoconfigure.web.servlet.MockMvcPrintOnlyOnFailureTestExecutionListener, org.springframework.boot.test.autoconfigure.web.servlet.WebDriverTestExecutionListener, org.springframework.boot.test.autoconfigure.webservices.client.MockWebServiceServerTestExecutionListener, org.springframework.test.context.web.ServletTestExecutionListener, org.springframework.test.context.support.DirtiesContextBeforeModesTestExecutionListener, org.springframework.test.context.event.ApplicationEventsTestExecutionListener, org.springframework.test.context.support.DependencyInjectionTestExecutionListener, org.springframework.test.context.support.DirtiesContextTestExecutionListener, org.springframework.test.context.transaction.TransactionalTestExecutionListener, org.springframework.test.context.jdbc.SqlScriptsTestExecutionListener, org.springframework.test.context.event.EventPublishingTestExecutionListener, org.springframework.security.test.context.support.WithSecurityContextTestExecutionListener, org.springframework.security.test.context.support.ReactorContextTestExecutionListener]
15:13:04.961 [main] INFO org.springframework.boot.test.context.SpringBootTestContextBootstrapper - Using TestExecutionListeners: [org.springframework.test.context.web.ServletTestExecutionListener@780ee3ad, org.springframework.test.context.support.DirtiesContextBeforeModesTestExecutionListener@2c2aab92, org.springframework.test.context.event.ApplicationEventsTestExecutionListener@857f74a, org.springframework.boot.test.mock.mockito.MockitoTestExecutionListener@10a0d93a, org.springframework.boot.test.autoconfigure.SpringBootDependencyInjectionTestExecutionListener@1f3c5308, org.springframework.test.context.support.DirtiesContextTestExecutionListener@66b31d46, org.springframework.test.context.transaction.TransactionalTestExecutionListener@51e94b7d, org.springframework.test.context.jdbc.SqlScriptsTestExecutionListener@47162173, org.springframework.test.context.event.EventPublishingTestExecutionListener@3a4f8e8a, org.springframework.security.test.context.support.WithSecurityContextTestExecutionListener@4468fda8, org.springframework.security.test.context.support.ReactorContextTestExecutionListener@5fc1e4fb, org.springframework.boot.test.mock.mockito.ResetMocksTestExecutionListener@29aa4bc9, org.springframework.boot.test.autoconfigure.restdocs.RestDocsTestExecutionListener@6fd7aba8, org.springframework.boot.test.autoconfigure.web.client.MockRestServiceServerResetTestExecutionListener@6c519e47, org.springframework.boot.test.autoconfigure.web.servlet.MockMvcPrintOnlyOnFailureTestExecutionListener@3ce7490a, org.springframework.boot.test.autoconfigure.web.servlet.WebDriverTestExecutionListener@4768b95c, org.springframework.boot.test.autoconfigure.webservices.client.MockWebServiceServerTestExecutionListener@1530d0f2]
15:13:04.966 [main] DEBUG org.springframework.test.annotation.ProfileValueUtils - Retrieved @ProfileValueSourceConfiguration [null] for test class [net.revature.binarybuiltbyte.project2.AddressTest]
15:13:04.968 [main] DEBUG org.springframework.test.annotation.ProfileValueUtils - Retrieved ProfileValueSource type [class org.springframework.test.annotation.SystemProfileValueSource] for class [net.revature.binarybuiltbyte.project2.AddressTest]
15:13:04.970 [main] DEBUG org.springframework.test.annotation.ProfileValueUtils - Retrieved @ProfileValueSourceConfiguration [null] for test class [net.revature.binarybuiltbyte.project2.AddressTest]
15:13:04.970 [main] DEBUG org.springframework.test.annotation.ProfileValueUtils - Retrieved ProfileValueSource type [class org.springframework.test.annotation.SystemProfileValueSource] for class [net.revature.binarybuiltbyte.project2.AddressTest]
15:13:04.978 [main] DEBUG org.springframework.test.annotation.ProfileValueUtils - Retrieved @ProfileValueSourceConfiguration [null] for test class [net.revature.binarybuiltbyte.project2.AddressTest]
15:13:04.978 [main] DEBUG org.springframework.test.annotation.ProfileValueUtils - Retrieved ProfileValueSource type [class org.springframework.test.annotation.SystemProfileValueSource] for class [net.revature.binarybuiltbyte.project2.AddressTest]
15:13:05.023 [main] DEBUG org.springframework.test.context.junit4.SpringJUnit4ClassRunner - SpringJUnit4ClassRunner constructor called with [class net.revature.binarybuiltbyte.project2.ByteUserTest]
15:13:05.023 [main] DEBUG org.springframework.test.context.BootstrapUtils - Instantiating CacheAwareContextLoaderDelegate from class [org.springframework.test.context.cache.DefaultCacheAwareContextLoaderDelegate]
15:13:05.024 [main] DEBUG org.springframework.test.context.BootstrapUtils - Instantiating BootstrapContext using constructor [public org.springframework.test.context.support.DefaultBootstrapContext(java.lang.Class,org.springframework.test.context.CacheAwareContextLoaderDelegate)]
15:13:05.024 [main] DEBUG org.springframework.test.context.BootstrapUtils - Instantiating TestContextBootstrapper for test class [net.revature.binarybuiltbyte.project2.ByteUserTest] from class [org.springframework.boot.test.context.SpringBootTestContextBootstrapper]
15:13:05.025 [main] INFO org.springframework.boot.test.context.SpringBootTestContextBootstrapper - Neither @ContextConfiguration nor @ContextHierarchy found for test class [net.revature.binarybuiltbyte.project2.ByteUserTest], using SpringBootContextLoader
15:13:05.027 [main] DEBUG org.springframework.test.context.support.AbstractContextLoader - Did not detect default resource location for test class [net.revature.binarybuiltbyte.project2.ByteUserTest]: class path resource [net/revature/binarybuiltbyte/project2/ByteUserTest-context.xml] does not exist
15:13:05.028 [main] DEBUG org.springframework.test.context.support.AbstractContextLoader - Did not detect default resource location for test class [net.revature.binarybuiltbyte.project2.ByteUserTest]: class path resource [net/revature/binarybuiltbyte/project2/ByteUserTestContext.groovy] does not exist
15:13:05.028 [main] INFO org.springframework.test.context.support.AbstractContextLoader - Could not detect default resource locations for test class [net.revature.binarybuiltbyte.project2.ByteUserTest]: no resource found for suffixes {-context.xml, Context.groovy}.
15:13:05.028 [main] INFO org.springframework.test.context.support.AnnotationConfigContextLoaderUtils - Could not detect default configuration classes for test class [net.revature.binarybuiltbyte.project2.ByteUserTest]: ByteUserTest does not declare any static, non-private, non-final, nested classes annotated with @Configuration.
15:13:05.035 [main] DEBUG org.springframework.test.context.support.ActiveProfilesUtils - Could not find an 'annotation declaring class' for annotation type [org.springframework.test.context.ActiveProfiles] and class [net.revature.binarybuiltbyte.project2.ByteUserTest]
15:13:05.036 [main] INFO org.springframework.boot.test.context.SpringBootTestContextBootstrapper - Found @SpringBootConfiguration net.revature.binarybuiltbyte.project2.Project2Application for test class net.revature.binarybuiltbyte.project2.ByteUserTest
15:13:05.040 [main] DEBUG org.springframework.boot.test.context.SpringBootTestContextBootstrapper - @TestExecutionListeners is not present for class [net.revature.binarybuiltbyte.project2.ByteUserTest]: using defaults.
15:13:05.041 [main] INFO org.springframework.boot.test.context.SpringBootTestContextBootstrapper - Loaded default TestExecutionListener class names from location [META-INF/spring.factories]: [org.springframework.boot.test.mock.mockito.MockitoTestExecutionListener, org.springframework.boot.test.mock.mockito.ResetMocksTestExecutionListener, org.springframework.boot.test.autoconfigure.restdocs.RestDocsTestExecutionListener, org.springframework.boot.test.autoconfigure.web.client.MockRestServiceServerResetTestExecutionListener, org.springframework.boot.test.autoconfigure.web.servlet.MockMvcPrintOnlyOnFailureTestExecutionListener, org.springframework.boot.test.autoconfigure.web.servlet.WebDriverTestExecutionListener, org.springframework.boot.test.autoconfigure.webservices.client.MockWebServiceServerTestExecutionListener, org.springframework.test.context.web.ServletTestExecutionListener, org.springframework.test.context.support.DirtiesContextBeforeModesTestExecutionListener, org.springframework.test.context.event.ApplicationEventsTestExecutionListener, org.springframework.test.context.support.DependencyInjectionTestExecutionListener, org.springframework.test.context.support.DirtiesContextTestExecutionListener, org.springframework.test.context.transaction.TransactionalTestExecutionListener, org.springframework.test.context.jdbc.SqlScriptsTestExecutionListener, org.springframework.test.context.event.EventPublishingTestExecutionListener, org.springframework.security.test.context.support.WithSecurityContextTestExecutionListener, org.springframework.security.test.context.support.ReactorContextTestExecutionListener]
15:13:05.042 [main] INFO org.springframework.boot.test.context.SpringBootTestContextBootstrapper - Using TestExecutionListeners: [org.springframework.test.context.web.ServletTestExecutionListener@5f3ddc86, org.springframework.test.context.support.DirtiesContextBeforeModesTestExecutionListener@78e043e4, org.springframework.test.context.event.ApplicationEventsTestExecutionListener@336d28a1, org.springframework.boot.test.mock.mockito.MockitoTestExecutionListener@738a39cc, org.springframework.boot.test.autoconfigure.SpringBootDependencyInjectionTestExecutionListener@42e202d7, org.springframework.test.context.support.DirtiesContextTestExecutionListener@38e7860c, org.springframework.test.context.transaction.TransactionalTestExecutionListener@62158991, org.springframework.test.context.jdbc.SqlScriptsTestExecutionListener@40738846, org.springframework.test.context.event.EventPublishingTestExecutionListener@1255de25, org.springframework.security.test.context.support.WithSecurityContextTestExecutionListener@1686ed85, org.springframework.security.test.context.support.ReactorContextTestExecutionListener@5891b7c5, org.springframework.boot.test.mock.mockito.ResetMocksTestExecutionListener@4fc3529, org.springframework.boot.test.autoconfigure.restdocs.RestDocsTestExecutionListener@38e46765, org.springframework.boot.test.autoconfigure.web.client.MockRestServiceServerResetTestExecutionListener@192f5f39, org.springframework.boot.test.autoconfigure.web.servlet.MockMvcPrintOnlyOnFailureTestExecutionListener@4cd5fc46, org.springframework.boot.test.autoconfigure.web.servlet.WebDriverTestExecutionListener@2965dd88, org.springframework.boot.test.autoconfigure.webservices.client.MockWebServiceServerTestExecutionListener@3221588e]
15:13:05.042 [main] DEBUG org.springframework.test.annotation.ProfileValueUtils - Retrieved @ProfileValueSourceConfiguration [null] for test class [net.revature.binarybuiltbyte.project2.ByteUserTest]
15:13:05.042 [main] DEBUG org.springframework.test.annotation.ProfileValueUtils - Retrieved ProfileValueSource type [class org.springframework.test.annotation.SystemProfileValueSource] for class [net.revature.binarybuiltbyte.project2.ByteUserTest]
15:13:05.043 [main] DEBUG org.springframework.test.annotation.ProfileValueUtils - Retrieved @ProfileValueSourceConfiguration [null] for test class [net.revature.binarybuiltbyte.project2.ByteUserTest]
15:13:05.043 [main] DEBUG org.springframework.test.annotation.ProfileValueUtils - Retrieved ProfileValueSource type [class org.springframework.test.annotation.SystemProfileValueSource] for class [net.revature.binarybuiltbyte.project2.ByteUserTest]
15:13:05.043 [main] DEBUG org.springframework.test.annotation.ProfileValueUtils - Retrieved @ProfileValueSourceConfiguration [null] for test class [net.revature.binarybuiltbyte.project2.ByteUserTest]
15:13:05.043 [main] DEBUG org.springframework.test.annotation.ProfileValueUtils - Retrieved ProfileValueSource type [class org.springframework.test.annotation.SystemProfileValueSource] for class [net.revature.binarybuiltbyte.project2.ByteUserTest]
15:13:05.049 [main] DEBUG org.springframework.test.context.junit4.SpringJUnit4ClassRunner - SpringJUnit4ClassRunner constructor called with [class net.revature.binarybuiltbyte.project2.CategoryTest]
15:13:05.049 [main] DEBUG org.springframework.test.context.BootstrapUtils - Instantiating CacheAwareContextLoaderDelegate from class [org.springframework.test.context.cache.DefaultCacheAwareContextLoaderDelegate]
15:13:05.049 [main] DEBUG org.springframework.test.context.BootstrapUtils - Instantiating BootstrapContext using constructor [public org.springframework.test.context.support.DefaultBootstrapContext(java.lang.Class,org.springframework.test.context.CacheAwareContextLoaderDelegate)]
15:13:05.050 [main] DEBUG org.springframework.test.context.BootstrapUtils - Instantiating TestContextBootstrapper for test class [net.revature.binarybuiltbyte.project2.CategoryTest] from class [org.springframework.boot.test.context.SpringBootTestContextBootstrapper]
15:13:05.051 [main] INFO org.springframework.boot.test.context.SpringBootTestContextBootstrapper - Neither @ContextConfiguration nor @ContextHierarchy found for test class [net.revature.binarybuiltbyte.project2.CategoryTest], using SpringBootContextLoader
15:13:05.052 [main] DEBUG org.springframework.test.context.support.AbstractContextLoader - Did not detect default resource location for test class [net.revature.binarybuiltbyte.project2.CategoryTest]: class path resource [net/revature/binarybuiltbyte/project2/CategoryTest-context.xml] does not exist
15:13:05.053 [main] DEBUG org.springframework.test.context.support.AbstractContextLoader - Did not detect default resource location for test class [net.revature.binarybuiltbyte.project2.CategoryTest]: class path resource [net/revature/binarybuiltbyte/project2/CategoryTestContext.groovy] does not exist
15:13:05.053 [main] INFO org.springframework.test.context.support.AbstractContextLoader - Could not detect default resource locations for test class [net.revature.binarybuiltbyte.project2.CategoryTest]: no resource found for suffixes {-context.xml, Context.groovy}.
15:13:05.053 [main] INFO org.springframework.test.context.support.AnnotationConfigContextLoaderUtils - Could not detect default configuration classes for test class [net.revature.binarybuiltbyte.project2.CategoryTest]: CategoryTest does not declare any static, non-private, non-final, nested classes annotated with @Configuration.
15:13:05.060 [main] DEBUG org.springframework.test.context.support.ActiveProfilesUtils - Could not find an 'annotation declaring class' for annotation type [org.springframework.test.context.ActiveProfiles] and class [net.revature.binarybuiltbyte.project2.CategoryTest]
15:13:05.061 [main] INFO org.springframework.boot.test.context.SpringBootTestContextBootstrapper - Found @SpringBootConfiguration net.revature.binarybuiltbyte.project2.Project2Application for test class net.revature.binarybuiltbyte.project2.CategoryTest
15:13:05.064 [main] DEBUG org.springframework.boot.test.context.SpringBootTestContextBootstrapper - @TestExecutionListeners is not present for class [net.revature.binarybuiltbyte.project2.CategoryTest]: using defaults.
15:13:05.065 [main] INFO org.springframework.boot.test.context.SpringBootTestContextBootstrapper - Loaded default TestExecutionListener class names from location [META-INF/spring.factories]: [org.springframework.boot.test.mock.mockito.MockitoTestExecutionListener, org.springframework.boot.test.mock.mockito.ResetMocksTestExecutionListener, org.springframework.boot.test.autoconfigure.restdocs.RestDocsTestExecutionListener, org.springframework.boot.test.autoconfigure.web.client.MockRestServiceServerResetTestExecutionListener, org.springframework.boot.test.autoconfigure.web.servlet.MockMvcPrintOnlyOnFailureTestExecutionListener, org.springframework.boot.test.autoconfigure.web.servlet.WebDriverTestExecutionListener, org.springframework.boot.test.autoconfigure.webservices.client.MockWebServiceServerTestExecutionListener, org.springframework.test.context.web.ServletTestExecutionListener, org.springframework.test.context.support.DirtiesContextBeforeModesTestExecutionListener, org.springframework.test.context.event.ApplicationEventsTestExecutionListener, org.springframework.test.context.support.DependencyInjectionTestExecutionListener, org.springframework.test.context.support.DirtiesContextTestExecutionListener, org.springframework.test.context.transaction.TransactionalTestExecutionListener, org.springframework.test.context.jdbc.SqlScriptsTestExecutionListener, org.springframework.test.context.event.EventPublishingTestExecutionListener, org.springframework.security.test.context.support.WithSecurityContextTestExecutionListener, org.springframework.security.test.context.support.ReactorContextTestExecutionListener]
15:13:05.066 [main] INFO org.springframework.boot.test.context.SpringBootTestContextBootstrapper - Using TestExecutionListeners: [org.springframework.test.context.web.ServletTestExecutionListener@eb1d475, org.springframework.test.context.support.DirtiesContextBeforeModesTestExecutionListener@389008d1, org.springframework.test.context.event.ApplicationEventsTestExecutionListener@718f3088, org.springframework.boot.test.mock.mockito.MockitoTestExecutionListener@11adab6d, org.springframework.boot.test.autoconfigure.SpringBootDependencyInjectionTestExecutionListener@11bfd751, org.springframework.test.context.support.DirtiesContextTestExecutionListener@29519337, org.springframework.test.context.transaction.TransactionalTestExecutionListener@2152fde5, org.springframework.test.context.jdbc.SqlScriptsTestExecutionListener@5d58dc61, org.springframework.test.context.event.EventPublishingTestExecutionListener@32328dc4, org.springframework.security.test.context.support.WithSecurityContextTestExecutionListener@17df689e, org.springframework.security.test.context.support.ReactorContextTestExecutionListener@21540255, org.springframework.boot.test.mock.mockito.ResetMocksTestExecutionListener@3a7469ca, org.springframework.boot.test.autoconfigure.restdocs.RestDocsTestExecutionListener@1c8e8fed, org.springframework.boot.test.autoconfigure.web.client.MockRestServiceServerResetTestExecutionListener@70f98f7a, org.springframework.boot.test.autoconfigure.web.servlet.MockMvcPrintOnlyOnFailureTestExecutionListener@713e7d9a, org.springframework.boot.test.autoconfigure.web.servlet.WebDriverTestExecutionListener@681d704e, org.springframework.boot.test.autoconfigure.webservices.client.MockWebServiceServerTestExecutionListener@846b47]
15:13:05.066 [main] DEBUG org.springframework.test.annotation.ProfileValueUtils - Retrieved @ProfileValueSourceConfiguration [null] for test class [net.revature.binarybuiltbyte.project2.CategoryTest]
15:13:05.066 [main] DEBUG org.springframework.test.annotation.ProfileValueUtils - Retrieved ProfileValueSource type [class org.springframework.test.annotation.SystemProfileValueSource] for class [net.revature.binarybuiltbyte.project2.CategoryTest]
15:13:05.066 [main] DEBUG org.springframework.test.annotation.ProfileValueUtils - Retrieved @ProfileValueSourceConfiguration [null] for test class [net.revature.binarybuiltbyte.project2.CategoryTest]
15:13:05.067 [main] DEBUG org.springframework.test.annotation.ProfileValueUtils - Retrieved ProfileValueSource type [class org.springframework.test.annotation.SystemProfileValueSource] for class [net.revature.binarybuiltbyte.project2.CategoryTest]
15:13:05.067 [main] DEBUG org.springframework.test.annotation.ProfileValueUtils - Retrieved @ProfileValueSourceConfiguration [null] for test class [net.revature.binarybuiltbyte.project2.CategoryTest]
15:13:05.067 [main] DEBUG org.springframework.test.annotation.ProfileValueUtils - Retrieved ProfileValueSource type [class org.springframework.test.annotation.SystemProfileValueSource] for class [net.revature.binarybuiltbyte.project2.CategoryTest]
15:13:05.076 [main] DEBUG org.springframework.test.context.junit4.SpringJUnit4ClassRunner - SpringJUnit4ClassRunner constructor called with [class net.revature.binarybuiltbyte.project2.PaymentTest]
15:13:05.076 [main] DEBUG org.springframework.test.context.BootstrapUtils - Instantiating CacheAwareContextLoaderDelegate from class [org.springframework.test.context.cache.DefaultCacheAwareContextLoaderDelegate]
15:13:05.076 [main] DEBUG org.springframework.test.context.BootstrapUtils - Instantiating BootstrapContext using constructor [public org.springframework.test.context.support.DefaultBootstrapContext(java.lang.Class,org.springframework.test.context.CacheAwareContextLoaderDelegate)]
15:13:05.077 [main] DEBUG org.springframework.test.context.BootstrapUtils - Instantiating TestContextBootstrapper for test class [net.revature.binarybuiltbyte.project2.PaymentTest] from class [org.springframework.boot.test.context.SpringBootTestContextBootstrapper]
15:13:05.078 [main] INFO org.springframework.boot.test.context.SpringBootTestContextBootstrapper - Neither @ContextConfiguration nor @ContextHierarchy found for test class [net.revature.binarybuiltbyte.project2.PaymentTest], using SpringBootContextLoader
15:13:05.079 [main] DEBUG org.springframework.test.context.support.AbstractContextLoader - Did not detect default resource location for test class [net.revature.binarybuiltbyte.project2.PaymentTest]: class path resource [net/revature/binarybuiltbyte/project2/PaymentTest-context.xml] does not exist
15:13:05.080 [main] DEBUG org.springframework.test.context.support.AbstractContextLoader - Did not detect default resource location for test class [net.revature.binarybuiltbyte.project2.PaymentTest]: class path resource [net/revature/binarybuiltbyte/project2/PaymentTestContext.groovy] does not exist
15:13:05.081 [main] INFO org.springframework.test.context.support.AbstractContextLoader - Could not detect default resource locations for test class [net.revature.binarybuiltbyte.project2.PaymentTest]: no resource found for suffixes {-context.xml, Context.groovy}.
15:13:05.081 [main] INFO org.springframework.test.context.support.AnnotationConfigContextLoaderUtils - Could not detect default configuration classes for test class [net.revature.binarybuiltbyte.project2.PaymentTest]: PaymentTest does not declare any static, non-private, non-final, nested classes annotated with @Configuration.
15:13:05.087 [main] DEBUG org.springframework.test.context.support.ActiveProfilesUtils - Could not find an 'annotation declaring class' for annotation type [org.springframework.test.context.ActiveProfiles] and class [net.revature.binarybuiltbyte.project2.PaymentTest]
15:13:05.088 [main] INFO org.springframework.boot.test.context.SpringBootTestContextBootstrapper - Found @SpringBootConfiguration net.revature.binarybuiltbyte.project2.Project2Application for test class net.revature.binarybuiltbyte.project2.PaymentTest
15:13:05.092 [main] DEBUG org.springframework.boot.test.context.SpringBootTestContextBootstrapper - @TestExecutionListeners is not present for class [net.revature.binarybuiltbyte.project2.PaymentTest]: using defaults.
15:13:05.092 [main] INFO org.springframework.boot.test.context.SpringBootTestContextBootstrapper - Loaded default TestExecutionListener class names from location [META-INF/spring.factories]: [org.springframework.boot.test.mock.mockito.MockitoTestExecutionListener, org.springframework.boot.test.mock.mockito.ResetMocksTestExecutionListener, org.springframework.boot.test.autoconfigure.restdocs.RestDocsTestExecutionListener, org.springframework.boot.test.autoconfigure.web.client.MockRestServiceServerResetTestExecutionListener, org.springframework.boot.test.autoconfigure.web.servlet.MockMvcPrintOnlyOnFailureTestExecutionListener, org.springframework.boot.test.autoconfigure.web.servlet.WebDriverTestExecutionListener, org.springframework.boot.test.autoconfigure.webservices.client.MockWebServiceServerTestExecutionListener, org.springframework.test.context.web.ServletTestExecutionListener, org.springframework.test.context.support.DirtiesContextBeforeModesTestExecutionListener, org.springframework.test.context.event.ApplicationEventsTestExecutionListener, org.springframework.test.context.support.DependencyInjectionTestExecutionListener, org.springframework.test.context.support.DirtiesContextTestExecutionListener, org.springframework.test.context.transaction.TransactionalTestExecutionListener, org.springframework.test.context.jdbc.SqlScriptsTestExecutionListener, org.springframework.test.context.event.EventPublishingTestExecutionListener, org.springframework.security.test.context.support.WithSecurityContextTestExecutionListener, org.springframework.security.test.context.support.ReactorContextTestExecutionListener]
15:13:05.094 [main] INFO org.springframework.boot.test.context.SpringBootTestContextBootstrapper - Using TestExecutionListeners: [org.springframework.test.context.web.ServletTestExecutionListener@adc8683, org.springframework.test.context.support.DirtiesContextBeforeModesTestExecutionListener@4eac65db, org.springframework.test.context.event.ApplicationEventsTestExecutionListener@dde6f87, org.springframework.boot.test.mock.mockito.MockitoTestExecutionListener@7884f722, org.springframework.boot.test.autoconfigure.SpringBootDependencyInjectionTestExecutionListener@16029e2f, org.springframework.test.context.support.DirtiesContextTestExecutionListener@3b2db389, org.springframework.test.context.transaction.TransactionalTestExecutionListener@45f1413c, org.springframework.test.context.jdbc.SqlScriptsTestExecutionListener@1a139347, org.springframework.test.context.event.EventPublishingTestExecutionListener@186295cc, org.springframework.security.test.context.support.WithSecurityContextTestExecutionListener@4e85dcb2, org.springframework.security.test.context.support.ReactorContextTestExecutionListener@1b28cff, org.springframework.boot.test.mock.mockito.ResetMocksTestExecutionListener@73dbe25, org.springframework.boot.test.autoconfigure.restdocs.RestDocsTestExecutionListener@bfd97fb, org.springframework.boot.test.autoconfigure.web.client.MockRestServiceServerResetTestExecutionListener@6bfdaa7a, org.springframework.boot.test.autoconfigure.web.servlet.MockMvcPrintOnlyOnFailureTestExecutionListener@7e3d168e, org.springframework.boot.test.autoconfigure.web.servlet.WebDriverTestExecutionListener@149b53fa, org.springframework.boot.test.autoconfigure.webservices.client.MockWebServiceServerTestExecutionListener@73be4cdd]
15:13:05.094 [main] DEBUG org.springframework.test.annotation.ProfileValueUtils - Retrieved @ProfileValueSourceConfiguration [null] for test class [net.revature.binarybuiltbyte.project2.PaymentTest]
15:13:05.094 [main] DEBUG org.springframework.test.annotation.ProfileValueUtils - Retrieved ProfileValueSource type [class org.springframework.test.annotation.SystemProfileValueSource] for class [net.revature.binarybuiltbyte.project2.PaymentTest]
15:13:05.095 [main] DEBUG org.springframework.test.annotation.ProfileValueUtils - Retrieved @ProfileValueSourceConfiguration [null] for test class [net.revature.binarybuiltbyte.project2.PaymentTest]
15:13:05.095 [main] DEBUG org.springframework.test.annotation.ProfileValueUtils - Retrieved ProfileValueSource type [class org.springframework.test.annotation.SystemProfileValueSource] for class [net.revature.binarybuiltbyte.project2.PaymentTest]
15:13:05.095 [main] DEBUG org.springframework.test.annotation.ProfileValueUtils - Retrieved @ProfileValueSourceConfiguration [null] for test class [net.revature.binarybuiltbyte.project2.PaymentTest]
15:13:05.098 [main] DEBUG org.springframework.test.annotation.ProfileValueUtils - Retrieved ProfileValueSource type [class org.springframework.test.annotation.SystemProfileValueSource] for class [net.revature.binarybuiltbyte.project2.PaymentTest]
15:13:05.104 [main] DEBUG org.springframework.test.context.junit4.SpringJUnit4ClassRunner - SpringJUnit4ClassRunner constructor called with [class net.revature.binarybuiltbyte.project2.ProductOrderTest]
15:13:05.104 [main] DEBUG org.springframework.test.context.BootstrapUtils - Instantiating CacheAwareContextLoaderDelegate from class [org.springframework.test.context.cache.DefaultCacheAwareContextLoaderDelegate]
15:13:05.104 [main] DEBUG org.springframework.test.context.BootstrapUtils - Instantiating BootstrapContext using constructor [public org.springframework.test.context.support.DefaultBootstrapContext(java.lang.Class,org.springframework.test.context.CacheAwareContextLoaderDelegate)]
15:13:05.105 [main] DEBUG org.springframework.test.context.BootstrapUtils - Instantiating TestContextBootstrapper for test class [net.revature.binarybuiltbyte.project2.ProductOrderTest] from class [org.springframework.boot.test.context.SpringBootTestContextBootstrapper]
15:13:05.106 [main] INFO org.springframework.boot.test.context.SpringBootTestContextBootstrapper - Neither @ContextConfiguration nor @ContextHierarchy found for test class [net.revature.binarybuiltbyte.project2.ProductOrderTest], using SpringBootContextLoader
15:13:05.107 [main] DEBUG org.springframework.test.context.support.AbstractContextLoader - Did not detect default resource location for test class [net.revature.binarybuiltbyte.project2.ProductOrderTest]: class path resource [net/revature/binarybuiltbyte/project2/ProductOrderTest-context.xml] does not exist
15:13:05.108 [main] DEBUG org.springframework.test.context.support.AbstractContextLoader - Did not detect default resource location for test class [net.revature.binarybuiltbyte.project2.ProductOrderTest]: class path resource [net/revature/binarybuiltbyte/project2/ProductOrderTestContext.groovy] does not exist
15:13:05.108 [main] INFO org.springframework.test.context.support.AbstractContextLoader - Could not detect default resource locations for test class [net.revature.binarybuiltbyte.project2.ProductOrderTest]: no resource found for suffixes {-context.xml, Context.groovy}.
15:13:05.108 [main] INFO org.springframework.test.context.support.AnnotationConfigContextLoaderUtils - Could not detect default configuration classes for test class [net.revature.binarybuiltbyte.project2.ProductOrderTest]: ProductOrderTest does not declare any static, non-private, non-final, nested classes annotated with @Configuration.
15:13:05.113 [main] DEBUG org.springframework.test.context.support.ActiveProfilesUtils - Could not find an 'annotation declaring class' for annotation type [org.springframework.test.context.ActiveProfiles] and class [net.revature.binarybuiltbyte.project2.ProductOrderTest]
15:13:05.114 [main] INFO org.springframework.boot.test.context.SpringBootTestContextBootstrapper - Found @SpringBootConfiguration net.revature.binarybuiltbyte.project2.Project2Application for test class net.revature.binarybuiltbyte.project2.ProductOrderTest
15:13:05.119 [main] DEBUG org.springframework.boot.test.context.SpringBootTestContextBootstrapper - @TestExecutionListeners is not present for class [net.revature.binarybuiltbyte.project2.ProductOrderTest]: using defaults.
15:13:05.119 [main] INFO org.springframework.boot.test.context.SpringBootTestContextBootstrapper - Loaded default TestExecutionListener class names from location [META-INF/spring.factories]: [org.springframework.boot.test.mock.mockito.MockitoTestExecutionListener, org.springframework.boot.test.mock.mockito.ResetMocksTestExecutionListener, org.springframework.boot.test.autoconfigure.restdocs.RestDocsTestExecutionListener, org.springframework.boot.test.autoconfigure.web.client.MockRestServiceServerResetTestExecutionListener, org.springframework.boot.test.autoconfigure.web.servlet.MockMvcPrintOnlyOnFailureTestExecutionListener, org.springframework.boot.test.autoconfigure.web.servlet.WebDriverTestExecutionListener, org.springframework.boot.test.autoconfigure.webservices.client.MockWebServiceServerTestExecutionListener, org.springframework.test.context.web.ServletTestExecutionListener, org.springframework.test.context.support.DirtiesContextBeforeModesTestExecutionListener, org.springframework.test.context.event.ApplicationEventsTestExecutionListener, org.springframework.test.context.support.DependencyInjectionTestExecutionListener, org.springframework.test.context.support.DirtiesContextTestExecutionListener, org.springframework.test.context.transaction.TransactionalTestExecutionListener, org.springframework.test.context.jdbc.SqlScriptsTestExecutionListener, org.springframework.test.context.event.EventPublishingTestExecutionListener, org.springframework.security.test.context.support.WithSecurityContextTestExecutionListener, org.springframework.security.test.context.support.ReactorContextTestExecutionListener]
15:13:05.121 [main] INFO org.springframework.boot.test.context.SpringBootTestContextBootstrapper - Using TestExecutionListeners: [org.springframework.test.context.web.ServletTestExecutionListener@2cadcff6, org.springframework.test.context.support.DirtiesContextBeforeModesTestExecutionListener@76e00bdb, org.springframework.test.context.event.ApplicationEventsTestExecutionListener@7ee2423, org.springframework.boot.test.mock.mockito.MockitoTestExecutionListener@343d1d25, org.springframework.boot.test.autoconfigure.SpringBootDependencyInjectionTestExecutionListener@762da62b, org.springframework.test.context.support.DirtiesContextTestExecutionListener@e5c5e6, org.springframework.test.context.transaction.TransactionalTestExecutionListener@76dc36e5, org.springframework.test.context.jdbc.SqlScriptsTestExecutionListener@2a54c92e, org.springframework.test.context.event.EventPublishingTestExecutionListener@31533eb1, org.springframework.security.test.context.support.WithSecurityContextTestExecutionListener@1fb71788, org.springframework.security.test.context.support.ReactorContextTestExecutionListener@8cb7185, org.springframework.boot.test.mock.mockito.ResetMocksTestExecutionListener@4dac40b, org.springframework.boot.test.autoconfigure.restdocs.RestDocsTestExecutionListener@2c54c497, org.springframework.boot.test.autoconfigure.web.client.MockRestServiceServerResetTestExecutionListener@b788dc2, org.springframework.boot.test.autoconfigure.web.servlet.MockMvcPrintOnlyOnFailureTestExecutionListener@58ec8271, org.springframework.boot.test.autoconfigure.web.servlet.WebDriverTestExecutionListener@a44effb, org.springframework.boot.test.autoconfigure.webservices.client.MockWebServiceServerTestExecutionListener@3ee258]
15:13:05.122 [main] DEBUG org.springframework.test.annotation.ProfileValueUtils - Retrieved @ProfileValueSourceConfiguration [null] for test class [net.revature.binarybuiltbyte.project2.ProductOrderTest]
15:13:05.122 [main] DEBUG org.springframework.test.annotation.ProfileValueUtils - Retrieved ProfileValueSource type [class org.springframework.test.annotation.SystemProfileValueSource] for class [net.revature.binarybuiltbyte.project2.ProductOrderTest]
15:13:05.122 [main] DEBUG org.springframework.test.annotation.ProfileValueUtils - Retrieved @ProfileValueSourceConfiguration [null] for test class [net.revature.binarybuiltbyte.project2.ProductOrderTest]
15:13:05.122 [main] DEBUG org.springframework.test.annotation.ProfileValueUtils - Retrieved ProfileValueSource type [class org.springframework.test.annotation.SystemProfileValueSource] for class [net.revature.binarybuiltbyte.project2.ProductOrderTest]
15:13:05.123 [main] DEBUG org.springframework.test.annotation.ProfileValueUtils - Retrieved @ProfileValueSourceConfiguration [null] for test class [net.revature.binarybuiltbyte.project2.ProductOrderTest]
15:13:05.123 [main] DEBUG org.springframework.test.annotation.ProfileValueUtils - Retrieved ProfileValueSource type [class org.springframework.test.annotation.SystemProfileValueSource] for class [net.revature.binarybuiltbyte.project2.ProductOrderTest]
15:13:05.130 [main] DEBUG org.springframework.test.context.junit4.SpringJUnit4ClassRunner - SpringJUnit4ClassRunner constructor called with [class net.revature.binarybuiltbyte.project2.ProductTest]
15:13:05.131 [main] DEBUG org.springframework.test.context.BootstrapUtils - Instantiating CacheAwareContextLoaderDelegate from class [org.springframework.test.context.cache.DefaultCacheAwareContextLoaderDelegate]
15:13:05.131 [main] DEBUG org.springframework.test.context.BootstrapUtils - Instantiating BootstrapContext using constructor [public org.springframework.test.context.support.DefaultBootstrapContext(java.lang.Class,org.springframework.test.context.CacheAwareContextLoaderDelegate)]
15:13:05.132 [main] DEBUG org.springframework.test.context.BootstrapUtils - Instantiating TestContextBootstrapper for test class [net.revature.binarybuiltbyte.project2.ProductTest] from class [org.springframework.boot.test.context.SpringBootTestContextBootstrapper]
15:13:05.133 [main] INFO org.springframework.boot.test.context.SpringBootTestContextBootstrapper - Neither @ContextConfiguration nor @ContextHierarchy found for test class [net.revature.binarybuiltbyte.project2.ProductTest], using SpringBootContextLoader
15:13:05.134 [main] DEBUG org.springframework.test.context.support.AbstractContextLoader - Did not detect default resource location for test class [net.revature.binarybuiltbyte.project2.ProductTest]: class path resource [net/revature/binarybuiltbyte/project2/ProductTest-context.xml] does not exist
15:13:05.135 [main] DEBUG org.springframework.test.context.support.AbstractContextLoader - Did not detect default resource location for test class [net.revature.binarybuiltbyte.project2.ProductTest]: class path resource [net/revature/binarybuiltbyte/project2/ProductTestContext.groovy] does not exist
15:13:05.135 [main] INFO org.springframework.test.context.support.AbstractContextLoader - Could not detect default resource locations for test class [net.revature.binarybuiltbyte.project2.ProductTest]: no resource found for suffixes {-context.xml, Context.groovy}.
15:13:05.135 [main] INFO org.springframework.test.context.support.AnnotationConfigContextLoaderUtils - Could not detect default configuration classes for test class [net.revature.binarybuiltbyte.project2.ProductTest]: ProductTest does not declare any static, non-private, non-final, nested classes annotated with @Configuration.
15:13:05.141 [main] DEBUG org.springframework.test.context.support.ActiveProfilesUtils - Could not find an 'annotation declaring class' for annotation type [org.springframework.test.context.ActiveProfiles] and class [net.revature.binarybuiltbyte.project2.ProductTest]
15:13:05.142 [main] INFO org.springframework.boot.test.context.SpringBootTestContextBootstrapper - Found @SpringBootConfiguration net.revature.binarybuiltbyte.project2.Project2Application for test class net.revature.binarybuiltbyte.project2.ProductTest
15:13:05.146 [main] DEBUG org.springframework.boot.test.context.SpringBootTestContextBootstrapper - @TestExecutionListeners is not present for class [net.revature.binarybuiltbyte.project2.ProductTest]: using defaults.
15:13:05.147 [main] INFO org.springframework.boot.test.context.SpringBootTestContextBootstrapper - Loaded default TestExecutionListener class names from location [META-INF/spring.factories]: [org.springframework.boot.test.mock.mockito.MockitoTestExecutionListener, org.springframework.boot.test.mock.mockito.ResetMocksTestExecutionListener, org.springframework.boot.test.autoconfigure.restdocs.RestDocsTestExecutionListener, org.springframework.boot.test.autoconfigure.web.client.MockRestServiceServerResetTestExecutionListener, org.springframework.boot.test.autoconfigure.web.servlet.MockMvcPrintOnlyOnFailureTestExecutionListener, org.springframework.boot.test.autoconfigure.web.servlet.WebDriverTestExecutionListener, org.springframework.boot.test.autoconfigure.webservices.client.MockWebServiceServerTestExecutionListener, org.springframework.test.context.web.ServletTestExecutionListener, org.springframework.test.context.support.DirtiesContextBeforeModesTestExecutionListener, org.springframework.test.context.event.ApplicationEventsTestExecutionListener, org.springframework.test.context.support.DependencyInjectionTestExecutionListener, org.springframework.test.context.support.DirtiesContextTestExecutionListener, org.springframework.test.context.transaction.TransactionalTestExecutionListener, org.springframework.test.context.jdbc.SqlScriptsTestExecutionListener, org.springframework.test.context.event.EventPublishingTestExecutionListener, org.springframework.security.test.context.support.WithSecurityContextTestExecutionListener, org.springframework.security.test.context.support.ReactorContextTestExecutionListener]
15:13:05.148 [main] INFO org.springframework.boot.test.context.SpringBootTestContextBootstrapper - Using TestExecutionListeners: [org.springframework.test.context.web.ServletTestExecutionListener@75d539b9, org.springframework.test.context.support.DirtiesContextBeforeModesTestExecutionListener@20f63ddc, org.springframework.test.context.event.ApplicationEventsTestExecutionListener@210c1b9d, org.springframework.boot.test.mock.mockito.MockitoTestExecutionListener@69bc4024, org.springframework.boot.test.autoconfigure.SpringBootDependencyInjectionTestExecutionListener@3578a45b, org.springframework.test.context.support.DirtiesContextTestExecutionListener@24f177f5, org.springframework.test.context.transaction.TransactionalTestExecutionListener@65e05005, org.springframework.test.context.jdbc.SqlScriptsTestExecutionListener@6ed691fd, org.springframework.test.context.event.EventPublishingTestExecutionListener@1efcba00, org.springframework.security.test.context.support.WithSecurityContextTestExecutionListener@311d28f5, org.springframework.security.test.context.support.ReactorContextTestExecutionListener@569a26ab, org.springframework.boot.test.mock.mockito.ResetMocksTestExecutionListener@c190cfc, org.springframework.boot.test.autoconfigure.restdocs.RestDocsTestExecutionListener@77ce8bc5, org.springframework.boot.test.autoconfigure.web.client.MockRestServiceServerResetTestExecutionListener@2fcc5f49, org.springframework.boot.test.autoconfigure.web.servlet.MockMvcPrintOnlyOnFailureTestExecutionListener@28e48b65, org.springframework.boot.test.autoconfigure.web.servlet.WebDriverTestExecutionListener@6cde0c69, org.springframework.boot.test.autoconfigure.webservices.client.MockWebServiceServerTestExecutionListener@6f4d2294]
15:13:05.149 [main] DEBUG org.springframework.test.annotation.ProfileValueUtils - Retrieved @ProfileValueSourceConfiguration [null] for test class [net.revature.binarybuiltbyte.project2.ProductTest]
15:13:05.149 [main] DEBUG org.springframework.test.annotation.ProfileValueUtils - Retrieved ProfileValueSource type [class org.springframework.test.annotation.SystemProfileValueSource] for class [net.revature.binarybuiltbyte.project2.ProductTest]
15:13:05.149 [main] DEBUG org.springframework.test.annotation.ProfileValueUtils - Retrieved @ProfileValueSourceConfiguration [null] for test class [net.revature.binarybuiltbyte.project2.ProductTest]
15:13:05.149 [main] DEBUG org.springframework.test.annotation.ProfileValueUtils - Retrieved ProfileValueSource type [class org.springframework.test.annotation.SystemProfileValueSource] for class [net.revature.binarybuiltbyte.project2.ProductTest]
15:13:05.150 [main] DEBUG org.springframework.test.annotation.ProfileValueUtils - Retrieved @ProfileValueSourceConfiguration [null] for test class [net.revature.binarybuiltbyte.project2.ProductTest]
15:13:05.150 [main] DEBUG org.springframework.test.annotation.ProfileValueUtils - Retrieved ProfileValueSource type [class org.springframework.test.annotation.SystemProfileValueSource] for class [net.revature.binarybuiltbyte.project2.ProductTest]
15:13:05.173 [main] DEBUG org.springframework.test.context.junit4.SpringJUnit4ClassRunner - SpringJUnit4ClassRunner constructor called with [class net.revature.binarybuiltbyte.project2.ReviewTest]
15:13:05.174 [main] DEBUG org.springframework.test.context.BootstrapUtils - Instantiating CacheAwareContextLoaderDelegate from class [org.springframework.test.context.cache.DefaultCacheAwareContextLoaderDelegate]
15:13:05.174 [main] DEBUG org.springframework.test.context.BootstrapUtils - Instantiating BootstrapContext using constructor [public org.springframework.test.context.support.DefaultBootstrapContext(java.lang.Class,org.springframework.test.context.CacheAwareContextLoaderDelegate)]
15:13:05.175 [main] DEBUG org.springframework.test.context.BootstrapUtils - Instantiating TestContextBootstrapper for test class [net.revature.binarybuiltbyte.project2.ReviewTest] from class [org.springframework.boot.test.context.SpringBootTestContextBootstrapper]
15:13:05.176 [main] INFO org.springframework.boot.test.context.SpringBootTestContextBootstrapper - Neither @ContextConfiguration nor @ContextHierarchy found for test class [net.revature.binarybuiltbyte.project2.ReviewTest], using SpringBootContextLoader
15:13:05.178 [main] DEBUG org.springframework.test.context.support.AbstractContextLoader - Did not detect default resource location for test class [net.revature.binarybuiltbyte.project2.ReviewTest]: class path resource [net/revature/binarybuiltbyte/project2/ReviewTest-context.xml] does not exist
15:13:05.179 [main] DEBUG org.springframework.test.context.support.AbstractContextLoader - Did not detect default resource location for test class [net.revature.binarybuiltbyte.project2.ReviewTest]: class path resource [net/revature/binarybuiltbyte/project2/ReviewTestContext.groovy] does not exist
15:13:05.179 [main] INFO org.springframework.test.context.support.AbstractContextLoader - Could not detect default resource locations for test class [net.revature.binarybuiltbyte.project2.ReviewTest]: no resource found for suffixes {-context.xml, Context.groovy}.
15:13:05.180 [main] INFO org.springframework.test.context.support.AnnotationConfigContextLoaderUtils - Could not detect default configuration classes for test class [net.revature.binarybuiltbyte.project2.ReviewTest]: ReviewTest does not declare any static, non-private, non-final, nested classes annotated with @Configuration.
15:13:05.185 [main] DEBUG org.springframework.test.context.support.ActiveProfilesUtils - Could not find an 'annotation declaring class' for annotation type [org.springframework.test.context.ActiveProfiles] and class [net.revature.binarybuiltbyte.project2.ReviewTest]
15:13:05.186 [main] INFO org.springframework.boot.test.context.SpringBootTestContextBootstrapper - Found @SpringBootConfiguration net.revature.binarybuiltbyte.project2.Project2Application for test class net.revature.binarybuiltbyte.project2.ReviewTest
15:13:05.190 [main] DEBUG org.springframework.boot.test.context.SpringBootTestContextBootstrapper - @TestExecutionListeners is not present for class [net.revature.binarybuiltbyte.project2.ReviewTest]: using defaults.
15:13:05.190 [main] INFO org.springframework.boot.test.context.SpringBootTestContextBootstrapper - Loaded default TestExecutionListener class names from location [META-INF/spring.factories]: [org.springframework.boot.test.mock.mockito.MockitoTestExecutionListener, org.springframework.boot.test.mock.mockito.ResetMocksTestExecutionListener, org.springframework.boot.test.autoconfigure.restdocs.RestDocsTestExecutionListener, org.springframework.boot.test.autoconfigure.web.client.MockRestServiceServerResetTestExecutionListener, org.springframework.boot.test.autoconfigure.web.servlet.MockMvcPrintOnlyOnFailureTestExecutionListener, org.springframework.boot.test.autoconfigure.web.servlet.WebDriverTestExecutionListener, org.springframework.boot.test.autoconfigure.webservices.client.MockWebServiceServerTestExecutionListener, org.springframework.test.context.web.ServletTestExecutionListener, org.springframework.test.context.support.DirtiesContextBeforeModesTestExecutionListener, org.springframework.test.context.event.ApplicationEventsTestExecutionListener, org.springframework.test.context.support.DependencyInjectionTestExecutionListener, org.springframework.test.context.support.DirtiesContextTestExecutionListener, org.springframework.test.context.transaction.TransactionalTestExecutionListener, org.springframework.test.context.jdbc.SqlScriptsTestExecutionListener, org.springframework.test.context.event.EventPublishingTestExecutionListener, org.springframework.security.test.context.support.WithSecurityContextTestExecutionListener, org.springframework.security.test.context.support.ReactorContextTestExecutionListener]
15:13:05.192 [main] INFO org.springframework.boot.test.context.SpringBootTestContextBootstrapper - Using TestExecutionListeners: [org.springframework.test.context.web.ServletTestExecutionListener@70f5f59d, org.springframework.test.context.support.DirtiesContextBeforeModesTestExecutionListener@74431832, org.springframework.test.context.event.ApplicationEventsTestExecutionListener@6fa2a006, org.springframework.boot.test.mock.mockito.MockitoTestExecutionListener@70592729, org.springframework.boot.test.autoconfigure.SpringBootDependencyInjectionTestExecutionListener@2fdf7da2, org.springframework.test.context.support.DirtiesContextTestExecutionListener@43b172e3, org.springframework.test.context.transaction.TransactionalTestExecutionListener@39695803, org.springframework.test.context.jdbc.SqlScriptsTestExecutionListener@304068, org.springframework.test.context.event.EventPublishingTestExecutionListener@54d60fa1, org.springframework.security.test.context.support.WithSecurityContextTestExecutionListener@1cb849b2, org.springframework.security.test.context.support.ReactorContextTestExecutionListener@6fe2a366, org.springframework.boot.test.mock.mockito.ResetMocksTestExecutionListener@6dd38df2, org.springframework.boot.test.autoconfigure.restdocs.RestDocsTestExecutionListener@99c3cee, org.springframework.boot.test.autoconfigure.web.client.MockRestServiceServerResetTestExecutionListener@57b711b6, org.springframework.boot.test.autoconfigure.web.servlet.MockMvcPrintOnlyOnFailureTestExecutionListener@2db461b5, org.springframework.boot.test.autoconfigure.web.servlet.WebDriverTestExecutionListener@5c79c5ec, org.springframework.boot.test.autoconfigure.webservices.client.MockWebServiceServerTestExecutionListener@34eaf9c1]
15:13:05.192 [main] DEBUG org.springframework.test.annotation.ProfileValueUtils - Retrieved @ProfileValueSourceConfiguration [null] for test class [net.revature.binarybuiltbyte.project2.ReviewTest]
15:13:05.192 [main] DEBUG org.springframework.test.annotation.ProfileValueUtils - Retrieved ProfileValueSource type [class org.springframework.test.annotation.SystemProfileValueSource] for class [net.revature.binarybuiltbyte.project2.ReviewTest]
15:13:05.193 [main] DEBUG org.springframework.test.annotation.ProfileValueUtils - Retrieved @ProfileValueSourceConfiguration [null] for test class [net.revature.binarybuiltbyte.project2.ReviewTest]
15:13:05.193 [main] DEBUG org.springframework.test.annotation.ProfileValueUtils - Retrieved ProfileValueSource type [class org.springframework.test.annotation.SystemProfileValueSource] for class [net.revature.binarybuiltbyte.project2.ReviewTest]
15:13:05.193 [main] DEBUG org.springframework.test.annotation.ProfileValueUtils - Retrieved @ProfileValueSourceConfiguration [null] for test class [net.revature.binarybuiltbyte.project2.ReviewTest]
15:13:05.193 [main] DEBUG org.springframework.test.annotation.ProfileValueUtils - Retrieved ProfileValueSource type [class org.springframework.test.annotation.SystemProfileValueSource] for class [net.revature.binarybuiltbyte.project2.ReviewTest]
15:13:05.205 [main] DEBUG org.springframework.test.context.junit4.SpringJUnit4ClassRunner - SpringJUnit4ClassRunner constructor called with [class net.revature.binarybuiltbyte.project2.AddressTest]
15:13:05.205 [main] DEBUG org.springframework.test.context.BootstrapUtils - Instantiating CacheAwareContextLoaderDelegate from class [org.springframework.test.context.cache.DefaultCacheAwareContextLoaderDelegate]
15:13:05.205 [main] DEBUG org.springframework.test.context.BootstrapUtils - Instantiating BootstrapContext using constructor [public org.springframework.test.context.support.DefaultBootstrapContext(java.lang.Class,org.springframework.test.context.CacheAwareContextLoaderDelegate)]
15:13:05.206 [main] DEBUG org.springframework.test.context.BootstrapUtils - Instantiating TestContextBootstrapper for test class [net.revature.binarybuiltbyte.project2.AddressTest] from class [org.springframework.boot.test.context.SpringBootTestContextBootstrapper]
15:13:05.207 [main] INFO org.springframework.boot.test.context.SpringBootTestContextBootstrapper - Neither @ContextConfiguration nor @ContextHierarchy found for test class [net.revature.binarybuiltbyte.project2.AddressTest], using SpringBootContextLoader
15:13:05.209 [main] DEBUG org.springframework.test.context.support.AbstractContextLoader - Did not detect default resource location for test class [net.revature.binarybuiltbyte.project2.AddressTest]: class path resource [net/revature/binarybuiltbyte/project2/AddressTest-context.xml] does not exist
15:13:05.209 [main] DEBUG org.springframework.test.context.support.AbstractContextLoader - Did not detect default resource location for test class [net.revature.binarybuiltbyte.project2.AddressTest]: class path resource [net/revature/binarybuiltbyte/project2/AddressTestContext.groovy] does not exist
15:13:05.210 [main] INFO org.springframework.test.context.support.AbstractContextLoader - Could not detect default resource locations for test class [net.revature.binarybuiltbyte.project2.AddressTest]: no resource found for suffixes {-context.xml, Context.groovy}.
15:13:05.210 [main] INFO org.springframework.test.context.support.AnnotationConfigContextLoaderUtils - Could not detect default configuration classes for test class [net.revature.binarybuiltbyte.project2.AddressTest]: AddressTest does not declare any static, non-private, non-final, nested classes annotated with @Configuration.
15:13:05.216 [main] DEBUG org.springframework.test.context.support.ActiveProfilesUtils - Could not find an 'annotation declaring class' for annotation type [org.springframework.test.context.ActiveProfiles] and class [net.revature.binarybuiltbyte.project2.AddressTest]
15:13:05.216 [main] INFO org.springframework.boot.test.context.SpringBootTestContextBootstrapper - Found @SpringBootConfiguration net.revature.binarybuiltbyte.project2.Project2Application for test class net.revature.binarybuiltbyte.project2.AddressTest
15:13:05.220 [main] DEBUG org.springframework.boot.test.context.SpringBootTestContextBootstrapper - @TestExecutionListeners is not present for class [net.revature.binarybuiltbyte.project2.AddressTest]: using defaults.
15:13:05.220 [main] INFO org.springframework.boot.test.context.SpringBootTestContextBootstrapper - Loaded default TestExecutionListener class names from location [META-INF/spring.factories]: [org.springframework.boot.test.mock.mockito.MockitoTestExecutionListener, org.springframework.boot.test.mock.mockito.ResetMocksTestExecutionListener, org.springframework.boot.test.autoconfigure.restdocs.RestDocsTestExecutionListener, org.springframework.boot.test.autoconfigure.web.client.MockRestServiceServerResetTestExecutionListener, org.springframework.boot.test.autoconfigure.web.servlet.MockMvcPrintOnlyOnFailureTestExecutionListener, org.springframework.boot.test.autoconfigure.web.servlet.WebDriverTestExecutionListener, org.springframework.boot.test.autoconfigure.webservices.client.MockWebServiceServerTestExecutionListener, org.springframework.test.context.web.ServletTestExecutionListener, org.springframework.test.context.support.DirtiesContextBeforeModesTestExecutionListener, org.springframework.test.context.event.ApplicationEventsTestExecutionListener, org.springframework.test.context.support.DependencyInjectionTestExecutionListener, org.springframework.test.context.support.DirtiesContextTestExecutionListener, org.springframework.test.context.transaction.TransactionalTestExecutionListener, org.springframework.test.context.jdbc.SqlScriptsTestExecutionListener, org.springframework.test.context.event.EventPublishingTestExecutionListener, org.springframework.security.test.context.support.WithSecurityContextTestExecutionListener, org.springframework.security.test.context.support.ReactorContextTestExecutionListener]
15:13:05.222 [main] INFO org.springframework.boot.test.context.SpringBootTestContextBootstrapper - Using TestExecutionListeners: [org.springframework.test.context.web.ServletTestExecutionListener@23bd2f6e, org.springframework.test.context.support.DirtiesContextBeforeModesTestExecutionListener@18e8eb59, org.springframework.test.context.event.ApplicationEventsTestExecutionListener@2430cf17, org.springframework.boot.test.mock.mockito.MockitoTestExecutionListener@1e95f584, org.springframework.boot.test.autoconfigure.SpringBootDependencyInjectionTestExecutionListener@54997f67, org.springframework.test.context.support.DirtiesContextTestExecutionListener@bf4e48e, org.springframework.test.context.transaction.TransactionalTestExecutionListener@299eca90, org.springframework.test.context.jdbc.SqlScriptsTestExecutionListener@189633f2, org.springframework.test.context.event.EventPublishingTestExecutionListener@76b05c0, org.springframework.security.test.context.support.WithSecurityContextTestExecutionListener@2b974137, org.springframework.security.test.context.support.ReactorContextTestExecutionListener@7402c49f, org.springframework.boot.test.mock.mockito.ResetMocksTestExecutionListener@5d22604e, org.springframework.boot.test.autoconfigure.restdocs.RestDocsTestExecutionListener@2382b2f, org.springframework.boot.test.autoconfigure.web.client.MockRestServiceServerResetTestExecutionListener@13374ca6, org.springframework.boot.test.autoconfigure.web.servlet.MockMvcPrintOnlyOnFailureTestExecutionListener@71734463, org.springframework.boot.test.autoconfigure.web.servlet.WebDriverTestExecutionListener@3f1d6a13, org.springframework.boot.test.autoconfigure.webservices.client.MockWebServiceServerTestExecutionListener@7cbf4f8c]
15:13:05.222 [main] DEBUG org.springframework.test.annotation.ProfileValueUtils - Retrieved @ProfileValueSourceConfiguration [null] for test class [net.revature.binarybuiltbyte.project2.AddressTest]
15:13:05.222 [main] DEBUG org.springframework.test.annotation.ProfileValueUtils - Retrieved ProfileValueSource type [class org.springframework.test.annotation.SystemProfileValueSource] for class [net.revature.binarybuiltbyte.project2.AddressTest]
15:13:05.223 [main] DEBUG org.springframework.test.annotation.ProfileValueUtils - Retrieved @ProfileValueSourceConfiguration [null] for test class [net.revature.binarybuiltbyte.project2.AddressTest]
15:13:05.223 [main] DEBUG org.springframework.test.annotation.ProfileValueUtils - Retrieved ProfileValueSource type [class org.springframework.test.annotation.SystemProfileValueSource] for class [net.revature.binarybuiltbyte.project2.AddressTest]
15:13:05.223 [main] DEBUG org.springframework.test.annotation.ProfileValueUtils - Retrieved @ProfileValueSourceConfiguration [null] for test class [net.revature.binarybuiltbyte.project2.AddressTest]
15:13:05.223 [main] DEBUG org.springframework.test.annotation.ProfileValueUtils - Retrieved ProfileValueSource type [class org.springframework.test.annotation.SystemProfileValueSource] for class [net.revature.binarybuiltbyte.project2.AddressTest]
15:13:05.224 [main] DEBUG org.springframework.test.context.junit4.SpringJUnit4ClassRunner - SpringJUnit4ClassRunner constructor called with [class net.revature.binarybuiltbyte.project2.ByteUserTest]
15:13:05.224 [main] DEBUG org.springframework.test.context.BootstrapUtils - Instantiating CacheAwareContextLoaderDelegate from class [org.springframework.test.context.cache.DefaultCacheAwareContextLoaderDelegate]
15:13:05.224 [main] DEBUG org.springframework.test.context.BootstrapUtils - Instantiating BootstrapContext using constructor [public org.springframework.test.context.support.DefaultBootstrapContext(java.lang.Class,org.springframework.test.context.CacheAwareContextLoaderDelegate)]
15:13:05.225 [main] DEBUG org.springframework.test.context.BootstrapUtils - Instantiating TestContextBootstrapper for test class [net.revature.binarybuiltbyte.project2.ByteUserTest] from class [org.springframework.boot.test.context.SpringBootTestContextBootstrapper]
15:13:05.225 [main] INFO org.springframework.boot.test.context.SpringBootTestContextBootstrapper - Neither @ContextConfiguration nor @ContextHierarchy found for test class [net.revature.binarybuiltbyte.project2.ByteUserTest], using SpringBootContextLoader
15:13:05.226 [main] DEBUG org.springframework.test.context.support.AbstractContextLoader - Did not detect default resource location for test class [net.revature.binarybuiltbyte.project2.ByteUserTest]: class path resource [net/revature/binarybuiltbyte/project2/ByteUserTest-context.xml] does not exist
15:13:05.227 [main] DEBUG org.springframework.test.context.support.AbstractContextLoader - Did not detect default resource location for test class [net.revature.binarybuiltbyte.project2.ByteUserTest]: class path resource [net/revature/binarybuiltbyte/project2/ByteUserTestContext.groovy] does not exist
15:13:05.227 [main] INFO org.springframework.test.context.support.AbstractContextLoader - Could not detect default resource locations for test class [net.revature.binarybuiltbyte.project2.ByteUserTest]: no resource found for suffixes {-context.xml, Context.groovy}.
15:13:05.227 [main] INFO org.springframework.test.context.support.AnnotationConfigContextLoaderUtils - Could not detect default configuration classes for test class [net.revature.binarybuiltbyte.project2.ByteUserTest]: ByteUserTest does not declare any static, non-private, non-final, nested classes annotated with @Configuration.
15:13:05.231 [main] DEBUG org.springframework.test.context.support.ActiveProfilesUtils - Could not find an 'annotation declaring class' for annotation type [org.springframework.test.context.ActiveProfiles] and class [net.revature.binarybuiltbyte.project2.ByteUserTest]
15:13:05.232 [main] INFO org.springframework.boot.test.context.SpringBootTestContextBootstrapper - Found @SpringBootConfiguration net.revature.binarybuiltbyte.project2.Project2Application for test class net.revature.binarybuiltbyte.project2.ByteUserTest
15:13:05.235 [main] DEBUG org.springframework.boot.test.context.SpringBootTestContextBootstrapper - @TestExecutionListeners is not present for class [net.revature.binarybuiltbyte.project2.ByteUserTest]: using defaults.
15:13:05.236 [main] INFO org.springframework.boot.test.context.SpringBootTestContextBootstrapper - Loaded default TestExecutionListener class names from location [META-INF/spring.factories]: [org.springframework.boot.test.mock.mockito.MockitoTestExecutionListener, org.springframework.boot.test.mock.mockito.ResetMocksTestExecutionListener, org.springframework.boot.test.autoconfigure.restdocs.RestDocsTestExecutionListener, org.springframework.boot.test.autoconfigure.web.client.MockRestServiceServerResetTestExecutionListener, org.springframework.boot.test.autoconfigure.web.servlet.MockMvcPrintOnlyOnFailureTestExecutionListener, org.springframework.boot.test.autoconfigure.web.servlet.WebDriverTestExecutionListener, org.springframework.boot.test.autoconfigure.webservices.client.MockWebServiceServerTestExecutionListener, org.springframework.test.context.web.ServletTestExecutionListener, org.springframework.test.context.support.DirtiesContextBeforeModesTestExecutionListener, org.springframework.test.context.event.ApplicationEventsTestExecutionListener, org.springframework.test.context.support.DependencyInjectionTestExecutionListener, org.springframework.test.context.support.DirtiesContextTestExecutionListener, org.springframework.test.context.transaction.TransactionalTestExecutionListener, org.springframework.test.context.jdbc.SqlScriptsTestExecutionListener, org.springframework.test.context.event.EventPublishingTestExecutionListener, org.springframework.security.test.context.support.WithSecurityContextTestExecutionListener, org.springframework.security.test.context.support.ReactorContextTestExecutionListener]
15:13:05.237 [main] INFO org.springframework.boot.test.context.SpringBootTestContextBootstrapper - Using TestExecutionListeners: [org.springframework.test.context.web.ServletTestExecutionListener@3eff6846, org.springframework.test.context.support.DirtiesContextBeforeModesTestExecutionListener@6ae6d078, org.springframework.test.context.event.ApplicationEventsTestExecutionListener@6ca33187, org.springframework.boot.test.mock.mockito.MockitoTestExecutionListener@1a67f8b4, org.springframework.boot.test.autoconfigure.SpringBootDependencyInjectionTestExecutionListener@5f1f0ee6, org.springframework.test.context.support.DirtiesContextTestExecutionListener@326706d, org.springframework.test.context.transaction.TransactionalTestExecutionListener@76fc5687, org.springframework.test.context.jdbc.SqlScriptsTestExecutionListener@53fbb2b4, org.springframework.test.context.event.EventPublishingTestExecutionListener@7434ee13, org.springframework.security.test.context.support.WithSecurityContextTestExecutionListener@44a14de0, org.springframework.security.test.context.support.ReactorContextTestExecutionListener@50fd739d, org.springframework.boot.test.mock.mockito.ResetMocksTestExecutionListener@5e1d1524, org.springframework.boot.test.autoconfigure.restdocs.RestDocsTestExecutionListener@d0a2c82, org.springframework.boot.test.autoconfigure.web.client.MockRestServiceServerResetTestExecutionListener@430aae8e, org.springframework.boot.test.autoconfigure.web.servlet.MockMvcPrintOnlyOnFailureTestExecutionListener@78504ce9, org.springframework.boot.test.autoconfigure.web.servlet.WebDriverTestExecutionListener@4e52d2f2, org.springframework.boot.test.autoconfigure.webservices.client.MockWebServiceServerTestExecutionListener@12608986]
15:13:05.238 [main] DEBUG org.springframework.test.annotation.ProfileValueUtils - Retrieved @ProfileValueSourceConfiguration [null] for test class [net.revature.binarybuiltbyte.project2.ByteUserTest]
15:13:05.238 [main] DEBUG org.springframework.test.annotation.ProfileValueUtils - Retrieved ProfileValueSource type [class org.springframework.test.annotation.SystemProfileValueSource] for class [net.revature.binarybuiltbyte.project2.ByteUserTest]
15:13:05.238 [main] DEBUG org.springframework.test.annotation.ProfileValueUtils - Retrieved @ProfileValueSourceConfiguration [null] for test class [net.revature.binarybuiltbyte.project2.ByteUserTest]
15:13:05.238 [main] DEBUG org.springframework.test.annotation.ProfileValueUtils - Retrieved ProfileValueSource type [class org.springframework.test.annotation.SystemProfileValueSource] for class [net.revature.binarybuiltbyte.project2.ByteUserTest]
15:13:05.238 [main] DEBUG org.springframework.test.annotation.ProfileValueUtils - Retrieved @ProfileValueSourceConfiguration [null] for test class [net.revature.binarybuiltbyte.project2.ByteUserTest]
15:13:05.238 [main] DEBUG org.springframework.test.annotation.ProfileValueUtils - Retrieved ProfileValueSource type [class org.springframework.test.annotation.SystemProfileValueSource] for class [net.revature.binarybuiltbyte.project2.ByteUserTest]
15:13:05.239 [main] DEBUG org.springframework.test.context.junit4.SpringJUnit4ClassRunner - SpringJUnit4ClassRunner constructor called with [class net.revature.binarybuiltbyte.project2.CategoryTest]
15:13:05.239 [main] DEBUG org.springframework.test.context.BootstrapUtils - Instantiating CacheAwareContextLoaderDelegate from class [org.springframework.test.context.cache.DefaultCacheAwareContextLoaderDelegate]
15:13:05.239 [main] DEBUG org.springframework.test.context.BootstrapUtils - Instantiating BootstrapContext using constructor [public org.springframework.test.context.support.DefaultBootstrapContext(java.lang.Class,org.springframework.test.context.CacheAwareContextLoaderDelegate)]
15:13:05.240 [main] DEBUG org.springframework.test.context.BootstrapUtils - Instantiating TestContextBootstrapper for test class [net.revature.binarybuiltbyte.project2.CategoryTest] from class [org.springframework.boot.test.context.SpringBootTestContextBootstrapper]
15:13:05.240 [main] INFO org.springframework.boot.test.context.SpringBootTestContextBootstrapper - Neither @ContextConfiguration nor @ContextHierarchy found for test class [net.revature.binarybuiltbyte.project2.CategoryTest], using SpringBootContextLoader
15:13:05.241 [main] DEBUG org.springframework.test.context.support.AbstractContextLoader - Did not detect default resource location for test class [net.revature.binarybuiltbyte.project2.CategoryTest]: class path resource [net/revature/binarybuiltbyte/project2/CategoryTest-context.xml] does not exist
15:13:05.242 [main] DEBUG org.springframework.test.context.support.AbstractContextLoader - Did not detect default resource location for test class [net.revature.binarybuiltbyte.project2.CategoryTest]: class path resource [net/revature/binarybuiltbyte/project2/CategoryTestContext.groovy] does not exist
15:13:05.242 [main] INFO org.springframework.test.context.support.AbstractContextLoader - Could not detect default resource locations for test class [net.revature.binarybuiltbyte.project2.CategoryTest]: no resource found for suffixes {-context.xml, Context.groovy}.
15:13:05.242 [main] INFO org.springframework.test.context.support.AnnotationConfigContextLoaderUtils - Could not detect default configuration classes for test class [net.revature.binarybuiltbyte.project2.CategoryTest]: CategoryTest does not declare any static, non-private, non-final, nested classes annotated with @Configuration.
15:13:05.245 [main] DEBUG org.springframework.test.context.support.ActiveProfilesUtils - Could not find an 'annotation declaring class' for annotation type [org.springframework.test.context.ActiveProfiles] and class [net.revature.binarybuiltbyte.project2.CategoryTest]
15:13:05.246 [main] INFO org.springframework.boot.test.context.SpringBootTestContextBootstrapper - Found @SpringBootConfiguration net.revature.binarybuiltbyte.project2.Project2Application for test class net.revature.binarybuiltbyte.project2.CategoryTest
15:13:05.248 [main] DEBUG org.springframework.boot.test.context.SpringBootTestContextBootstrapper - @TestExecutionListeners is not present for class [net.revature.binarybuiltbyte.project2.CategoryTest]: using defaults.
15:13:05.248 [main] INFO org.springframework.boot.test.context.SpringBootTestContextBootstrapper - Loaded default TestExecutionListener class names from location [META-INF/spring.factories]: [org.springframework.boot.test.mock.mockito.MockitoTestExecutionListener, org.springframework.boot.test.mock.mockito.ResetMocksTestExecutionListener, org.springframework.boot.test.autoconfigure.restdocs.RestDocsTestExecutionListener, org.springframework.boot.test.autoconfigure.web.client.MockRestServiceServerResetTestExecutionListener, org.springframework.boot.test.autoconfigure.web.servlet.MockMvcPrintOnlyOnFailureTestExecutionListener, org.springframework.boot.test.autoconfigure.web.servlet.WebDriverTestExecutionListener, org.springframework.boot.test.autoconfigure.webservices.client.MockWebServiceServerTestExecutionListener, org.springframework.test.context.web.ServletTestExecutionListener, org.springframework.test.context.support.DirtiesContextBeforeModesTestExecutionListener, org.springframework.test.context.event.ApplicationEventsTestExecutionListener, org.springframework.test.context.support.DependencyInjectionTestExecutionListener, org.springframework.test.context.support.DirtiesContextTestExecutionListener, org.springframework.test.context.transaction.TransactionalTestExecutionListener, org.springframework.test.context.jdbc.SqlScriptsTestExecutionListener, org.springframework.test.context.event.EventPublishingTestExecutionListener, org.springframework.security.test.context.support.WithSecurityContextTestExecutionListener, org.springframework.security.test.context.support.ReactorContextTestExecutionListener]
15:13:05.249 [main] INFO org.springframework.boot.test.context.SpringBootTestContextBootstrapper - Using TestExecutionListeners: [org.springframework.test.context.web.ServletTestExecutionListener@7ec508e6, org.springframework.test.context.support.DirtiesContextBeforeModesTestExecutionListener@26d8908e, org.springframework.test.context.event.ApplicationEventsTestExecutionListener@30e2016a, org.springframework.boot.test.mock.mockito.MockitoTestExecutionListener@75f32817, org.springframework.boot.test.autoconfigure.SpringBootDependencyInjectionTestExecutionListener@23a78c77, org.springframework.test.context.support.DirtiesContextTestExecutionListener@4119346d, org.springframework.test.context.transaction.TransactionalTestExecutionListener@61d09475, org.springframework.test.context.jdbc.SqlScriptsTestExecutionListener@d0fabc8, org.springframework.test.context.event.EventPublishingTestExecutionListener@12d44a2a, org.springframework.security.test.context.support.WithSecurityContextTestExecutionListener@1a66be41, org.springframework.security.test.context.support.ReactorContextTestExecutionListener@7f70e244, org.springframework.boot.test.mock.mockito.ResetMocksTestExecutionListener@fd14789, org.springframework.boot.test.autoconfigure.restdocs.RestDocsTestExecutionListener@3f64d943, org.springframework.boot.test.autoconfigure.web.client.MockRestServiceServerResetTestExecutionListener@105ffc58, org.springframework.boot.test.autoconfigure.web.servlet.MockMvcPrintOnlyOnFailureTestExecutionListener@68454ed5, org.springframework.boot.test.autoconfigure.web.servlet.WebDriverTestExecutionListener@6d2db15b, org.springframework.boot.test.autoconfigure.webservices.client.MockWebServiceServerTestExecutionListener@749ad37c]
15:13:05.250 [main] DEBUG org.springframework.test.annotation.ProfileValueUtils - Retrieved @ProfileValueSourceConfiguration [null] for test class [net.revature.binarybuiltbyte.project2.CategoryTest]
15:13:05.250 [main] DEBUG org.springframework.test.annotation.ProfileValueUtils - Retrieved ProfileValueSource type [class org.springframework.test.annotation.SystemProfileValueSource] for class [net.revature.binarybuiltbyte.project2.CategoryTest]
15:13:05.250 [main] DEBUG org.springframework.test.annotation.ProfileValueUtils - Retrieved @ProfileValueSourceConfiguration [null] for test class [net.revature.binarybuiltbyte.project2.CategoryTest]
15:13:05.250 [main] DEBUG org.springframework.test.annotation.ProfileValueUtils - Retrieved ProfileValueSource type [class org.springframework.test.annotation.SystemProfileValueSource] for class [net.revature.binarybuiltbyte.project2.CategoryTest]
15:13:05.251 [main] DEBUG org.springframework.test.annotation.ProfileValueUtils - Retrieved @ProfileValueSourceConfiguration [null] for test class [net.revature.binarybuiltbyte.project2.CategoryTest]
15:13:05.251 [main] DEBUG org.springframework.test.annotation.ProfileValueUtils - Retrieved ProfileValueSource type [class org.springframework.test.annotation.SystemProfileValueSource] for class [net.revature.binarybuiltbyte.project2.CategoryTest]
15:13:05.251 [main] DEBUG org.springframework.test.context.junit4.SpringJUnit4ClassRunner - SpringJUnit4ClassRunner constructor called with [class net.revature.binarybuiltbyte.project2.PaymentTest]
[...]

Async:
    Async started = false
     Async result = null

Resolved Exception:
             Type = null

ModelAndView:
        View name = null
             View = null
            Model = null

FlashMap:
       Attributes = null

MockHttpServletResponse:
           Status = 200
    Error message = null
          Headers = [Vary:"Origin", "Access-Control-Request-Method", "Access-Control-Request-Headers", Content-Type:"application/hal+json", X-Content-Type-Options:"nosniff", X-XSS-Protection:"1; mode=block", Cache-Control:"no-cache, no-store, max-age=0, must-revalidate", Pragma:"no-cache", Expires:"0", X-Frame-Options:"DENY"]
     Content type = application/hal+json
             Body = {
  "id" : 1,
  "streetAddress" : "123 elm street",
  "city" : "mountain view",
  "state" : "CA",
  "zip" : "91111",
  "_links" : {
    "self" : {
      "href" : "http://localhost/api/address/1"
    },
    "address" : {
      "href" : "http://localhost/api/address/1"
    },
    "byteOrder" : {
      "href" : "http://localhost/api/address/1/byteOrder"
    }
  }
}
    Forwarded URL = null
   Redirected URL = null
          Cookies = []

MockHttpServletRequest:
      HTTP Method = GET
      Request URI = /api/address/1
       Parameters = {}
          Headers = []
             Body = null
    Session Attrs = {}

Handler:
             Type = org.springframework.data.rest.webmvc.RepositoryEntityController
           Method = org.springframework.data.rest.webmvc.RepositoryEntityController#getItemResource(RootResourceInformation, Serializable, PersistentEntityResourceAssembler, HttpHeaders)

Async:
    Async started = false
     Async result = null

Resolved Exception:
             Type = null

ModelAndView:
        View name = null
             View = null
            Model = null

FlashMap:
       Attributes = null

MockHttpServletResponse:
           Status = 200
    Error message = null
          Headers = [Vary:"Origin", "Access-Control-Request-Method", "Access-Control-Request-Headers", Content-Type:"application/hal+json", X-Content-Type-Options:"nosniff", X-XSS-Protection:"1; mode=block", Cache-Control:"no-cache, no-store, max-age=0, must-revalidate", Pragma:"no-cache", Expires:"0", X-Frame-Options:"DENY"]
     Content type = application/hal+json
             Body = {
  "id" : 1,
  "streetAddress" : "123 elm street",
  "city" : "mountain view",
  "state" : "CA",
  "zip" : "91111",
  "_links" : {
    "self" : {
      "href" : "http://localhost/api/address/1"
    },
    "address" : {
      "href" : "http://localhost/api/address/1"
    },
    "byteOrder" : {
      "href" : "http://localhost/api/address/1/byteOrder"
    }
  }
}
    Forwarded URL = null
   Redirected URL = null
          Cookies = []
]]></system-out>
  </testcase>
  <testcase name="checkPopulatingCorrectly" classname="net.revature.binarybuiltbyte.project2.AddressTest" time="0.098">
    <failure message="JSON path &quot;$.._embedded.addresses.[0].streetAddress&quot; expected:&lt;333 Santa Fe Ave&gt; but was:&lt;123 elm street&gt;" type="java.lang.AssertionError"><![CDATA[java.lang.AssertionError: JSON path "$.._embedded.addresses.[0].streetAddress" expected:<333 Santa Fe Ave> but was:<123 elm street>
	at net.revature.binarybuiltbyte.project2.AddressTest.checkPopulatingCorrectly(AddressTest.java:70)
]]></failure>
    <system-out><![CDATA[
MockHttpServletRequest:
      HTTP Method = GET
      Request URI = /api/address
       Parameters = {}
          Headers = []
             Body = null
    Session Attrs = {}

Handler:
             Type = org.springframework.data.rest.webmvc.RepositoryEntityController
           Method = org.springframework.data.rest.webmvc.RepositoryEntityController#getCollectionResource(RootResourceInformation, DefaultedPageable, Sort, PersistentEntityResourceAssembler)

Async:
    Async started = false
     Async result = null

Resolved Exception:
             Type = null

ModelAndView:
        View name = null
             View = null
            Model = null

FlashMap:
       Attributes = null

MockHttpServletResponse:
           Status = 200
    Error message = null
          Headers = [Vary:"Origin", "Access-Control-Request-Method", "Access-Control-Request-Headers", Content-Type:"application/hal+json", X-Content-Type-Options:"nosniff", X-XSS-Protection:"1; mode=block", Cache-Control:"no-cache, no-store, max-age=0, must-revalidate", Pragma:"no-cache", Expires:"0", X-Frame-Options:"DENY"]
     Content type = application/hal+json
             Body = {
  "_embedded" : {
    "addresses" : [ {
      "id" : 1,
      "streetAddress" : "123 elm street",
      "city" : "mountain view",
      "state" : "CA",
      "zip" : "91111",
      "_links" : {
        "self" : {
          "href" : "http://localhost/api/address/1"
        },
        "address" : {
          "href" : "http://localhost/api/address/1"
        },
        "byteOrder" : {
          "href" : "http://localhost/api/address/1/byteOrder"
        }
      }
    }, {
      "id" : 2,
      "streetAddress" : "1111 crazy street",
      "city" : "sacramento",
      "state" : "CA",
      "zip" : "01111",
      "_links" : {
        "self" : {
          "href" : "http://localhost/api/address/2"
        },
        "address" : {
          "href" : "http://localhost/api/address/2"
        },
        "byteOrder" : {
          "href" : "http://localhost/api/address/2/byteOrder"
        }
      }
    }, {
      "id" : 3,
      "streetAddress" : null,
      "city" : "Sacramento",
      "state" : "CA",
      "zip" : null,
      "_links" : {
        "self" : {
          "href" : "http://localhost/api/address/3"
        },
        "address" : {
          "href" : "http://localhost/api/address/3"
        },
        "byteOrder" : {
          "href" : "http://localhost/api/address/3/byteOrder"
        }
      }
    }, {
      "id" : 4,
      "streetAddress" : null,
      "city" : "Sacramento",
      "state" : "CA",
      "zip" : null,
      "_links" : {
        "self" : {
          "href" : "http://localhost/api/address/4"
        },
        "address" : {
          "href" : "http://localhost/api/address/4"
        },
        "byteOrder" : {
          "href" : "http://localhost/api/address/4/byteOrder"
        }
      }
    }, {
      "id" : 5,
      "streetAddress" : null,
      "city" : "adfa",
      "state" : "CA",
      "zip" : null,
      "_links" : {
        "self" : {
          "href" : "http://localhost/api/address/5"
        },
        "address" : {
          "href" : "http://localhost/api/address/5"
        },
        "byteOrder" : {
          "href" : "http://localhost/api/address/5/byteOrder"
        }
      }
    }, {
      "id" : 6,
      "streetAddress" : null,
      "city" : "adfafd",
      "state" : "AK",
      "zip" : null,
      "_links" : {
        "self" : {
          "href" : "http://localhost/api/address/6"
        },
        "address" : {
          "href" : "http://localhost/api/address/6"
        },
        "byteOrder" : {
          "href" : "http://localhost/api/address/6/byteOrder"
        }
      }
    }, {
      "id" : 7,
      "streetAddress" : null,
      "city" : "dafds",
      "state" : "DE",
      "zip" : null,
      "_links" : {
        "self" : {
          "href" : "http://localhost/api/address/7"
        },
        "address" : {
          "href" : "http://localhost/api/address/7"
        },
        "byteOrder" : {
          "href" : "http://localhost/api/address/7/byteOrder"
        }
      }
    }, {
      "id" : 8,
      "streetAddress" : null,
      "city" : "Mountain View",
      "state" : "CA",
      "zip" : null,
      "_links" : {
        "self" : {
          "href" : "http://localhost/api/address/8"
        },
        "address" : {
          "href" : "http://localhost/api/address/8"
        },
        "byteOrder" : {
          "href" : "http://localhost/api/address/8/byteOrder"
        }
      }
    }, {
      "id" : 9,
      "streetAddress" : null,
      "city" : "dfsf",
      "state" : "CA",
      "zip" : null,
      "_links" : {
        "self" : {
          "href" : "http://localhost/api/address/9"
        },
        "address" : {
          "href" : "http://localhost/api/address/9"
        },
        "byteOrder" : {
          "href" : "http://localhost/api/address/9/byteOrder"
        }
      }
    }, {
      "id" : 10,
      "streetAddress" : null,
      "city" : "dfafda",
      "state" : "CA",
      "zip" : null,
      "_links" : {
        "self" : {
          "href" : "http://localhost/api/address/10"
        },
        "address" : {
          "href" : "http://localhost/api/address/10"
        },
        "byteOrder" : {
          "href" : "http://localhost/api/address/10/byteOrder"
        }
      }
    }, {
      "id" : 11,
      "streetAddress" : null,
      "city" : "Sacramento",
      "state" : "CA",
      "zip" : null,
      "_links" : {
        "self" : {
          "href" : "http://localhost/api/address/11"
        },
        "address" : {
          "href" : "http://localhost/api/address/11"
        },
        "byteOrder" : {
          "href" : "http://localhost/api/address/11/byteOrder"
        }
      }
    }, {
      "id" : 12,
      "streetAddress" : null,
      "city" : "Mountain View",
      "state" : "CA",
      "zip" : null,
      "_links" : {
        "self" : {
          "href" : "http://localhost/api/address/12"
        },
        "address" : {
          "href" : "http://localhost/api/address/12"
        },
        "byteOrder" : {
          "href" : "http://localhost/api/address/12/byteOrder"
        }
      }
    }, {
      "id" : 13,
      "streetAddress" : null,
      "city" : "Sacramento",
      "state" : "CA",
      "zip" : null,
      "_links" : {
        "self" : {
          "href" : "http://localhost/api/address/13"
        },
        "address" : {
          "href" : "http://localhost/api/address/13"
        },
        "byteOrder" : {
          "href" : "http://localhost/api/address/13/byteOrder"
        }
      }
    }, {
      "id" : 14,
      "streetAddress" : null,
      "city" : "Sacramento",
      "state" : "CA",
      "zip" : null,
      "_links" : {
        "self" : {
          "href" : "http://localhost/api/address/14"
        },
        "address" : {
          "href" : "http://localhost/api/address/14"
        },
        "byteOrder" : {
          "href" : "http://localhost/api/address/14/byteOrder"
        }
      }
    }, {
      "id" : 15,
      "streetAddress" : null,
      "city" : "dfafda",
      "state" : "CA",
      "zip" : null,
      "_links" : {
        "self" : {
          "href" : "http://localhost/api/address/15"
        },
        "address" : {
          "href" : "http://localhost/api/address/15"
        },
        "byteOrder" : {
          "href" : "http://localhost/api/address/15/byteOrder"
        }
      }
    }, {
      "id" : 16,
      "streetAddress" : null,
      "city" : "dfafda",
      "state" : "CA",
      "zip" : null,
      "_links" : {
        "self" : {
          "href" : "http://localhost/api/address/16"
        },
        "address" : {
          "href" : "http://localhost/api/address/16"
        },
        "byteOrder" : {
          "href" : "http://localhost/api/address/16/byteOrder"
        }
      }
    } ]
  },
  "_links" : {
    "self" : {
      "href" : "http://localhost/api/address"
    },
    "profile" : {
      "href" : "http://localhost/api/profile/address"
    }
  },
  "page" : {
    "size" : 20,
    "totalElements" : 16,
    "totalPages" : 1,
    "number" : 0
  }
}
    Forwarded URL = null
   Redirected URL = null
          Cookies = []

MockHttpServletRequest:
      HTTP Method = GET
      Request URI = /api/address
       Parameters = {}
          Headers = []
             Body = null
    Session Attrs = {}

Handler:
             Type = org.springframework.data.rest.webmvc.RepositoryEntityController
           Method = org.springframework.data.rest.webmvc.RepositoryEntityController#getCollectionResource(RootResourceInformation, DefaultedPageable, Sort, PersistentEntityResourceAssembler)

Async:
    Async started = false
     Async result = null

Resolved Exception:
             Type = null

ModelAndView:
        View name = null
             View = null
            Model = null

FlashMap:
       Attributes = null

MockHttpServletResponse:
           Status = 200
    Error message = null
          Headers = [Vary:"Origin", "Access-Control-Request-Method", "Access-Control-Request-Headers", Content-Type:"application/hal+json", X-Content-Type-Options:"nosniff", X-XSS-Protection:"1; mode=block", Cache-Control:"no-cache, no-store, max-age=0, must-revalidate", Pragma:"no-cache", Expires:"0", X-Frame-Options:"DENY"]
     Content type = application/hal+json
             Body = {
  "_embedded" : {
    "addresses" : [ {
      "id" : 1,
      "streetAddress" : "123 elm street",
      "city" : "mountain view",
      "state" : "CA",
      "zip" : "91111",
      "_links" : {
        "self" : {
          "href" : "http://localhost/api/address/1"
        },
        "address" : {
          "href" : "http://localhost/api/address/1"
        },
        "byteOrder" : {
          "href" : "http://localhost/api/address/1/byteOrder"
        }
      }
    }, {
      "id" : 2,
      "streetAddress" : "1111 crazy street",
      "city" : "sacramento",
      "state" : "CA",
      "zip" : "01111",
      "_links" : {
        "self" : {
          "href" : "http://localhost/api/address/2"
        },
        "address" : {
          "href" : "http://localhost/api/address/2"
        },
        "byteOrder" : {
          "href" : "http://localhost/api/address/2/byteOrder"
        }
      }
    }, {
      "id" : 3,
      "streetAddress" : null,
      "city" : "Sacramento",
      "state" : "CA",
      "zip" : null,
      "_links" : {
        "self" : {
          "href" : "http://localhost/api/address/3"
        },
        "address" : {
          "href" : "http://localhost/api/address/3"
        },
        "byteOrder" : {
          "href" : "http://localhost/api/address/3/byteOrder"
        }
      }
    }, {
      "id" : 4,
      "streetAddress" : null,
      "city" : "Sacramento",
      "state" : "CA",
      "zip" : null,
      "_links" : {
        "self" : {
          "href" : "http://localhost/api/address/4"
        },
        "address" : {
          "href" : "http://localhost/api/address/4"
        },
        "byteOrder" : {
          "href" : "http://localhost/api/address/4/byteOrder"
        }
      }
    }, {
      "id" : 5,
      "streetAddress" : null,
      "city" : "adfa",
      "state" : "CA",
      "zip" : null,
      "_links" : {
        "self" : {
          "href" : "http://localhost/api/address/5"
        },
        "address" : {
          "href" : "http://localhost/api/address/5"
        },
        "byteOrder" : {
          "href" : "http://localhost/api/address/5/byteOrder"
        }
      }
    }, {
      "id" : 6,
      "streetAddress" : null,
      "city" : "adfafd",
      "state" : "AK",
      "zip" : null,
      "_links" : {
        "self" : {
          "href" : "http://localhost/api/address/6"
        },
        "address" : {
          "href" : "http://localhost/api/address/6"
        },
        "byteOrder" : {
          "href" : "http://localhost/api/address/6/byteOrder"
        }
      }
    }, {
      "id" : 7,
      "streetAddress" : null,
      "city" : "dafds",
      "state" : "DE",
      "zip" : null,
      "_links" : {
        "self" : {
          "href" : "http://localhost/api/address/7"
        },
        "address" : {
          "href" : "http://localhost/api/address/7"
        },
        "byteOrder" : {
          "href" : "http://localhost/api/address/7/byteOrder"
        }
      }
    }, {
      "id" : 8,
      "streetAddress" : null,
      "city" : "Mountain View",
      "state" : "CA",
      "zip" : null,
      "_links" : {
        "self" : {
          "href" : "http://localhost/api/address/8"
        },
        "address" : {
          "href" : "http://localhost/api/address/8"
        },
        "byteOrder" : {
          "href" : "http://localhost/api/address/8/byteOrder"
        }
      }
    }, {
      "id" : 9,
      "streetAddress" : null,
      "city" : "dfsf",
      "state" : "CA",
      "zip" : null,
      "_links" : {
        "self" : {
          "href" : "http://localhost/api/address/9"
        },
        "address" : {
          "href" : "http://localhost/api/address/9"
        },
        "byteOrder" : {
          "href" : "http://localhost/api/address/9/byteOrder"
        }
      }
    }, {
      "id" : 10,
      "streetAddress" : null,
      "city" : "dfafda",
      "state" : "CA",
      "zip" : null,
      "_links" : {
        "self" : {
          "href" : "http://localhost/api/address/10"
        },
        "address" : {
          "href" : "http://localhost/api/address/10"
        },
        "byteOrder" : {
          "href" : "http://localhost/api/address/10/byteOrder"
        }
      }
    }, {
      "id" : 11,
      "streetAddress" : null,
      "city" : "Sacramento",
      "state" : "CA",
      "zip" : null,
      "_links" : {
        "self" : {
          "href" : "http://localhost/api/address/11"
        },
        "address" : {
          "href" : "http://localhost/api/address/11"
        },
        "byteOrder" : {
          "href" : "http://localhost/api/address/11/byteOrder"
        }
      }
    }, {
      "id" : 12,
      "streetAddress" : null,
      "city" : "Mountain View",
      "state" : "CA",
      "zip" : null,
      "_links" : {
        "self" : {
          "href" : "http://localhost/api/address/12"
        },
        "address" : {
          "href" : "http://localhost/api/address/12"
        },
        "byteOrder" : {
          "href" : "http://localhost/api/address/12/byteOrder"
        }
      }
    }, {
      "id" : 13,
      "streetAddress" : null,
      "city" : "Sacramento",
      "state" : "CA",
      "zip" : null,
      "_links" : {
        "self" : {
          "href" : "http://localhost/api/address/13"
        },
        "address" : {
          "href" : "http://localhost/api/address/13"
        },
        "byteOrder" : {
          "href" : "http://localhost/api/address/13/byteOrder"
        }
      }
    }, {
      "id" : 14,
      "streetAddress" : null,
      "city" : "Sacramento",
      "state" : "CA",
      "zip" : null,
      "_links" : {
        "self" : {
          "href" : "http://localhost/api/address/14"
        },
        "address" : {
          "href" : "http://localhost/api/address/14"
        },
        "byteOrder" : {
          "href" : "http://localhost/api/address/14/byteOrder"
        }
      }
    }, {
      "id" : 15,
      "streetAddress" : null,
      "city" : "dfafda",
      "state" : "CA",
      "zip" : null,
      "_links" : {
        "self" : {
          "href" : "http://localhost/api/address/15"
        },
        "address" : {
          "href" : "http://localhost/api/address/15"
        },
        "byteOrder" : {
          "href" : "http://localhost/api/address/15/byteOrder"
        }
      }
    }, {
      "id" : 16,
      "streetAddress" : null,
      "city" : "dfafda",
      "state" : "CA",
      "zip" : null,
      "_links" : {
        "self" : {
          "href" : "http://localhost/api/address/16"
        },
        "address" : {
          "href" : "http://localhost/api/address/16"
        },
        "byteOrder" : {
          "href" : "http://localhost/api/address/16/byteOrder"
        }
      }
    } ]
  },
  "_links" : {
    "self" : {
      "href" : "http://localhost/api/address"
    },
    "profile" : {
      "href" : "http://localhost/api/profile/address"
    }
  },
  "page" : {
    "size" : 20,
    "totalElements" : 16,
    "totalPages" : 1,
    "number" : 0
  }
}
    Forwarded URL = null
   Redirected URL = null
          Cookies = []
]]></system-out>
  </testcase>
</testsuite>