<?xml version="1.0" encoding="UTF-8"?>
<testsuite xmlns:xsi="http://www.w3.org/2001/XMLSchema-instance" xsi:noNamespaceSchemaLocation="https://maven.apache.org/surefire/maven-surefire-plugin/xsd/surefire-test-report.xsd" name="net.revature.binarybuiltbyte.project2.ProductTest" time="0.56" tests="3" errors="0" skipped="0" failures="0">
  <properties>
[...]
</properties>
  <testcase name="checkReturningFields" classname="net.revature.binarybuiltbyte.project2.ProductTest" time="0.246"/>
  <testcase name="checkReturnID1" classname="net.revature.binarybuiltbyte.project2.ProductTest" time="0.064"/>
  <testcase name="checkPopulatingCorrectly" classname="net.revature.binarybuiltbyte.project2.ProductTest" time="0.25"/>
</testsuite>