<?xml version="1.0" encoding="UTF-8"?>
<testsuite xmlns:xsi="http://www.w3.org/2001/XMLSchema-instance" xsi:noNamespaceSchemaLocation="https://maven.apache.org/surefire/maven-surefire-plugin/xsd/surefire-test-report.xsd" name="net.revature.binarybuiltbyte.project2.AddressTest" time="16.925" tests="3" errors="0" skipped="0" failures="3">
  <properties>
[...]
</properties>
  <testcase name="checkReturningFields" classname="net.revature.binarybuiltbyte.project2.AddressTest" time="0.905">
    <failure message="No value at JSON path &quot;$.._embedded.addresses.[0]._links.byteUser&quot;" type="java.lang.AssertionError">java.lang.AssertionError: No value at JSON path "$.._embedded.addresses.[0]._links.byteUser"
	at net.revature.binarybuiltbyte.project2.AddressTest.checkReturningFields(AddressTest.java:41)
</failure>
    <system-out><![CDATA[12:23:17.116 [main] DEBUG org.springframework.test.context.junit4.SpringJUnit4ClassRunner - SpringJUnit4ClassRunner constructor called with [class net.revature.binarybuiltbyte.project2.AddressTest]
12:23:17.159 [main] DEBUG org.springframework.test.context.BootstrapUtils - Instantiating CacheAwareContextLoaderDelegate from class [org.springframework.test.context.cache.DefaultCacheAwareContextLoaderDelegate]
12:23:17.180 [main] DEBUG org.springframework.test.context.BootstrapUtils - Instantiating BootstrapContext using constructor [public org.springframework.test.context.support.DefaultBootstrapContext(java.lang.Class,org.springframework.test.context.CacheAwareContextLoaderDelegate)]
12:23:17.256 [main] DEBUG org.springframework.test.context.BootstrapUtils - Instantiating TestContextBootstrapper for test class [net.revature.binarybuiltbyte.project2.AddressTest] from class [org.springframework.boot.test.context.SpringBootTestContextBootstrapper]
12:23:17.285 [main] INFO org.springframework.boot.test.context.SpringBootTestContextBootstrapper - Neither @ContextConfiguration nor @ContextHierarchy found for test class [net.revature.binarybuiltbyte.project2.AddressTest], using SpringBootContextLoader
12:23:17.291 [main] DEBUG org.springframework.test.context.support.AbstractContextLoader - Did not detect default resource location for test class [net.revature.binarybuiltbyte.project2.AddressTest]: class path resource [net/revature/binarybuiltbyte/project2/AddressTest-context.xml] does not exist
12:23:17.292 [main] DEBUG org.springframework.test.context.support.AbstractContextLoader - Did not detect default resource location for test class [net.revature.binarybuiltbyte.project2.AddressTest]: class path resource [net/revature/binarybuiltbyte/project2/AddressTestContext.groovy] does not exist
12:23:17.292 [main] INFO org.springframework.test.context.support.AbstractContextLoader - Could not detect default resource locations for test class [net.revature.binarybuiltbyte.project2.AddressTest]: no resource found for suffixes {-context.xml, Context.groovy}.
12:23:17.293 [main] INFO org.springframework.test.context.support.AnnotationConfigContextLoaderUtils - Could not detect default configuration classes for test class [net.revature.binarybuiltbyte.project2.AddressTest]: AddressTest does not declare any static, non-private, non-final, nested classes annotated with @Configuration.
12:23:17.386 [main] DEBUG org.springframework.test.context.support.ActiveProfilesUtils - Could not find an 'annotation declaring class' for annotation type [org.springframework.test.context.ActiveProfiles] and class [net.revature.binarybuiltbyte.project2.AddressTest]
12:23:17.523 [main] DEBUG org.springframework.context.annotation.ClassPathScanningCandidateComponentProvider - Identified candidate component class: file [C:\Users\Daniel\Desktop\Revature\Project2BackEnd\New Project\ByteBuildersBackEnd\project2-backend\target\classes\net\revature\binarybuiltbyte\project2\Project2Application.class]
12:23:17.526 [main] INFO org.springframework.boot.test.context.SpringBootTestContextBootstrapper - Found @SpringBootConfiguration net.revature.binarybuiltbyte.project2.Project2Application for test class net.revature.binarybuiltbyte.project2.AddressTest
12:23:17.699 [main] DEBUG org.springframework.boot.test.context.SpringBootTestContextBootstrapper - @TestExecutionListeners is not present for class [net.revature.binarybuiltbyte.project2.AddressTest]: using defaults.
12:23:17.700 [main] INFO org.springframework.boot.test.context.SpringBootTestContextBootstrapper - Loaded default TestExecutionListener class names from location [META-INF/spring.factories]: [org.springframework.boot.test.mock.mockito.MockitoTestExecutionListener, org.springframework.boot.test.mock.mockito.ResetMocksTestExecutionListener, org.springframework.boot.test.autoconfigure.restdocs.RestDocsTestExecutionListener, org.springframework.boot.test.autoconfigure.web.client.MockRestServiceServerResetTestExecutionListener, org.springframework.boot.test.autoconfigure.web.servlet.MockMvcPrintOnlyOnFailureTestExecutionListener, org.springframework.boot.test.autoconfigure.web.servlet.WebDriverTestExecutionListener, org.springframework.boot.test.autoconfigure.webservices.client.MockWebServiceServerTestExecutionListener, org.springframework.test.context.web.ServletTestExecutionListener, org.springframework.test.context.support.DirtiesContextBeforeModesTestExecutionListener, org.springframework.test.context.event.ApplicationEventsTestExecutionListener, org.springframework.test.context.support.DependencyInjectionTestExecutionListener, org.springframework.test.context.support.DirtiesContextTestExecutionListener, org.springframework.test.context.transaction.TransactionalTestExecutionListener, org.springframework.test.context.jdbc.SqlScriptsTestExecutionListener, org.springframework.test.context.event.EventPublishingTestExecutionListener, org.springframework.security.test.context.support.WithSecurityContextTestExecutionListener, org.springframework.security.test.context.support.ReactorContextTestExecutionListener]
12:23:17.737 [main] INFO org.springframework.boot.test.context.SpringBootTestContextBootstrapper - Using TestExecutionListeners: [org.springframework.test.context.web.ServletTestExecutionListener@7079f8f0, org.springframework.test.context.support.DirtiesContextBeforeModesTestExecutionListener@121cf6f4, org.springframework.test.context.event.ApplicationEventsTestExecutionListener@7cdc4070, org.springframework.boot.test.mock.mockito.MockitoTestExecutionListener@553fbe94, org.springframework.boot.test.autoconfigure.SpringBootDependencyInjectionTestExecutionListener@6abe62bb, org.springframework.test.context.support.DirtiesContextTestExecutionListener@1f60824e, org.springframework.test.context.transaction.TransactionalTestExecutionListener@1218e12, org.springframework.test.context.jdbc.SqlScriptsTestExecutionListener@29c25bbc, org.springframework.test.context.event.EventPublishingTestExecutionListener@30704f85, org.springframework.security.test.context.support.WithSecurityContextTestExecutionListener@2b99c937, org.springframework.security.test.context.support.ReactorContextTestExecutionListener@26c59348, org.springframework.boot.test.mock.mockito.ResetMocksTestExecutionListener@1de12397, org.springframework.boot.test.autoconfigure.restdocs.RestDocsTestExecutionListener@2f5f5bc9, org.springframework.boot.test.autoconfigure.web.client.MockRestServiceServerResetTestExecutionListener@4aeaff64, org.springframework.boot.test.autoconfigure.web.servlet.MockMvcPrintOnlyOnFailureTestExecutionListener@403f7aa2, org.springframework.boot.test.autoconfigure.web.servlet.WebDriverTestExecutionListener@545604a9, org.springframework.boot.test.autoconfigure.webservices.client.MockWebServiceServerTestExecutionListener@1029cf9]
12:23:17.740 [main] DEBUG org.springframework.test.annotation.ProfileValueUtils - Retrieved @ProfileValueSourceConfiguration [null] for test class [net.revature.binarybuiltbyte.project2.AddressTest]
12:23:17.741 [main] DEBUG org.springframework.test.annotation.ProfileValueUtils - Retrieved ProfileValueSource type [class org.springframework.test.annotation.SystemProfileValueSource] for class [net.revature.binarybuiltbyte.project2.AddressTest]
12:23:17.743 [main] DEBUG org.springframework.test.annotation.ProfileValueUtils - Retrieved @ProfileValueSourceConfiguration [null] for test class [net.revature.binarybuiltbyte.project2.AddressTest]
12:23:17.743 [main] DEBUG org.springframework.test.annotation.ProfileValueUtils - Retrieved ProfileValueSource type [class org.springframework.test.annotation.SystemProfileValueSource] for class [net.revature.binarybuiltbyte.project2.AddressTest]
12:23:17.748 [main] DEBUG org.springframework.test.annotation.ProfileValueUtils - Retrieved @ProfileValueSourceConfiguration [null] for test class [net.revature.binarybuiltbyte.project2.AddressTest]
12:23:17.748 [main] DEBUG org.springframework.test.annotation.ProfileValueUtils - Retrieved ProfileValueSource type [class org.springframework.test.annotation.SystemProfileValueSource] for class [net.revature.binarybuiltbyte.project2.AddressTest]
12:23:17.777 [main] DEBUG org.springframework.test.context.junit4.SpringJUnit4ClassRunner - SpringJUnit4ClassRunner constructor called with [class net.revature.binarybuiltbyte.project2.ByteUserTest]
12:23:17.777 [main] DEBUG org.springframework.test.context.BootstrapUtils - Instantiating CacheAwareContextLoaderDelegate from class [org.springframework.test.context.cache.DefaultCacheAwareContextLoaderDelegate]
12:23:17.778 [main] DEBUG org.springframework.test.context.BootstrapUtils - Instantiating BootstrapContext using constructor [public org.springframework.test.context.support.DefaultBootstrapContext(java.lang.Class,org.springframework.test.context.CacheAwareContextLoaderDelegate)]
12:23:17.778 [main] DEBUG org.springframework.test.context.BootstrapUtils - Instantiating TestContextBootstrapper for test class [net.revature.binarybuiltbyte.project2.ByteUserTest] from class [org.springframework.boot.test.context.SpringBootTestContextBootstrapper]
12:23:17.779 [main] INFO org.springframework.boot.test.context.SpringBootTestContextBootstrapper - Neither @ContextConfiguration nor @ContextHierarchy found for test class [net.revature.binarybuiltbyte.project2.ByteUserTest], using SpringBootContextLoader
12:23:17.780 [main] DEBUG org.springframework.test.context.support.AbstractContextLoader - Did not detect default resource location for test class [net.revature.binarybuiltbyte.project2.ByteUserTest]: class path resource [net/revature/binarybuiltbyte/project2/ByteUserTest-context.xml] does not exist
12:23:17.780 [main] DEBUG org.springframework.test.context.support.AbstractContextLoader - Did not detect default resource location for test class [net.revature.binarybuiltbyte.project2.ByteUserTest]: class path resource [net/revature/binarybuiltbyte/project2/ByteUserTestContext.groovy] does not exist
12:23:17.780 [main] INFO org.springframework.test.context.support.AbstractContextLoader - Could not detect default resource locations for test class [net.revature.binarybuiltbyte.project2.ByteUserTest]: no resource found for suffixes {-context.xml, Context.groovy}.
12:23:17.780 [main] INFO org.springframework.test.context.support.AnnotationConfigContextLoaderUtils - Could not detect default configuration classes for test class [net.revature.binarybuiltbyte.project2.ByteUserTest]: ByteUserTest does not declare any static, non-private, non-final, nested classes annotated with @Configuration.
12:23:17.785 [main] DEBUG org.springframework.test.context.support.ActiveProfilesUtils - Could not find an 'annotation declaring class' for annotation type [org.springframework.test.context.ActiveProfiles] and class [net.revature.binarybuiltbyte.project2.ByteUserTest]
12:23:17.786 [main] INFO org.springframework.boot.test.context.SpringBootTestContextBootstrapper - Found @SpringBootConfiguration net.revature.binarybuiltbyte.project2.Project2Application for test class net.revature.binarybuiltbyte.project2.ByteUserTest
12:23:17.790 [main] DEBUG org.springframework.boot.test.context.SpringBootTestContextBootstrapper - @TestExecutionListeners is not present for class [net.revature.binarybuiltbyte.project2.ByteUserTest]: using defaults.
12:23:17.790 [main] INFO org.springframework.boot.test.context.SpringBootTestContextBootstrapper - Loaded default TestExecutionListener class names from location [META-INF/spring.factories]: [org.springframework.boot.test.mock.mockito.MockitoTestExecutionListener, org.springframework.boot.test.mock.mockito.ResetMocksTestExecutionListener, org.springframework.boot.test.autoconfigure.restdocs.RestDocsTestExecutionListener, org.springframework.boot.test.autoconfigure.web.client.MockRestServiceServerResetTestExecutionListener, org.springframework.boot.test.autoconfigure.web.servlet.MockMvcPrintOnlyOnFailureTestExecutionListener, org.springframework.boot.test.autoconfigure.web.servlet.WebDriverTestExecutionListener, org.springframework.boot.test.autoconfigure.webservices.client.MockWebServiceServerTestExecutionListener, org.springframework.test.context.web.ServletTestExecutionListener, org.springframework.test.context.support.DirtiesContextBeforeModesTestExecutionListener, org.springframework.test.context.event.ApplicationEventsTestExecutionListener, org.springframework.test.context.support.DependencyInjectionTestExecutionListener, org.springframework.test.context.support.DirtiesContextTestExecutionListener, org.springframework.test.context.transaction.TransactionalTestExecutionListener, org.springframework.test.context.jdbc.SqlScriptsTestExecutionListener, org.springframework.test.context.event.EventPublishingTestExecutionListener, org.springframework.security.test.context.support.WithSecurityContextTestExecutionListener, org.springframework.security.test.context.support.ReactorContextTestExecutionListener]
12:23:17.791 [main] INFO org.springframework.boot.test.context.SpringBootTestContextBootstrapper - Using TestExecutionListeners: [org.springframework.test.context.web.ServletTestExecutionListener@29519337, org.springframework.test.context.support.DirtiesContextBeforeModesTestExecutionListener@2152fde5, org.springframework.test.context.event.ApplicationEventsTestExecutionListener@5d58dc61, org.springframework.boot.test.mock.mockito.MockitoTestExecutionListener@32328dc4, org.springframework.boot.test.autoconfigure.SpringBootDependencyInjectionTestExecutionListener@17df689e, org.springframework.test.context.support.DirtiesContextTestExecutionListener@21540255, org.springframework.test.context.transaction.TransactionalTestExecutionListener@3a7469ca, org.springframework.test.context.jdbc.SqlScriptsTestExecutionListener@1c8e8fed, org.springframework.test.context.event.EventPublishingTestExecutionListener@70f98f7a, org.springframework.security.test.context.support.WithSecurityContextTestExecutionListener@713e7d9a, org.springframework.security.test.context.support.ReactorContextTestExecutionListener@681d704e, org.springframework.boot.test.mock.mockito.ResetMocksTestExecutionListener@846b47, org.springframework.boot.test.autoconfigure.restdocs.RestDocsTestExecutionListener@3c3ab672, org.springframework.boot.test.autoconfigure.web.client.MockRestServiceServerResetTestExecutionListener@3e6acec2, org.springframework.boot.test.autoconfigure.web.servlet.MockMvcPrintOnlyOnFailureTestExecutionListener@3d764641, org.springframework.boot.test.autoconfigure.web.servlet.WebDriverTestExecutionListener@1e8bccfb, org.springframework.boot.test.autoconfigure.webservices.client.MockWebServiceServerTestExecutionListener@77eb607e]
12:23:17.792 [main] DEBUG org.springframework.test.annotation.ProfileValueUtils - Retrieved @ProfileValueSourceConfiguration [null] for test class [net.revature.binarybuiltbyte.project2.ByteUserTest]
12:23:17.792 [main] DEBUG org.springframework.test.annotation.ProfileValueUtils - Retrieved ProfileValueSource type [class org.springframework.test.annotation.SystemProfileValueSource] for class [net.revature.binarybuiltbyte.project2.ByteUserTest]
12:23:17.792 [main] DEBUG org.springframework.test.annotation.ProfileValueUtils - Retrieved @ProfileValueSourceConfiguration [null] for test class [net.revature.binarybuiltbyte.project2.ByteUserTest]
12:23:17.792 [main] DEBUG org.springframework.test.annotation.ProfileValueUtils - Retrieved ProfileValueSource type [class org.springframework.test.annotation.SystemProfileValueSource] for class [net.revature.binarybuiltbyte.project2.ByteUserTest]
12:23:17.793 [main] DEBUG org.springframework.test.annotation.ProfileValueUtils - Retrieved @ProfileValueSourceConfiguration [null] for test class [net.revature.binarybuiltbyte.project2.ByteUserTest]
12:23:17.793 [main] DEBUG org.springframework.test.annotation.ProfileValueUtils - Retrieved ProfileValueSource type [class org.springframework.test.annotation.SystemProfileValueSource] for class [net.revature.binarybuiltbyte.project2.ByteUserTest]
12:23:17.797 [main] DEBUG org.springframework.test.context.junit4.SpringJUnit4ClassRunner - SpringJUnit4ClassRunner constructor called with [class net.revature.binarybuiltbyte.project2.CategoryTest]
12:23:17.797 [main] DEBUG org.springframework.test.context.BootstrapUtils - Instantiating CacheAwareContextLoaderDelegate from class [org.springframework.test.context.cache.DefaultCacheAwareContextLoaderDelegate]
12:23:17.797 [main] DEBUG org.springframework.test.context.BootstrapUtils - Instantiating BootstrapContext using constructor [public org.springframework.test.context.support.DefaultBootstrapContext(java.lang.Class,org.springframework.test.context.CacheAwareContextLoaderDelegate)]
12:23:17.798 [main] DEBUG org.springframework.test.context.BootstrapUtils - Instantiating TestContextBootstrapper for test class [net.revature.binarybuiltbyte.project2.CategoryTest] from class [org.springframework.boot.test.context.SpringBootTestContextBootstrapper]
12:23:17.798 [main] INFO org.springframework.boot.test.context.SpringBootTestContextBootstrapper - Neither @ContextConfiguration nor @ContextHierarchy found for test class [net.revature.binarybuiltbyte.project2.CategoryTest], using SpringBootContextLoader
12:23:17.799 [main] DEBUG org.springframework.test.context.support.AbstractContextLoader - Did not detect default resource location for test class [net.revature.binarybuiltbyte.project2.CategoryTest]: class path resource [net/revature/binarybuiltbyte/project2/CategoryTest-context.xml] does not exist
12:23:17.799 [main] DEBUG org.springframework.test.context.support.AbstractContextLoader - Did not detect default resource location for test class [net.revature.binarybuiltbyte.project2.CategoryTest]: class path resource [net/revature/binarybuiltbyte/project2/CategoryTestContext.groovy] does not exist
12:23:17.799 [main] INFO org.springframework.test.context.support.AbstractContextLoader - Could not detect default resource locations for test class [net.revature.binarybuiltbyte.project2.CategoryTest]: no resource found for suffixes {-context.xml, Context.groovy}.
12:23:17.799 [main] INFO org.springframework.test.context.support.AnnotationConfigContextLoaderUtils - Could not detect default configuration classes for test class [net.revature.binarybuiltbyte.project2.CategoryTest]: CategoryTest does not declare any static, non-private, non-final, nested classes annotated with @Configuration.
12:23:17.804 [main] DEBUG org.springframework.test.context.support.ActiveProfilesUtils - Could not find an 'annotation declaring class' for annotation type [org.springframework.test.context.ActiveProfiles] and class [net.revature.binarybuiltbyte.project2.CategoryTest]
12:23:17.805 [main] INFO org.springframework.boot.test.context.SpringBootTestContextBootstrapper - Found @SpringBootConfiguration net.revature.binarybuiltbyte.project2.Project2Application for test class net.revature.binarybuiltbyte.project2.CategoryTest
12:23:17.807 [main] DEBUG org.springframework.boot.test.context.SpringBootTestContextBootstrapper - @TestExecutionListeners is not present for class [net.revature.binarybuiltbyte.project2.CategoryTest]: using defaults.
12:23:17.807 [main] INFO org.springframework.boot.test.context.SpringBootTestContextBootstrapper - Loaded default TestExecutionListener class names from location [META-INF/spring.factories]: [org.springframework.boot.test.mock.mockito.MockitoTestExecutionListener, org.springframework.boot.test.mock.mockito.ResetMocksTestExecutionListener, org.springframework.boot.test.autoconfigure.restdocs.RestDocsTestExecutionListener, org.springframework.boot.test.autoconfigure.web.client.MockRestServiceServerResetTestExecutionListener, org.springframework.boot.test.autoconfigure.web.servlet.MockMvcPrintOnlyOnFailureTestExecutionListener, org.springframework.boot.test.autoconfigure.web.servlet.WebDriverTestExecutionListener, org.springframework.boot.test.autoconfigure.webservices.client.MockWebServiceServerTestExecutionListener, org.springframework.test.context.web.ServletTestExecutionListener, org.springframework.test.context.support.DirtiesContextBeforeModesTestExecutionListener, org.springframework.test.context.event.ApplicationEventsTestExecutionListener, org.springframework.test.context.support.DependencyInjectionTestExecutionListener, org.springframework.test.context.support.DirtiesContextTestExecutionListener, org.springframework.test.context.transaction.TransactionalTestExecutionListener, org.springframework.test.context.jdbc.SqlScriptsTestExecutionListener, org.springframework.test.context.event.EventPublishingTestExecutionListener, org.springframework.security.test.context.support.WithSecurityContextTestExecutionListener, org.springframework.security.test.context.support.ReactorContextTestExecutionListener]
12:23:17.808 [main] INFO org.springframework.boot.test.context.SpringBootTestContextBootstrapper - Using TestExecutionListeners: [org.springframework.test.context.web.ServletTestExecutionListener@6d31f14, org.springframework.test.context.support.DirtiesContextBeforeModesTestExecutionListener@404009df, org.springframework.test.context.event.ApplicationEventsTestExecutionListener@75e4fe3c, org.springframework.boot.test.mock.mockito.MockitoTestExecutionListener@7bda01da, org.springframework.boot.test.autoconfigure.SpringBootDependencyInjectionTestExecutionListener@65ef9a0a, org.springframework.test.context.support.DirtiesContextTestExecutionListener@25216999, org.springframework.test.context.transaction.TransactionalTestExecutionListener@77e6761f, org.springframework.test.context.jdbc.SqlScriptsTestExecutionListener@5c997de8, org.springframework.test.context.event.EventPublishingTestExecutionListener@45bf93bb, org.springframework.security.test.context.support.WithSecurityContextTestExecutionListener@6b7c4734, org.springframework.security.test.context.support.ReactorContextTestExecutionListener@2f6e92ca, org.springframework.boot.test.mock.mockito.ResetMocksTestExecutionListener@380fdcf2, org.springframework.boot.test.autoconfigure.restdocs.RestDocsTestExecutionListener@114b203, org.springframework.boot.test.autoconfigure.web.client.MockRestServiceServerResetTestExecutionListener@8d810f2, org.springframework.boot.test.autoconfigure.web.servlet.MockMvcPrintOnlyOnFailureTestExecutionListener@537b3be1, org.springframework.boot.test.autoconfigure.web.servlet.WebDriverTestExecutionListener@15d58530, org.springframework.boot.test.autoconfigure.webservices.client.MockWebServiceServerTestExecutionListener@31f5b923]
12:23:17.809 [main] DEBUG org.springframework.test.annotation.ProfileValueUtils - Retrieved @ProfileValueSourceConfiguration [null] for test class [net.revature.binarybuiltbyte.project2.CategoryTest]
12:23:17.809 [main] DEBUG org.springframework.test.annotation.ProfileValueUtils - Retrieved ProfileValueSource type [class org.springframework.test.annotation.SystemProfileValueSource] for class [net.revature.binarybuiltbyte.project2.CategoryTest]
12:23:17.809 [main] DEBUG org.springframework.test.annotation.ProfileValueUtils - Retrieved @ProfileValueSourceConfiguration [null] for test class [net.revature.binarybuiltbyte.project2.CategoryTest]
12:23:17.809 [main] DEBUG org.springframework.test.annotation.ProfileValueUtils - Retrieved ProfileValueSource type [class org.springframework.test.annotation.SystemProfileValueSource] for class [net.revature.binarybuiltbyte.project2.CategoryTest]
12:23:17.809 [main] DEBUG org.springframework.test.annotation.ProfileValueUtils - Retrieved @ProfileValueSourceConfiguration [null] for test class [net.revature.binarybuiltbyte.project2.CategoryTest]
12:23:17.809 [main] DEBUG org.springframework.test.annotation.ProfileValueUtils - Retrieved ProfileValueSource type [class org.springframework.test.annotation.SystemProfileValueSource] for class [net.revature.binarybuiltbyte.project2.CategoryTest]
12:23:17.817 [main] DEBUG org.springframework.test.context.junit4.SpringJUnit4ClassRunner - SpringJUnit4ClassRunner constructor called with [class net.revature.binarybuiltbyte.project2.PaymentTest]
12:23:17.817 [main] DEBUG org.springframework.test.context.BootstrapUtils - Instantiating CacheAwareContextLoaderDelegate from class [org.springframework.test.context.cache.DefaultCacheAwareContextLoaderDelegate]
12:23:17.817 [main] DEBUG org.springframework.test.context.BootstrapUtils - Instantiating BootstrapContext using constructor [public org.springframework.test.context.support.DefaultBootstrapContext(java.lang.Class,org.springframework.test.context.CacheAwareContextLoaderDelegate)]
12:23:17.817 [main] DEBUG org.springframework.test.context.BootstrapUtils - Instantiating TestContextBootstrapper for test class [net.revature.binarybuiltbyte.project2.PaymentTest] from class [org.springframework.boot.test.context.SpringBootTestContextBootstrapper]
12:23:17.818 [main] INFO org.springframework.boot.test.context.SpringBootTestContextBootstrapper - Neither @ContextConfiguration nor @ContextHierarchy found for test class [net.revature.binarybuiltbyte.project2.PaymentTest], using SpringBootContextLoader
12:23:17.819 [main] DEBUG org.springframework.test.context.support.AbstractContextLoader - Did not detect default resource location for test class [net.revature.binarybuiltbyte.project2.PaymentTest]: class path resource [net/revature/binarybuiltbyte/project2/PaymentTest-context.xml] does not exist
12:23:17.819 [main] DEBUG org.springframework.test.context.support.AbstractContextLoader - Did not detect default resource location for test class [net.revature.binarybuiltbyte.project2.PaymentTest]: class path resource [net/revature/binarybuiltbyte/project2/PaymentTestContext.groovy] does not exist
12:23:17.819 [main] INFO org.springframework.test.context.support.AbstractContextLoader - Could not detect default resource locations for test class [net.revature.binarybuiltbyte.project2.PaymentTest]: no resource found for suffixes {-context.xml, Context.groovy}.
12:23:17.820 [main] INFO org.springframework.test.context.support.AnnotationConfigContextLoaderUtils - Could not detect default configuration classes for test class [net.revature.binarybuiltbyte.project2.PaymentTest]: PaymentTest does not declare any static, non-private, non-final, nested classes annotated with @Configuration.
12:23:17.824 [main] DEBUG org.springframework.test.context.support.ActiveProfilesUtils - Could not find an 'annotation declaring class' for annotation type [org.springframework.test.context.ActiveProfiles] and class [net.revature.binarybuiltbyte.project2.PaymentTest]
12:23:17.824 [main] INFO org.springframework.boot.test.context.SpringBootTestContextBootstrapper - Found @SpringBootConfiguration net.revature.binarybuiltbyte.project2.Project2Application for test class net.revature.binarybuiltbyte.project2.PaymentTest
12:23:17.826 [main] DEBUG org.springframework.boot.test.context.SpringBootTestContextBootstrapper - @TestExecutionListeners is not present for class [net.revature.binarybuiltbyte.project2.PaymentTest]: using defaults.
12:23:17.826 [main] INFO org.springframework.boot.test.context.SpringBootTestContextBootstrapper - Loaded default TestExecutionListener class names from location [META-INF/spring.factories]: [org.springframework.boot.test.mock.mockito.MockitoTestExecutionListener, org.springframework.boot.test.mock.mockito.ResetMocksTestExecutionListener, org.springframework.boot.test.autoconfigure.restdocs.RestDocsTestExecutionListener, org.springframework.boot.test.autoconfigure.web.client.MockRestServiceServerResetTestExecutionListener, org.springframework.boot.test.autoconfigure.web.servlet.MockMvcPrintOnlyOnFailureTestExecutionListener, org.springframework.boot.test.autoconfigure.web.servlet.WebDriverTestExecutionListener, org.springframework.boot.test.autoconfigure.webservices.client.MockWebServiceServerTestExecutionListener, org.springframework.test.context.web.ServletTestExecutionListener, org.springframework.test.context.support.DirtiesContextBeforeModesTestExecutionListener, org.springframework.test.context.event.ApplicationEventsTestExecutionListener, org.springframework.test.context.support.DependencyInjectionTestExecutionListener, org.springframework.test.context.support.DirtiesContextTestExecutionListener, org.springframework.test.context.transaction.TransactionalTestExecutionListener, org.springframework.test.context.jdbc.SqlScriptsTestExecutionListener, org.springframework.test.context.event.EventPublishingTestExecutionListener, org.springframework.security.test.context.support.WithSecurityContextTestExecutionListener, org.springframework.security.test.context.support.ReactorContextTestExecutionListener]
12:23:17.827 [main] INFO org.springframework.boot.test.context.SpringBootTestContextBootstrapper - Using TestExecutionListeners: [org.springframework.test.context.web.ServletTestExecutionListener@356fa0d1, org.springframework.test.context.support.DirtiesContextBeforeModesTestExecutionListener@51508029, org.springframework.test.context.event.ApplicationEventsTestExecutionListener@5f20b6fe, org.springframework.boot.test.mock.mockito.MockitoTestExecutionListener@31880efa, org.springframework.boot.test.autoconfigure.SpringBootDependencyInjectionTestExecutionListener@79295932, org.springframework.test.context.support.DirtiesContextTestExecutionListener@2cadcff6, org.springframework.test.context.transaction.TransactionalTestExecutionListener@76e00bdb, org.springframework.test.context.jdbc.SqlScriptsTestExecutionListener@7ee2423, org.springframework.test.context.event.EventPublishingTestExecutionListener@343d1d25, org.springframework.security.test.context.support.WithSecurityContextTestExecutionListener@762da62b, org.springframework.security.test.context.support.ReactorContextTestExecutionListener@e5c5e6, org.springframework.boot.test.mock.mockito.ResetMocksTestExecutionListener@76dc36e5, org.springframework.boot.test.autoconfigure.restdocs.RestDocsTestExecutionListener@2a54c92e, org.springframework.boot.test.autoconfigure.web.client.MockRestServiceServerResetTestExecutionListener@31533eb1, org.springframework.boot.test.autoconfigure.web.servlet.MockMvcPrintOnlyOnFailureTestExecutionListener@1fb71788, org.springframework.boot.test.autoconfigure.web.servlet.WebDriverTestExecutionListener@8cb7185, org.springframework.boot.test.autoconfigure.webservices.client.MockWebServiceServerTestExecutionListener@4dac40b]
12:23:17.828 [main] DEBUG org.springframework.test.annotation.ProfileValueUtils - Retrieved @ProfileValueSourceConfiguration [null] for test class [net.revature.binarybuiltbyte.project2.PaymentTest]
12:23:17.828 [main] DEBUG org.springframework.test.annotation.ProfileValueUtils - Retrieved ProfileValueSource type [class org.springframework.test.annotation.SystemProfileValueSource] for class [net.revature.binarybuiltbyte.project2.PaymentTest]
12:23:17.828 [main] DEBUG org.springframework.test.annotation.ProfileValueUtils - Retrieved @ProfileValueSourceConfiguration [null] for test class [net.revature.binarybuiltbyte.project2.PaymentTest]
12:23:17.828 [main] DEBUG org.springframework.test.annotation.ProfileValueUtils - Retrieved ProfileValueSource type [class org.springframework.test.annotation.SystemProfileValueSource] for class [net.revature.binarybuiltbyte.project2.PaymentTest]
12:23:17.828 [main] DEBUG org.springframework.test.annotation.ProfileValueUtils - Retrieved @ProfileValueSourceConfiguration [null] for test class [net.revature.binarybuiltbyte.project2.PaymentTest]
12:23:17.829 [main] DEBUG org.springframework.test.annotation.ProfileValueUtils - Retrieved ProfileValueSource type [class org.springframework.test.annotation.SystemProfileValueSource] for class [net.revature.binarybuiltbyte.project2.PaymentTest]
12:23:17.833 [main] DEBUG org.springframework.test.context.junit4.SpringJUnit4ClassRunner - SpringJUnit4ClassRunner constructor called with [class net.revature.binarybuiltbyte.project2.ProductOrderTest]
12:23:17.834 [main] DEBUG org.springframework.test.context.BootstrapUtils - Instantiating CacheAwareContextLoaderDelegate from class [org.springframework.test.context.cache.DefaultCacheAwareContextLoaderDelegate]
12:23:17.834 [main] DEBUG org.springframework.test.context.BootstrapUtils - Instantiating BootstrapContext using constructor [public org.springframework.test.context.support.DefaultBootstrapContext(java.lang.Class,org.springframework.test.context.CacheAwareContextLoaderDelegate)]
12:23:17.834 [main] DEBUG org.springframework.test.context.BootstrapUtils - Instantiating TestContextBootstrapper for test class [net.revature.binarybuiltbyte.project2.ProductOrderTest] from class [org.springframework.boot.test.context.SpringBootTestContextBootstrapper]
12:23:17.835 [main] INFO org.springframework.boot.test.context.SpringBootTestContextBootstrapper - Neither @ContextConfiguration nor @ContextHierarchy found for test class [net.revature.binarybuiltbyte.project2.ProductOrderTest], using SpringBootContextLoader
12:23:17.835 [main] DEBUG org.springframework.test.context.support.AbstractContextLoader - Did not detect default resource location for test class [net.revature.binarybuiltbyte.project2.ProductOrderTest]: class path resource [net/revature/binarybuiltbyte/project2/ProductOrderTest-context.xml] does not exist
12:23:17.836 [main] DEBUG org.springframework.test.context.support.AbstractContextLoader - Did not detect default resource location for test class [net.revature.binarybuiltbyte.project2.ProductOrderTest]: class path resource [net/revature/binarybuiltbyte/project2/ProductOrderTestContext.groovy] does not exist
12:23:17.836 [main] INFO org.springframework.test.context.support.AbstractContextLoader - Could not detect default resource locations for test class [net.revature.binarybuiltbyte.project2.ProductOrderTest]: no resource found for suffixes {-context.xml, Context.groovy}.
12:23:17.836 [main] INFO org.springframework.test.context.support.AnnotationConfigContextLoaderUtils - Could not detect default configuration classes for test class [net.revature.binarybuiltbyte.project2.ProductOrderTest]: ProductOrderTest does not declare any static, non-private, non-final, nested classes annotated with @Configuration.
12:23:17.840 [main] DEBUG org.springframework.test.context.support.ActiveProfilesUtils - Could not find an 'annotation declaring class' for annotation type [org.springframework.test.context.ActiveProfiles] and class [net.revature.binarybuiltbyte.project2.ProductOrderTest]
12:23:17.840 [main] INFO org.springframework.boot.test.context.SpringBootTestContextBootstrapper - Found @SpringBootConfiguration net.revature.binarybuiltbyte.project2.Project2Application for test class net.revature.binarybuiltbyte.project2.ProductOrderTest
12:23:17.843 [main] DEBUG org.springframework.boot.test.context.SpringBootTestContextBootstrapper - @TestExecutionListeners is not present for class [net.revature.binarybuiltbyte.project2.ProductOrderTest]: using defaults.
12:23:17.843 [main] INFO org.springframework.boot.test.context.SpringBootTestContextBootstrapper - Loaded default TestExecutionListener class names from location [META-INF/spring.factories]: [org.springframework.boot.test.mock.mockito.MockitoTestExecutionListener, org.springframework.boot.test.mock.mockito.ResetMocksTestExecutionListener, org.springframework.boot.test.autoconfigure.restdocs.RestDocsTestExecutionListener, org.springframework.boot.test.autoconfigure.web.client.MockRestServiceServerResetTestExecutionListener, org.springframework.boot.test.autoconfigure.web.servlet.MockMvcPrintOnlyOnFailureTestExecutionListener, org.springframework.boot.test.autoconfigure.web.servlet.WebDriverTestExecutionListener, org.springframework.boot.test.autoconfigure.webservices.client.MockWebServiceServerTestExecutionListener, org.springframework.test.context.web.ServletTestExecutionListener, org.springframework.test.context.support.DirtiesContextBeforeModesTestExecutionListener, org.springframework.test.context.event.ApplicationEventsTestExecutionListener, org.springframework.test.context.support.DependencyInjectionTestExecutionListener, org.springframework.test.context.support.DirtiesContextTestExecutionListener, org.springframework.test.context.transaction.TransactionalTestExecutionListener, org.springframework.test.context.jdbc.SqlScriptsTestExecutionListener, org.springframework.test.context.event.EventPublishingTestExecutionListener, org.springframework.security.test.context.support.WithSecurityContextTestExecutionListener, org.springframework.security.test.context.support.ReactorContextTestExecutionListener]
12:23:17.844 [main] INFO org.springframework.boot.test.context.SpringBootTestContextBootstrapper - Using TestExecutionListeners: [org.springframework.test.context.web.ServletTestExecutionListener@6cd66f6a, org.springframework.test.context.support.DirtiesContextBeforeModesTestExecutionListener@d512c1, org.springframework.test.context.event.ApplicationEventsTestExecutionListener@578b2dec, org.springframework.boot.test.mock.mockito.MockitoTestExecutionListener@66863941, org.springframework.boot.test.autoconfigure.SpringBootDependencyInjectionTestExecutionListener@39f4a7c4, org.springframework.test.context.support.DirtiesContextTestExecutionListener@111fe921, org.springframework.test.context.transaction.TransactionalTestExecutionListener@1ff542a3, org.springframework.test.context.jdbc.SqlScriptsTestExecutionListener@48ee3c2d, org.springframework.test.context.event.EventPublishingTestExecutionListener@54387873, org.springframework.security.test.context.support.WithSecurityContextTestExecutionListener@3a80c534, org.springframework.security.test.context.support.ReactorContextTestExecutionListener@fd5689d, org.springframework.boot.test.mock.mockito.ResetMocksTestExecutionListener@36e3321e, org.springframework.boot.test.autoconfigure.restdocs.RestDocsTestExecutionListener@218f2f51, org.springframework.boot.test.autoconfigure.web.client.MockRestServiceServerResetTestExecutionListener@1d9af731, org.springframework.boot.test.autoconfigure.web.servlet.MockMvcPrintOnlyOnFailureTestExecutionListener@39afe59f, org.springframework.boot.test.autoconfigure.web.servlet.WebDriverTestExecutionListener@16f34376, org.springframework.boot.test.autoconfigure.webservices.client.MockWebServiceServerTestExecutionListener@4ede035e]
12:23:17.844 [main] DEBUG org.springframework.test.annotation.ProfileValueUtils - Retrieved @ProfileValueSourceConfiguration [null] for test class [net.revature.binarybuiltbyte.project2.ProductOrderTest]
12:23:17.845 [main] DEBUG org.springframework.test.annotation.ProfileValueUtils - Retrieved ProfileValueSource type [class org.springframework.test.annotation.SystemProfileValueSource] for class [net.revature.binarybuiltbyte.project2.ProductOrderTest]
12:23:17.845 [main] DEBUG org.springframework.test.annotation.ProfileValueUtils - Retrieved @ProfileValueSourceConfiguration [null] for test class [net.revature.binarybuiltbyte.project2.ProductOrderTest]
12:23:17.845 [main] DEBUG org.springframework.test.annotation.ProfileValueUtils - Retrieved ProfileValueSource type [class org.springframework.test.annotation.SystemProfileValueSource] for class [net.revature.binarybuiltbyte.project2.ProductOrderTest]
12:23:17.845 [main] DEBUG org.springframework.test.annotation.ProfileValueUtils - Retrieved @ProfileValueSourceConfiguration [null] for test class [net.revature.binarybuiltbyte.project2.ProductOrderTest]
12:23:17.845 [main] DEBUG org.springframework.test.annotation.ProfileValueUtils - Retrieved ProfileValueSource type [class org.springframework.test.annotation.SystemProfileValueSource] for class [net.revature.binarybuiltbyte.project2.ProductOrderTest]
12:23:17.849 [main] DEBUG org.springframework.test.context.junit4.SpringJUnit4ClassRunner - SpringJUnit4ClassRunner constructor called with [class net.revature.binarybuiltbyte.project2.ProductTest]
12:23:17.849 [main] DEBUG org.springframework.test.context.BootstrapUtils - Instantiating CacheAwareContextLoaderDelegate from class [org.springframework.test.context.cache.DefaultCacheAwareContextLoaderDelegate]
12:23:17.849 [main] DEBUG org.springframework.test.context.BootstrapUtils - Instantiating BootstrapContext using constructor [public org.springframework.test.context.support.DefaultBootstrapContext(java.lang.Class,org.springframework.test.context.CacheAwareContextLoaderDelegate)]
12:23:17.850 [main] DEBUG org.springframework.test.context.BootstrapUtils - Instantiating TestContextBootstrapper for test class [net.revature.binarybuiltbyte.project2.ProductTest] from class [org.springframework.boot.test.context.SpringBootTestContextBootstrapper]
12:23:17.850 [main] INFO org.springframework.boot.test.context.SpringBootTestContextBootstrapper - Neither @ContextConfiguration nor @ContextHierarchy found for test class [net.revature.binarybuiltbyte.project2.ProductTest], using SpringBootContextLoader
12:23:17.851 [main] DEBUG org.springframework.test.context.support.AbstractContextLoader - Did not detect default resource location for test class [net.revature.binarybuiltbyte.project2.ProductTest]: class path resource [net/revature/binarybuiltbyte/project2/ProductTest-context.xml] does not exist
12:23:17.851 [main] DEBUG org.springframework.test.context.support.AbstractContextLoader - Did not detect default resource location for test class [net.revature.binarybuiltbyte.project2.ProductTest]: class path resource [net/revature/binarybuiltbyte/project2/ProductTestContext.groovy] does not exist
12:23:17.851 [main] INFO org.springframework.test.context.support.AbstractContextLoader - Could not detect default resource locations for test class [net.revature.binarybuiltbyte.project2.ProductTest]: no resource found for suffixes {-context.xml, Context.groovy}.
12:23:17.851 [main] INFO org.springframework.test.context.support.AnnotationConfigContextLoaderUtils - Could not detect default configuration classes for test class [net.revature.binarybuiltbyte.project2.ProductTest]: ProductTest does not declare any static, non-private, non-final, nested classes annotated with @Configuration.
12:23:17.855 [main] DEBUG org.springframework.test.context.support.ActiveProfilesUtils - Could not find an 'annotation declaring class' for annotation type [org.springframework.test.context.ActiveProfiles] and class [net.revature.binarybuiltbyte.project2.ProductTest]
12:23:17.856 [main] INFO org.springframework.boot.test.context.SpringBootTestContextBootstrapper - Found @SpringBootConfiguration net.revature.binarybuiltbyte.project2.Project2Application for test class net.revature.binarybuiltbyte.project2.ProductTest
12:23:17.858 [main] DEBUG org.springframework.boot.test.context.SpringBootTestContextBootstrapper - @TestExecutionListeners is not present for class [net.revature.binarybuiltbyte.project2.ProductTest]: using defaults.
12:23:17.858 [main] INFO org.springframework.boot.test.context.SpringBootTestContextBootstrapper - Loaded default TestExecutionListener class names from location [META-INF/spring.factories]: [org.springframework.boot.test.mock.mockito.MockitoTestExecutionListener, org.springframework.boot.test.mock.mockito.ResetMocksTestExecutionListener, org.springframework.boot.test.autoconfigure.restdocs.RestDocsTestExecutionListener, org.springframework.boot.test.autoconfigure.web.client.MockRestServiceServerResetTestExecutionListener, org.springframework.boot.test.autoconfigure.web.servlet.MockMvcPrintOnlyOnFailureTestExecutionListener, org.springframework.boot.test.autoconfigure.web.servlet.WebDriverTestExecutionListener, org.springframework.boot.test.autoconfigure.webservices.client.MockWebServiceServerTestExecutionListener, org.springframework.test.context.web.ServletTestExecutionListener, org.springframework.test.context.support.DirtiesContextBeforeModesTestExecutionListener, org.springframework.test.context.event.ApplicationEventsTestExecutionListener, org.springframework.test.context.support.DependencyInjectionTestExecutionListener, org.springframework.test.context.support.DirtiesContextTestExecutionListener, org.springframework.test.context.transaction.TransactionalTestExecutionListener, org.springframework.test.context.jdbc.SqlScriptsTestExecutionListener, org.springframework.test.context.event.EventPublishingTestExecutionListener, org.springframework.security.test.context.support.WithSecurityContextTestExecutionListener, org.springframework.security.test.context.support.ReactorContextTestExecutionListener]
12:23:17.859 [main] INFO org.springframework.boot.test.context.SpringBootTestContextBootstrapper - Using TestExecutionListeners: [org.springframework.test.context.web.ServletTestExecutionListener@8ef1d58, org.springframework.test.context.support.DirtiesContextBeforeModesTestExecutionListener@2619cb76, org.springframework.test.context.event.ApplicationEventsTestExecutionListener@56f2c9e8, org.springframework.boot.test.mock.mockito.MockitoTestExecutionListener@457692cb, org.springframework.boot.test.autoconfigure.SpringBootDependencyInjectionTestExecutionListener@350342e0, org.springframework.test.context.support.DirtiesContextTestExecutionListener@5d297d4d, org.springframework.test.context.transaction.TransactionalTestExecutionListener@1dd44289, org.springframework.test.context.jdbc.SqlScriptsTestExecutionListener@6cc56b32, org.springframework.test.context.event.EventPublishingTestExecutionListener@43fe2008, org.springframework.security.test.context.support.WithSecurityContextTestExecutionListener@552bee2f, org.springframework.security.test.context.support.ReactorContextTestExecutionListener@6a543e09, org.springframework.boot.test.mock.mockito.ResetMocksTestExecutionListener@2d0f548a, org.springframework.boot.test.autoconfigure.restdocs.RestDocsTestExecutionListener@1fc3df43, org.springframework.boot.test.autoconfigure.web.client.MockRestServiceServerResetTestExecutionListener@15130002, org.springframework.boot.test.autoconfigure.web.servlet.MockMvcPrintOnlyOnFailureTestExecutionListener@5e7cd0df, org.springframework.boot.test.autoconfigure.web.servlet.WebDriverTestExecutionListener@900649e, org.springframework.boot.test.autoconfigure.webservices.client.MockWebServiceServerTestExecutionListener@8b89b3a]
12:23:17.860 [main] DEBUG org.springframework.test.annotation.ProfileValueUtils - Retrieved @ProfileValueSourceConfiguration [null] for test class [net.revature.binarybuiltbyte.project2.ProductTest]
12:23:17.860 [main] DEBUG org.springframework.test.annotation.ProfileValueUtils - Retrieved ProfileValueSource type [class org.springframework.test.annotation.SystemProfileValueSource] for class [net.revature.binarybuiltbyte.project2.ProductTest]
12:23:17.860 [main] DEBUG org.springframework.test.annotation.ProfileValueUtils - Retrieved @ProfileValueSourceConfiguration [null] for test class [net.revature.binarybuiltbyte.project2.ProductTest]
12:23:17.860 [main] DEBUG org.springframework.test.annotation.ProfileValueUtils - Retrieved ProfileValueSource type [class org.springframework.test.annotation.SystemProfileValueSource] for class [net.revature.binarybuiltbyte.project2.ProductTest]
12:23:17.860 [main] DEBUG org.springframework.test.annotation.ProfileValueUtils - Retrieved @ProfileValueSourceConfiguration [null] for test class [net.revature.binarybuiltbyte.project2.ProductTest]
12:23:17.860 [main] DEBUG org.springframework.test.annotation.ProfileValueUtils - Retrieved ProfileValueSource type [class org.springframework.test.annotation.SystemProfileValueSource] for class [net.revature.binarybuiltbyte.project2.ProductTest]
12:23:17.871 [main] DEBUG org.springframework.test.context.junit4.SpringJUnit4ClassRunner - SpringJUnit4ClassRunner constructor called with [class net.revature.binarybuiltbyte.project2.ReviewTest]
12:23:17.872 [main] DEBUG org.springframework.test.context.BootstrapUtils - Instantiating CacheAwareContextLoaderDelegate from class [org.springframework.test.context.cache.DefaultCacheAwareContextLoaderDelegate]
12:23:17.872 [main] DEBUG org.springframework.test.context.BootstrapUtils - Instantiating BootstrapContext using constructor [public org.springframework.test.context.support.DefaultBootstrapContext(java.lang.Class,org.springframework.test.context.CacheAwareContextLoaderDelegate)]
12:23:17.872 [main] DEBUG org.springframework.test.context.BootstrapUtils - Instantiating TestContextBootstrapper for test class [net.revature.binarybuiltbyte.project2.ReviewTest] from class [org.springframework.boot.test.context.SpringBootTestContextBootstrapper]
12:23:17.873 [main] INFO org.springframework.boot.test.context.SpringBootTestContextBootstrapper - Neither @ContextConfiguration nor @ContextHierarchy found for test class [net.revature.binarybuiltbyte.project2.ReviewTest], using SpringBootContextLoader
12:23:17.874 [main] DEBUG org.springframework.test.context.support.AbstractContextLoader - Did not detect default resource location for test class [net.revature.binarybuiltbyte.project2.ReviewTest]: class path resource [net/revature/binarybuiltbyte/project2/ReviewTest-context.xml] does not exist
12:23:17.874 [main] DEBUG org.springframework.test.context.support.AbstractContextLoader - Did not detect default resource location for test class [net.revature.binarybuiltbyte.project2.ReviewTest]: class path resource [net/revature/binarybuiltbyte/project2/ReviewTestContext.groovy] does not exist
12:23:17.874 [main] INFO org.springframework.test.context.support.AbstractContextLoader - Could not detect default resource locations for test class [net.revature.binarybuiltbyte.project2.ReviewTest]: no resource found for suffixes {-context.xml, Context.groovy}.
12:23:17.874 [main] INFO org.springframework.test.context.support.AnnotationConfigContextLoaderUtils - Could not detect default configuration classes for test class [net.revature.binarybuiltbyte.project2.ReviewTest]: ReviewTest does not declare any static, non-private, non-final, nested classes annotated with @Configuration.
12:23:17.878 [main] DEBUG org.springframework.test.context.support.ActiveProfilesUtils - Could not find an 'annotation declaring class' for annotation type [org.springframework.test.context.ActiveProfiles] and class [net.revature.binarybuiltbyte.project2.ReviewTest]
12:23:17.878 [main] INFO org.springframework.boot.test.context.SpringBootTestContextBootstrapper - Found @SpringBootConfiguration net.revature.binarybuiltbyte.project2.Project2Application for test class net.revature.binarybuiltbyte.project2.ReviewTest
12:23:17.880 [main] DEBUG org.springframework.boot.test.context.SpringBootTestContextBootstrapper - @TestExecutionListeners is not present for class [net.revature.binarybuiltbyte.project2.ReviewTest]: using defaults.
12:23:17.881 [main] INFO org.springframework.boot.test.context.SpringBootTestContextBootstrapper - Loaded default TestExecutionListener class names from location [META-INF/spring.factories]: [org.springframework.boot.test.mock.mockito.MockitoTestExecutionListener, org.springframework.boot.test.mock.mockito.ResetMocksTestExecutionListener, org.springframework.boot.test.autoconfigure.restdocs.RestDocsTestExecutionListener, org.springframework.boot.test.autoconfigure.web.client.MockRestServiceServerResetTestExecutionListener, org.springframework.boot.test.autoconfigure.web.servlet.MockMvcPrintOnlyOnFailureTestExecutionListener, org.springframework.boot.test.autoconfigure.web.servlet.WebDriverTestExecutionListener, org.springframework.boot.test.autoconfigure.webservices.client.MockWebServiceServerTestExecutionListener, org.springframework.test.context.web.ServletTestExecutionListener, org.springframework.test.context.support.DirtiesContextBeforeModesTestExecutionListener, org.springframework.test.context.event.ApplicationEventsTestExecutionListener, org.springframework.test.context.support.DependencyInjectionTestExecutionListener, org.springframework.test.context.support.DirtiesContextTestExecutionListener, org.springframework.test.context.transaction.TransactionalTestExecutionListener, org.springframework.test.context.jdbc.SqlScriptsTestExecutionListener, org.springframework.test.context.event.EventPublishingTestExecutionListener, org.springframework.security.test.context.support.WithSecurityContextTestExecutionListener, org.springframework.security.test.context.support.ReactorContextTestExecutionListener]
12:23:17.881 [main] INFO org.springframework.boot.test.context.SpringBootTestContextBootstrapper - Using TestExecutionListeners: [org.springframework.test.context.web.ServletTestExecutionListener@14239223, org.springframework.test.context.support.DirtiesContextBeforeModesTestExecutionListener@68df8c6, org.springframework.test.context.event.ApplicationEventsTestExecutionListener@7c206b14, org.springframework.boot.test.mock.mockito.MockitoTestExecutionListener@2b8cf049, org.springframework.boot.test.autoconfigure.SpringBootDependencyInjectionTestExecutionListener@2336cd91, org.springframework.test.context.support.DirtiesContextTestExecutionListener@4a944af9, org.springframework.test.context.transaction.TransactionalTestExecutionListener@3593e074, org.springframework.test.context.jdbc.SqlScriptsTestExecutionListener@79d14037, org.springframework.test.context.event.EventPublishingTestExecutionListener@6c1e40d9, org.springframework.security.test.context.support.WithSecurityContextTestExecutionListener@4b50c21, org.springframework.security.test.context.support.ReactorContextTestExecutionListener@2e0fdc83, org.springframework.boot.test.mock.mockito.ResetMocksTestExecutionListener@5dacf18d, org.springframework.boot.test.autoconfigure.restdocs.RestDocsTestExecutionListener@432a6a69, org.springframework.boot.test.autoconfigure.web.client.MockRestServiceServerResetTestExecutionListener@6f52a229, org.springframework.boot.test.autoconfigure.web.servlet.MockMvcPrintOnlyOnFailureTestExecutionListener@3fe98084, org.springframework.boot.test.autoconfigure.web.servlet.WebDriverTestExecutionListener@5f33e6d, org.springframework.boot.test.autoconfigure.webservices.client.MockWebServiceServerTestExecutionListener@151a6598]
12:23:17.882 [main] DEBUG org.springframework.test.annotation.ProfileValueUtils - Retrieved @ProfileValueSourceConfiguration [null] for test class [net.revature.binarybuiltbyte.project2.ReviewTest]
12:23:17.882 [main] DEBUG org.springframework.test.annotation.ProfileValueUtils - Retrieved ProfileValueSource type [class org.springframework.test.annotation.SystemProfileValueSource] for class [net.revature.binarybuiltbyte.project2.ReviewTest]
12:23:17.882 [main] DEBUG org.springframework.test.annotation.ProfileValueUtils - Retrieved @ProfileValueSourceConfiguration [null] for test class [net.revature.binarybuiltbyte.project2.ReviewTest]
12:23:17.882 [main] DEBUG org.springframework.test.annotation.ProfileValueUtils - Retrieved ProfileValueSource type [class org.springframework.test.annotation.SystemProfileValueSource] for class [net.revature.binarybuiltbyte.project2.ReviewTest]
12:23:17.882 [main] DEBUG org.springframework.test.annotation.ProfileValueUtils - Retrieved @ProfileValueSourceConfiguration [null] for test class [net.revature.binarybuiltbyte.project2.ReviewTest]
12:23:17.882 [main] DEBUG org.springframework.test.annotation.ProfileValueUtils - Retrieved ProfileValueSource type [class org.springframework.test.annotation.SystemProfileValueSource] for class [net.revature.binarybuiltbyte.project2.ReviewTest]
12:23:17.889 [main] DEBUG org.springframework.test.context.junit4.SpringJUnit4ClassRunner - SpringJUnit4ClassRunner constructor called with [class net.revature.binarybuiltbyte.project2.AddressTest]
12:23:17.889 [main] DEBUG org.springframework.test.context.BootstrapUtils - Instantiating CacheAwareContextLoaderDelegate from class [org.springframework.test.context.cache.DefaultCacheAwareContextLoaderDelegate]
12:23:17.890 [main] DEBUG org.springframework.test.context.BootstrapUtils - Instantiating BootstrapContext using constructor [public org.springframework.test.context.support.DefaultBootstrapContext(java.lang.Class,org.springframework.test.context.CacheAwareContextLoaderDelegate)]
12:23:17.890 [main] DEBUG org.springframework.test.context.BootstrapUtils - Instantiating TestContextBootstrapper for test class [net.revature.binarybuiltbyte.project2.AddressTest] from class [org.springframework.boot.test.context.SpringBootTestContextBootstrapper]
12:23:17.890 [main] INFO org.springframework.boot.test.context.SpringBootTestContextBootstrapper - Neither @ContextConfiguration nor @ContextHierarchy found for test class [net.revature.binarybuiltbyte.project2.AddressTest], using SpringBootContextLoader
12:23:17.891 [main] DEBUG org.springframework.test.context.support.AbstractContextLoader - Did not detect default resource location for test class [net.revature.binarybuiltbyte.project2.AddressTest]: class path resource [net/revature/binarybuiltbyte/project2/AddressTest-context.xml] does not exist
12:23:17.892 [main] DEBUG org.springframework.test.context.support.AbstractContextLoader - Did not detect default resource location for test class [net.revature.binarybuiltbyte.project2.AddressTest]: class path resource [net/revature/binarybuiltbyte/project2/AddressTestContext.groovy] does not exist
12:23:17.892 [main] INFO org.springframework.test.context.support.AbstractContextLoader - Could not detect default resource locations for test class [net.revature.binarybuiltbyte.project2.AddressTest]: no resource found for suffixes {-context.xml, Context.groovy}.
12:23:17.892 [main] INFO org.springframework.test.context.support.AnnotationConfigContextLoaderUtils - Could not detect default configuration classes for test class [net.revature.binarybuiltbyte.project2.AddressTest]: AddressTest does not declare any static, non-private, non-final, nested classes annotated with @Configuration.
12:23:17.895 [main] DEBUG org.springframework.test.context.support.ActiveProfilesUtils - Could not find an 'annotation declaring class' for annotation type [org.springframework.test.context.ActiveProfiles] and class [net.revature.binarybuiltbyte.project2.AddressTest]
12:23:17.896 [main] INFO org.springframework.boot.test.context.SpringBootTestContextBootstrapper - Found @SpringBootConfiguration net.revature.binarybuiltbyte.project2.Project2Application for test class net.revature.binarybuiltbyte.project2.AddressTest
12:23:17.898 [main] DEBUG org.springframework.boot.test.context.SpringBootTestContextBootstrapper - @TestExecutionListeners is not present for class [net.revature.binarybuiltbyte.project2.AddressTest]: using defaults.
12:23:17.898 [main] INFO org.springframework.boot.test.context.SpringBootTestContextBootstrapper - Loaded default TestExecutionListener class names from location [META-INF/spring.factories]: [org.springframework.boot.test.mock.mockito.MockitoTestExecutionListener, org.springframework.boot.test.mock.mockito.ResetMocksTestExecutionListener, org.springframework.boot.test.autoconfigure.restdocs.RestDocsTestExecutionListener, org.springframework.boot.test.autoconfigure.web.client.MockRestServiceServerResetTestExecutionListener, org.springframework.boot.test.autoconfigure.web.servlet.MockMvcPrintOnlyOnFailureTestExecutionListener, org.springframework.boot.test.autoconfigure.web.servlet.WebDriverTestExecutionListener, org.springframework.boot.test.autoconfigure.webservices.client.MockWebServiceServerTestExecutionListener, org.springframework.test.context.web.ServletTestExecutionListener, org.springframework.test.context.support.DirtiesContextBeforeModesTestExecutionListener, org.springframework.test.context.event.ApplicationEventsTestExecutionListener, org.springframework.test.context.support.DependencyInjectionTestExecutionListener, org.springframework.test.context.support.DirtiesContextTestExecutionListener, org.springframework.test.context.transaction.TransactionalTestExecutionListener, org.springframework.test.context.jdbc.SqlScriptsTestExecutionListener, org.springframework.test.context.event.EventPublishingTestExecutionListener, org.springframework.security.test.context.support.WithSecurityContextTestExecutionListener, org.springframework.security.test.context.support.ReactorContextTestExecutionListener]
12:23:17.899 [main] INFO org.springframework.boot.test.context.SpringBootTestContextBootstrapper - Using TestExecutionListeners: [org.springframework.test.context.web.ServletTestExecutionListener@d0fabc8, org.springframework.test.context.support.DirtiesContextBeforeModesTestExecutionListener@12d44a2a, org.springframework.test.context.event.ApplicationEventsTestExecutionListener@1a66be41, org.springframework.boot.test.mock.mockito.MockitoTestExecutionListener@7f70e244, org.springframework.boot.test.autoconfigure.SpringBootDependencyInjectionTestExecutionListener@fd14789, org.springframework.test.context.support.DirtiesContextTestExecutionListener@3f64d943, org.springframework.test.context.transaction.TransactionalTestExecutionListener@105ffc58, org.springframework.test.context.jdbc.SqlScriptsTestExecutionListener@68454ed5, org.springframework.test.context.event.EventPublishingTestExecutionListener@6d2db15b, org.springframework.security.test.context.support.WithSecurityContextTestExecutionListener@749ad37c, org.springframework.security.test.context.support.ReactorContextTestExecutionListener@1b485c8b, org.springframework.boot.test.mock.mockito.ResetMocksTestExecutionListener@59b98ad1, org.springframework.boot.test.autoconfigure.restdocs.RestDocsTestExecutionListener@591e5fd4, org.springframework.boot.test.autoconfigure.web.client.MockRestServiceServerResetTestExecutionListener@7bbd76b8, org.springframework.boot.test.autoconfigure.web.servlet.MockMvcPrintOnlyOnFailureTestExecutionListener@2248d140, org.springframework.boot.test.autoconfigure.web.servlet.WebDriverTestExecutionListener@37b238da, org.springframework.boot.test.autoconfigure.webservices.client.MockWebServiceServerTestExecutionListener@1c792107]
12:23:17.899 [main] DEBUG org.springframework.test.annotation.ProfileValueUtils - Retrieved @ProfileValueSourceConfiguration [null] for test class [net.revature.binarybuiltbyte.project2.AddressTest]
12:23:17.899 [main] DEBUG org.springframework.test.annotation.ProfileValueUtils - Retrieved ProfileValueSource type [class org.springframework.test.annotation.SystemProfileValueSource] for class [net.revature.binarybuiltbyte.project2.AddressTest]
12:23:17.899 [main] DEBUG org.springframework.test.annotation.ProfileValueUtils - Retrieved @ProfileValueSourceConfiguration [null] for test class [net.revature.binarybuiltbyte.project2.AddressTest]
12:23:17.900 [main] DEBUG org.springframework.test.annotation.ProfileValueUtils - Retrieved ProfileValueSource type [class org.springframework.test.annotation.SystemProfileValueSource] for class [net.revature.binarybuiltbyte.project2.AddressTest]
12:23:17.900 [main] DEBUG org.springframework.test.annotation.ProfileValueUtils - Retrieved @ProfileValueSourceConfiguration [null] for test class [net.revature.binarybuiltbyte.project2.AddressTest]
12:23:17.900 [main] DEBUG org.springframework.test.annotation.ProfileValueUtils - Retrieved ProfileValueSource type [class org.springframework.test.annotation.SystemProfileValueSource] for class [net.revature.binarybuiltbyte.project2.AddressTest]
12:23:17.900 [main] DEBUG org.springframework.test.context.junit4.SpringJUnit4ClassRunner - SpringJUnit4ClassRunner constructor called with [class net.revature.binarybuiltbyte.project2.ByteUserTest]
12:23:17.900 [main] DEBUG org.springframework.test.context.BootstrapUtils - Instantiating CacheAwareContextLoaderDelegate from class [org.springframework.test.context.cache.DefaultCacheAwareContextLoaderDelegate]
12:23:17.900 [main] DEBUG org.springframework.test.context.BootstrapUtils - Instantiating BootstrapContext using constructor [public org.springframework.test.context.support.DefaultBootstrapContext(java.lang.Class,org.springframework.test.context.CacheAwareContextLoaderDelegate)]
12:23:17.901 [main] DEBUG org.springframework.test.context.BootstrapUtils - Instantiating TestContextBootstrapper for test class [net.revature.binarybuiltbyte.project2.ByteUserTest] from class [org.springframework.boot.test.context.SpringBootTestContextBootstrapper]
12:23:17.901 [main] INFO org.springframework.boot.test.context.SpringBootTestContextBootstrapper - Neither @ContextConfiguration nor @ContextHierarchy found for test class [net.revature.binarybuiltbyte.project2.ByteUserTest], using SpringBootContextLoader
12:23:17.902 [main] DEBUG org.springframework.test.context.support.AbstractContextLoader - Did not detect default resource location for test class [net.revature.binarybuiltbyte.project2.ByteUserTest]: class path resource [net/revature/binarybuiltbyte/project2/ByteUserTest-context.xml] does not exist
12:23:17.902 [main] DEBUG org.springframework.test.context.support.AbstractContextLoader - Did not detect default resource location for test class [net.revature.binarybuiltbyte.project2.ByteUserTest]: class path resource [net/revature/binarybuiltbyte/project2/ByteUserTestContext.groovy] does not exist
12:23:17.902 [main] INFO org.springframework.test.context.support.AbstractContextLoader - Could not detect default resource locations for test class [net.revature.binarybuiltbyte.project2.ByteUserTest]: no resource found for suffixes {-context.xml, Context.groovy}.
12:23:17.902 [main] INFO org.springframework.test.context.support.AnnotationConfigContextLoaderUtils - Could not detect default configuration classes for test class [net.revature.binarybuiltbyte.project2.ByteUserTest]: ByteUserTest does not declare any static, non-private, non-final, nested classes annotated with @Configuration.
12:23:17.904 [main] DEBUG org.springframework.test.context.support.ActiveProfilesUtils - Could not find an 'annotation declaring class' for annotation type [org.springframework.test.context.ActiveProfiles] and class [net.revature.binarybuiltbyte.project2.ByteUserTest]
12:23:17.905 [main] INFO org.springframework.boot.test.context.SpringBootTestContextBootstrapper - Found @SpringBootConfiguration net.revature.binarybuiltbyte.project2.Project2Application for test class net.revature.binarybuiltbyte.project2.ByteUserTest
12:23:17.907 [main] DEBUG org.springframework.boot.test.context.SpringBootTestContextBootstrapper - @TestExecutionListeners is not present for class [net.revature.binarybuiltbyte.project2.ByteUserTest]: using defaults.
12:23:17.907 [main] INFO org.springframework.boot.test.context.SpringBootTestContextBootstrapper - Loaded default TestExecutionListener class names from location [META-INF/spring.factories]: [org.springframework.boot.test.mock.mockito.MockitoTestExecutionListener, org.springframework.boot.test.mock.mockito.ResetMocksTestExecutionListener, org.springframework.boot.test.autoconfigure.restdocs.RestDocsTestExecutionListener, org.springframework.boot.test.autoconfigure.web.client.MockRestServiceServerResetTestExecutionListener, org.springframework.boot.test.autoconfigure.web.servlet.MockMvcPrintOnlyOnFailureTestExecutionListener, org.springframework.boot.test.autoconfigure.web.servlet.WebDriverTestExecutionListener, org.springframework.boot.test.autoconfigure.webservices.client.MockWebServiceServerTestExecutionListener, org.springframework.test.context.web.ServletTestExecutionListener, org.springframework.test.context.support.DirtiesContextBeforeModesTestExecutionListener, org.springframework.test.context.event.ApplicationEventsTestExecutionListener, org.springframework.test.context.support.DependencyInjectionTestExecutionListener, org.springframework.test.context.support.DirtiesContextTestExecutionListener, org.springframework.test.context.transaction.TransactionalTestExecutionListener, org.springframework.test.context.jdbc.SqlScriptsTestExecutionListener, org.springframework.test.context.event.EventPublishingTestExecutionListener, org.springframework.security.test.context.support.WithSecurityContextTestExecutionListener, org.springframework.security.test.context.support.ReactorContextTestExecutionListener]
12:23:17.908 [main] INFO org.springframework.boot.test.context.SpringBootTestContextBootstrapper - Using TestExecutionListeners: [org.springframework.test.context.web.ServletTestExecutionListener@68479e8b, org.springframework.test.context.support.DirtiesContextBeforeModesTestExecutionListener@4e951fb1, org.springframework.test.context.event.ApplicationEventsTestExecutionListener@1b317e7d, org.springframework.boot.test.mock.mockito.MockitoTestExecutionListener@1bb4c431, org.springframework.boot.test.autoconfigure.SpringBootDependencyInjectionTestExecutionListener@4fd3b20a, org.springframework.test.context.support.DirtiesContextTestExecutionListener@295d54d6, org.springframework.test.context.transaction.TransactionalTestExecutionListener@398f0516, org.springframework.test.context.jdbc.SqlScriptsTestExecutionListener@4a7db5a, org.springframework.test.context.event.EventPublishingTestExecutionListener@56b66a26, org.springframework.security.test.context.support.WithSecurityContextTestExecutionListener@158e6fc2, org.springframework.security.test.context.support.ReactorContextTestExecutionListener@54687fd0, org.springframework.boot.test.mock.mockito.ResetMocksTestExecutionListener@6eaf030c, org.springframework.boot.test.autoconfigure.restdocs.RestDocsTestExecutionListener@b2da3a5, org.springframework.boot.test.autoconfigure.web.client.MockRestServiceServerResetTestExecutionListener@6dbb3d7d, org.springframework.boot.test.autoconfigure.web.servlet.MockMvcPrintOnlyOnFailureTestExecutionListener@7a3a49e5, org.springframework.boot.test.autoconfigure.web.servlet.WebDriverTestExecutionListener@6c1b82cd, org.springframework.boot.test.autoconfigure.webservices.client.MockWebServiceServerTestExecutionListener@acd3460]
12:23:17.908 [main] DEBUG org.springframework.test.annotation.ProfileValueUtils - Retrieved @ProfileValueSourceConfiguration [null] for test class [net.revature.binarybuiltbyte.project2.ByteUserTest]
12:23:17.908 [main] DEBUG org.springframework.test.annotation.ProfileValueUtils - Retrieved ProfileValueSource type [class org.springframework.test.annotation.SystemProfileValueSource] for class [net.revature.binarybuiltbyte.project2.ByteUserTest]
12:23:17.908 [main] DEBUG org.springframework.test.annotation.ProfileValueUtils - Retrieved @ProfileValueSourceConfiguration [null] for test class [net.revature.binarybuiltbyte.project2.ByteUserTest]
12:23:17.909 [main] DEBUG org.springframework.test.annotation.ProfileValueUtils - Retrieved ProfileValueSource type [class org.springframework.test.annotation.SystemProfileValueSource] for class [net.revature.binarybuiltbyte.project2.ByteUserTest]
12:23:17.909 [main] DEBUG org.springframework.test.annotation.ProfileValueUtils - Retrieved @ProfileValueSourceConfiguration [null] for test class [net.revature.binarybuiltbyte.project2.ByteUserTest]
12:23:17.909 [main] DEBUG org.springframework.test.annotation.ProfileValueUtils - Retrieved ProfileValueSource type [class org.springframework.test.annotation.SystemProfileValueSource] for class [net.revature.binarybuiltbyte.project2.ByteUserTest]
12:23:17.909 [main] DEBUG org.springframework.test.context.junit4.SpringJUnit4ClassRunner - SpringJUnit4ClassRunner constructor called with [class net.revature.binarybuiltbyte.project2.CategoryTest]
12:23:17.909 [main] DEBUG org.springframework.test.context.BootstrapUtils - Instantiating CacheAwareContextLoaderDelegate from class [org.springframework.test.context.cache.DefaultCacheAwareContextLoaderDelegate]
12:23:17.909 [main] DEBUG org.springframework.test.context.BootstrapUtils - Instantiating BootstrapContext using constructor [public org.springframework.test.context.support.DefaultBootstrapContext(java.lang.Class,org.springframework.test.context.CacheAwareContextLoaderDelegate)]
12:23:17.909 [main] DEBUG org.springframework.test.context.BootstrapUtils - Instantiating TestContextBootstrapper for test class [net.revature.binarybuiltbyte.project2.CategoryTest] from class [org.springframework.boot.test.context.SpringBootTestContextBootstrapper]
12:23:17.910 [main] INFO org.springframework.boot.test.context.SpringBootTestContextBootstrapper - Neither @ContextConfiguration nor @ContextHierarchy found for test class [net.revature.binarybuiltbyte.project2.CategoryTest], using SpringBootContextLoader
12:23:17.910 [main] DEBUG org.springframework.test.context.support.AbstractContextLoader - Did not detect default resource location for test class [net.revature.binarybuiltbyte.project2.CategoryTest]: class path resource [net/revature/binarybuiltbyte/project2/CategoryTest-context.xml] does not exist
12:23:17.910 [main] DEBUG org.springframework.test.context.support.AbstractContextLoader - Did not detect default resource location for test class [net.revature.binarybuiltbyte.project2.CategoryTest]: class path resource [net/revature/binarybuiltbyte/project2/CategoryTestContext.groovy] does not exist
12:23:17.910 [main] INFO org.springframework.test.context.support.AbstractContextLoader - Could not detect default resource locations for test class [net.revature.binarybuiltbyte.project2.CategoryTest]: no resource found for suffixes {-context.xml, Context.groovy}.
12:23:17.911 [main] INFO org.springframework.test.context.support.AnnotationConfigContextLoaderUtils - Could not detect default configuration classes for test class [net.revature.binarybuiltbyte.project2.CategoryTest]: CategoryTest does not declare any static, non-private, non-final, nested classes annotated with @Configuration.
12:23:17.913 [main] DEBUG org.springframework.test.context.support.ActiveProfilesUtils - Could not find an 'annotation declaring class' for annotation type [org.springframework.test.context.ActiveProfiles] and class [net.revature.binarybuiltbyte.project2.CategoryTest]
12:23:17.914 [main] INFO org.springframework.boot.test.context.SpringBootTestContextBootstrapper - Found @SpringBootConfiguration net.revature.binarybuiltbyte.project2.Project2Application for test class net.revature.binarybuiltbyte.project2.CategoryTest
12:23:17.916 [main] DEBUG org.springframework.boot.test.context.SpringBootTestContextBootstrapper - @TestExecutionListeners is not present for class [net.revature.binarybuiltbyte.project2.CategoryTest]: using defaults.
12:23:17.916 [main] INFO org.springframework.boot.test.context.SpringBootTestContextBootstrapper - Loaded default TestExecutionListener class names from location [META-INF/spring.factories]: [org.springframework.boot.test.mock.mockito.MockitoTestExecutionListener, org.springframework.boot.test.mock.mockito.ResetMocksTestExecutionListener, org.springframework.boot.test.autoconfigure.restdocs.RestDocsTestExecutionListener, org.springframework.boot.test.autoconfigure.web.client.MockRestServiceServerResetTestExecutionListener, org.springframework.boot.test.autoconfigure.web.servlet.MockMvcPrintOnlyOnFailureTestExecutionListener, org.springframework.boot.test.autoconfigure.web.servlet.WebDriverTestExecutionListener, org.springframework.boot.test.autoconfigure.webservices.client.MockWebServiceServerTestExecutionListener, org.springframework.test.context.web.ServletTestExecutionListener, org.springframework.test.context.support.DirtiesContextBeforeModesTestExecutionListener, org.springframework.test.context.event.ApplicationEventsTestExecutionListener, org.springframework.test.context.support.DependencyInjectionTestExecutionListener, org.springframework.test.context.support.DirtiesContextTestExecutionListener, org.springframework.test.context.transaction.TransactionalTestExecutionListener, org.springframework.test.context.jdbc.SqlScriptsTestExecutionListener, org.springframework.test.context.event.EventPublishingTestExecutionListener, org.springframework.security.test.context.support.WithSecurityContextTestExecutionListener, org.springframework.security.test.context.support.ReactorContextTestExecutionListener]
12:23:17.917 [main] INFO org.springframework.boot.test.context.SpringBootTestContextBootstrapper - Using TestExecutionListeners: [org.springframework.test.context.web.ServletTestExecutionListener@16f4a3c0, org.springframework.test.context.support.DirtiesContextBeforeModesTestExecutionListener@26495639, org.springframework.test.context.event.ApplicationEventsTestExecutionListener@45c408a4, org.springframework.boot.test.mock.mockito.MockitoTestExecutionListener@369a95a5, org.springframework.boot.test.autoconfigure.SpringBootDependencyInjectionTestExecutionListener@543da15, org.springframework.test.context.support.DirtiesContextTestExecutionListener@69d7bc1a, org.springframework.test.context.transaction.TransactionalTestExecutionListener@cb318ac, org.springframework.test.context.jdbc.SqlScriptsTestExecutionListener@6e668322, org.springframework.test.context.event.EventPublishingTestExecutionListener@75ee6f89, org.springframework.security.test.context.support.WithSecurityContextTestExecutionListener@210d3a42, org.springframework.security.test.context.support.ReactorContextTestExecutionListener@356f20b7, org.springframework.boot.test.mock.mockito.ResetMocksTestExecutionListener@6f4adaab, org.springframework.boot.test.autoconfigure.restdocs.RestDocsTestExecutionListener@69de72ec, org.springframework.boot.test.autoconfigure.web.client.MockRestServiceServerResetTestExecutionListener@21c99abf, org.springframework.boot.test.autoconfigure.web.servlet.MockMvcPrintOnlyOnFailureTestExecutionListener@6d6f6ca9, org.springframework.boot.test.autoconfigure.web.servlet.WebDriverTestExecutionListener@54496c2d, org.springframework.boot.test.autoconfigure.webservices.client.MockWebServiceServerTestExecutionListener@4e1a3d5a]
12:23:17.917 [main] DEBUG org.springframework.test.annotation.ProfileValueUtils - Retrieved @ProfileValueSourceConfiguration [null] for test class [net.revature.binarybuiltbyte.project2.CategoryTest]
12:23:17.918 [main] DEBUG org.springframework.test.annotation.ProfileValueUtils - Retrieved ProfileValueSource type [class org.springframework.test.annotation.SystemProfileValueSource] for class [net.revature.binarybuiltbyte.project2.CategoryTest]
12:23:17.918 [main] DEBUG org.springframework.test.annotation.ProfileValueUtils - Retrieved @ProfileValueSourceConfiguration [null] for test class [net.revature.binarybuiltbyte.project2.CategoryTest]
12:23:17.918 [main] DEBUG org.springframework.test.annotation.ProfileValueUtils - Retrieved ProfileValueSource type [class org.springframework.test.annotation.SystemProfileValueSource] for class [net.revature.binarybuiltbyte.project2.CategoryTest]
12:23:17.918 [main] DEBUG org.springframework.test.annotation.ProfileValueUtils - Retrieved @ProfileValueSourceConfiguration [null] for test class [net.revature.binarybuiltbyte.project2.CategoryTest]
12:23:17.918 [main] DEBUG org.springframework.test.annotation.ProfileValueUtils - Retrieved ProfileValueSource type [class org.springframework.test.annotation.SystemProfileValueSource] for class [net.revature.binarybuiltbyte.project2.CategoryTest]
[...]
2021-04-25 12:23:30.583  INFO 28148 --- [           main] o.s.s.concurrent.ThreadPoolTaskExecutor  : Initializing ExecutorService 'applicationTaskExecutor'
2021-04-25 12:23:31.398  INFO 28148 --- [           main] o.s.b.t.m.w.SpringBootMockServletContext : Initializing Spring TestDispatcherServlet ''
2021-04-25 12:23:31.399  INFO 28148 --- [           main] o.s.t.web.servlet.TestDispatcherServlet  : Initializing Servlet ''
2021-04-25 12:23:31.400  INFO 28148 --- [           main] o.s.t.web.servlet.TestDispatcherServlet  : Completed initialization in 1 ms
2021-04-25 12:23:33.673  INFO 28148 --- [           main] n.r.b.project2.AddressTest               : Started AddressTest in 15.52 seconds (JVM running for 17.559)

MockHttpServletRequest:
      HTTP Method = GET
      Request URI = /api/address
       Parameters = {}
          Headers = []
             Body = null
    Session Attrs = {}

Handler:
             Type = org.springframework.data.rest.webmvc.RepositoryEntityController
           Method = org.springframework.data.rest.webmvc.RepositoryEntityController#getCollectionResource(RootResourceInformation, DefaultedPageable, Sort, PersistentEntityResourceAssembler)

Async:
    Async started = false
     Async result = null

Resolved Exception:
             Type = null

ModelAndView:
        View name = null
             View = null
            Model = null

FlashMap:
       Attributes = null

MockHttpServletResponse:
           Status = 200
    Error message = null
          Headers = [Vary:"Origin", "Access-Control-Request-Method", "Access-Control-Request-Headers", Content-Type:"application/hal+json", X-Content-Type-Options:"nosniff", X-XSS-Protection:"1; mode=block", Cache-Control:"no-cache, no-store, max-age=0, must-revalidate", Pragma:"no-cache", Expires:"0", X-Frame-Options:"DENY"]
     Content type = application/hal+json
             Body = {
  "_embedded" : {
    "addresses" : [ {
      "id" : 1,
      "streetAddress" : "333 Santa Fe Ave",
      "city" : "Alamosa",
      "state" : "CO",
      "zip" : "81101",
      "_links" : {
        "self" : {
          "href" : "http://localhost/api/address/1"
        },
        "address" : {
          "href" : "http://localhost/api/address/1"
        },
        "byteOrder" : {
          "href" : "http://localhost/api/address/1/byteOrder"
        }
      }
    }, {
      "id" : 2,
      "streetAddress" : "180 Center St",
      "city" : "Panguitch",
      "state" : "UT",
      "zip" : "84759",
      "_links" : {
        "self" : {
          "href" : "http://localhost/api/address/2"
        },
        "address" : {
          "href" : "http://localhost/api/address/2"
        },
        "byteOrder" : {
          "href" : "http://localhost/api/address/2/byteOrder"
        }
      }
    }, {
      "id" : 3,
      "streetAddress" : "396 S Main St",
      "city" : "Moab",
      "state" : "UT",
      "zip" : "84532",
      "_links" : {
        "self" : {
          "href" : "http://localhost/api/address/3"
        },
        "address" : {
          "href" : "http://localhost/api/address/3"
        },
        "byteOrder" : {
          "href" : "http://localhost/api/address/3/byteOrder"
        }
      }
    }, {
      "id" : 4,
      "streetAddress" : "1535 Kern St",
      "city" : "Fresno",
      "state" : "CA",
      "zip" : "93706",
      "_links" : {
        "self" : {
          "href" : "http://localhost/api/address/4"
        },
        "address" : {
          "href" : "http://localhost/api/address/4"
        },
        "byteOrder" : {
          "href" : "http://localhost/api/address/4/byteOrder"
        }
      }
    }, {
      "id" : 5,
      "streetAddress" : "150 W Simpson Ave",
      "city" : "Jackson",
      "state" : "WY",
      "zip" : "83001",
      "_links" : {
        "self" : {
          "href" : "http://localhost/api/address/5"
        },
        "address" : {
          "href" : "http://localhost/api/address/5"
        },
        "byteOrder" : {
          "href" : "http://localhost/api/address/5/byteOrder"
        }
      }
    } ]
  },
  "_links" : {
    "self" : {
      "href" : "http://localhost/api/address"
    },
    "profile" : {
      "href" : "http://localhost/api/profile/address"
    }
  },
  "page" : {
    "size" : 20,
    "totalElements" : 5,
    "totalPages" : 1,
    "number" : 0
  }
}
    Forwarded URL = null
   Redirected URL = null
          Cookies = []

MockHttpServletRequest:
      HTTP Method = GET
      Request URI = /api/address
       Parameters = {}
          Headers = []
             Body = null
    Session Attrs = {}

Handler:
             Type = org.springframework.data.rest.webmvc.RepositoryEntityController
           Method = org.springframework.data.rest.webmvc.RepositoryEntityController#getCollectionResource(RootResourceInformation, DefaultedPageable, Sort, PersistentEntityResourceAssembler)

Async:
    Async started = false
     Async result = null

Resolved Exception:
             Type = null

ModelAndView:
        View name = null
             View = null
            Model = null

FlashMap:
       Attributes = null

MockHttpServletResponse:
           Status = 200
    Error message = null
          Headers = [Vary:"Origin", "Access-Control-Request-Method", "Access-Control-Request-Headers", Content-Type:"application/hal+json", X-Content-Type-Options:"nosniff", X-XSS-Protection:"1; mode=block", Cache-Control:"no-cache, no-store, max-age=0, must-revalidate", Pragma:"no-cache", Expires:"0", X-Frame-Options:"DENY"]
     Content type = application/hal+json
             Body = {
  "_embedded" : {
    "addresses" : [ {
      "id" : 1,
      "streetAddress" : "333 Santa Fe Ave",
      "city" : "Alamosa",
      "state" : "CO",
      "zip" : "81101",
      "_links" : {
        "self" : {
          "href" : "http://localhost/api/address/1"
        },
        "address" : {
          "href" : "http://localhost/api/address/1"
        },
        "byteOrder" : {
          "href" : "http://localhost/api/address/1/byteOrder"
        }
      }
    }, {
      "id" : 2,
      "streetAddress" : "180 Center St",
      "city" : "Panguitch",
      "state" : "UT",
      "zip" : "84759",
      "_links" : {
        "self" : {
          "href" : "http://localhost/api/address/2"
        },
        "address" : {
          "href" : "http://localhost/api/address/2"
        },
        "byteOrder" : {
          "href" : "http://localhost/api/address/2/byteOrder"
        }
      }
    }, {
      "id" : 3,
      "streetAddress" : "396 S Main St",
      "city" : "Moab",
      "state" : "UT",
      "zip" : "84532",
      "_links" : {
        "self" : {
          "href" : "http://localhost/api/address/3"
        },
        "address" : {
          "href" : "http://localhost/api/address/3"
        },
        "byteOrder" : {
          "href" : "http://localhost/api/address/3/byteOrder"
        }
      }
    }, {
      "id" : 4,
      "streetAddress" : "1535 Kern St",
      "city" : "Fresno",
      "state" : "CA",
      "zip" : "93706",
      "_links" : {
        "self" : {
          "href" : "http://localhost/api/address/4"
        },
        "address" : {
          "href" : "http://localhost/api/address/4"
        },
        "byteOrder" : {
          "href" : "http://localhost/api/address/4/byteOrder"
        }
      }
    }, {
      "id" : 5,
      "streetAddress" : "150 W Simpson Ave",
      "city" : "Jackson",
      "state" : "WY",
      "zip" : "83001",
      "_links" : {
        "self" : {
          "href" : "http://localhost/api/address/5"
        },
        "address" : {
          "href" : "http://localhost/api/address/5"
        },
        "byteOrder" : {
          "href" : "http://localhost/api/address/5/byteOrder"
        }
      }
    } ]
  },
  "_links" : {
    "self" : {
      "href" : "http://localhost/api/address"
    },
    "profile" : {
      "href" : "http://localhost/api/profile/address"
    }
  },
  "page" : {
    "size" : 20,
    "totalElements" : 5,
    "totalPages" : 1,
    "number" : 0
  }
}
    Forwarded URL = null
   Redirected URL = null
          Cookies = []
]]></system-out>
  </testcase>
  <testcase name="checkReturnID1" classname="net.revature.binarybuiltbyte.project2.AddressTest" time="0.124">
    <failure message="No value at JSON path &quot;$._links.byteUser.href&quot;" type="java.lang.AssertionError">java.lang.AssertionError: No value at JSON path "$._links.byteUser.href"
	at net.revature.binarybuiltbyte.project2.AddressTest.checkReturnID1(AddressTest.java:89)
Caused by: com.jayway.jsonpath.PathNotFoundException: Missing property in path $['_links']['byteUser']
	at net.revature.binarybuiltbyte.project2.AddressTest.checkReturnID1(AddressTest.java:89)
</failure>
    <system-out><![CDATA[
MockHttpServletRequest:
      HTTP Method = GET
      Request URI = /api/address/1
       Parameters = {}
          Headers = []
             Body = null
    Session Attrs = {}

Handler:
             Type = org.springframework.data.rest.webmvc.RepositoryEntityController
           Method = org.springframework.data.rest.webmvc.RepositoryEntityController#getItemResource(RootResourceInformation, Serializable, PersistentEntityResourceAssembler, HttpHeaders)

Async:
    Async started = false
     Async result = null

Resolved Exception:
             Type = null

ModelAndView:
        View name = null
             View = null
            Model = null

FlashMap:
       Attributes = null

MockHttpServletResponse:
           Status = 200
    Error message = null
          Headers = [Vary:"Origin", "Access-Control-Request-Method", "Access-Control-Request-Headers", Content-Type:"application/hal+json", X-Content-Type-Options:"nosniff", X-XSS-Protection:"1; mode=block", Cache-Control:"no-cache, no-store, max-age=0, must-revalidate", Pragma:"no-cache", Expires:"0", X-Frame-Options:"DENY"]
     Content type = application/hal+json
             Body = {
  "id" : 1,
  "streetAddress" : "333 Santa Fe Ave",
  "city" : "Alamosa",
  "state" : "CO",
  "zip" : "81101",
  "_links" : {
    "self" : {
      "href" : "http://localhost/api/address/1"
    },
    "address" : {
      "href" : "http://localhost/api/address/1"
    },
    "byteOrder" : {
      "href" : "http://localhost/api/address/1/byteOrder"
    }
  }
}
    Forwarded URL = null
   Redirected URL = null
          Cookies = []

MockHttpServletRequest:
      HTTP Method = GET
      Request URI = /api/address/1
       Parameters = {}
          Headers = []
             Body = null
    Session Attrs = {}

Handler:
             Type = org.springframework.data.rest.webmvc.RepositoryEntityController
           Method = org.springframework.data.rest.webmvc.RepositoryEntityController#getItemResource(RootResourceInformation, Serializable, PersistentEntityResourceAssembler, HttpHeaders)

Async:
    Async started = false
     Async result = null

Resolved Exception:
             Type = null

ModelAndView:
        View name = null
             View = null
            Model = null

FlashMap:
       Attributes = null

MockHttpServletResponse:
           Status = 200
    Error message = null
          Headers = [Vary:"Origin", "Access-Control-Request-Method", "Access-Control-Request-Headers", Content-Type:"application/hal+json", X-Content-Type-Options:"nosniff", X-XSS-Protection:"1; mode=block", Cache-Control:"no-cache, no-store, max-age=0, must-revalidate", Pragma:"no-cache", Expires:"0", X-Frame-Options:"DENY"]
     Content type = application/hal+json
             Body = {
  "id" : 1,
  "streetAddress" : "333 Santa Fe Ave",
  "city" : "Alamosa",
  "state" : "CO",
  "zip" : "81101",
  "_links" : {
    "self" : {
      "href" : "http://localhost/api/address/1"
    },
    "address" : {
      "href" : "http://localhost/api/address/1"
    },
    "byteOrder" : {
      "href" : "http://localhost/api/address/1/byteOrder"
    }
  }
}
    Forwarded URL = null
   Redirected URL = null
          Cookies = []
]]></system-out>
  </testcase>
  <testcase name="checkPopulatingCorrectly" classname="net.revature.binarybuiltbyte.project2.AddressTest" time="0.252">
    <failure message="No matching value at JSON path &quot;$.._embedded.addresses.[0]._links.byteUser.href&quot;" type="java.lang.AssertionError">java.lang.AssertionError: No matching value at JSON path "$.._embedded.addresses.[0]._links.byteUser.href"
	at net.revature.binarybuiltbyte.project2.AddressTest.checkPopulatingCorrectly(AddressTest.java:74)
</failure>
    <system-out><![CDATA[
MockHttpServletRequest:
      HTTP Method = GET
      Request URI = /api/address
       Parameters = {}
          Headers = []
             Body = null
    Session Attrs = {}

Handler:
             Type = org.springframework.data.rest.webmvc.RepositoryEntityController
           Method = org.springframework.data.rest.webmvc.RepositoryEntityController#getCollectionResource(RootResourceInformation, DefaultedPageable, Sort, PersistentEntityResourceAssembler)

Async:
    Async started = false
     Async result = null

Resolved Exception:
             Type = null

ModelAndView:
        View name = null
             View = null
            Model = null

FlashMap:
       Attributes = null

MockHttpServletResponse:
           Status = 200
    Error message = null
          Headers = [Vary:"Origin", "Access-Control-Request-Method", "Access-Control-Request-Headers", Content-Type:"application/hal+json", X-Content-Type-Options:"nosniff", X-XSS-Protection:"1; mode=block", Cache-Control:"no-cache, no-store, max-age=0, must-revalidate", Pragma:"no-cache", Expires:"0", X-Frame-Options:"DENY"]
     Content type = application/hal+json
             Body = {
  "_embedded" : {
    "addresses" : [ {
      "id" : 1,
      "streetAddress" : "333 Santa Fe Ave",
      "city" : "Alamosa",
      "state" : "CO",
      "zip" : "81101",
      "_links" : {
        "self" : {
          "href" : "http://localhost/api/address/1"
        },
        "address" : {
          "href" : "http://localhost/api/address/1"
        },
        "byteOrder" : {
          "href" : "http://localhost/api/address/1/byteOrder"
        }
      }
    }, {
      "id" : 2,
      "streetAddress" : "180 Center St",
      "city" : "Panguitch",
      "state" : "UT",
      "zip" : "84759",
      "_links" : {
        "self" : {
          "href" : "http://localhost/api/address/2"
        },
        "address" : {
          "href" : "http://localhost/api/address/2"
        },
        "byteOrder" : {
          "href" : "http://localhost/api/address/2/byteOrder"
        }
      }
    }, {
      "id" : 3,
      "streetAddress" : "396 S Main St",
      "city" : "Moab",
      "state" : "UT",
      "zip" : "84532",
      "_links" : {
        "self" : {
          "href" : "http://localhost/api/address/3"
        },
        "address" : {
          "href" : "http://localhost/api/address/3"
        },
        "byteOrder" : {
          "href" : "http://localhost/api/address/3/byteOrder"
        }
      }
    }, {
      "id" : 4,
      "streetAddress" : "1535 Kern St",
      "city" : "Fresno",
      "state" : "CA",
      "zip" : "93706",
      "_links" : {
        "self" : {
          "href" : "http://localhost/api/address/4"
        },
        "address" : {
          "href" : "http://localhost/api/address/4"
        },
        "byteOrder" : {
          "href" : "http://localhost/api/address/4/byteOrder"
        }
      }
    }, {
      "id" : 5,
      "streetAddress" : "150 W Simpson Ave",
      "city" : "Jackson",
      "state" : "WY",
      "zip" : "83001",
      "_links" : {
        "self" : {
          "href" : "http://localhost/api/address/5"
        },
        "address" : {
          "href" : "http://localhost/api/address/5"
        },
        "byteOrder" : {
          "href" : "http://localhost/api/address/5/byteOrder"
        }
      }
    } ]
  },
  "_links" : {
    "self" : {
      "href" : "http://localhost/api/address"
    },
    "profile" : {
      "href" : "http://localhost/api/profile/address"
    }
  },
  "page" : {
    "size" : 20,
    "totalElements" : 5,
    "totalPages" : 1,
    "number" : 0
  }
}
    Forwarded URL = null
   Redirected URL = null
          Cookies = []

MockHttpServletRequest:
      HTTP Method = GET
      Request URI = /api/address
       Parameters = {}
          Headers = []
             Body = null
    Session Attrs = {}

Handler:
             Type = org.springframework.data.rest.webmvc.RepositoryEntityController
           Method = org.springframework.data.rest.webmvc.RepositoryEntityController#getCollectionResource(RootResourceInformation, DefaultedPageable, Sort, PersistentEntityResourceAssembler)

Async:
    Async started = false
     Async result = null

Resolved Exception:
             Type = null

ModelAndView:
        View name = null
             View = null
            Model = null

FlashMap:
       Attributes = null

MockHttpServletResponse:
           Status = 200
    Error message = null
          Headers = [Vary:"Origin", "Access-Control-Request-Method", "Access-Control-Request-Headers", Content-Type:"application/hal+json", X-Content-Type-Options:"nosniff", X-XSS-Protection:"1; mode=block", Cache-Control:"no-cache, no-store, max-age=0, must-revalidate", Pragma:"no-cache", Expires:"0", X-Frame-Options:"DENY"]
     Content type = application/hal+json
             Body = {
  "_embedded" : {
    "addresses" : [ {
      "id" : 1,
      "streetAddress" : "333 Santa Fe Ave",
      "city" : "Alamosa",
      "state" : "CO",
      "zip" : "81101",
      "_links" : {
        "self" : {
          "href" : "http://localhost/api/address/1"
        },
        "address" : {
          "href" : "http://localhost/api/address/1"
        },
        "byteOrder" : {
          "href" : "http://localhost/api/address/1/byteOrder"
        }
      }
    }, {
      "id" : 2,
      "streetAddress" : "180 Center St",
      "city" : "Panguitch",
      "state" : "UT",
      "zip" : "84759",
      "_links" : {
        "self" : {
          "href" : "http://localhost/api/address/2"
        },
        "address" : {
          "href" : "http://localhost/api/address/2"
        },
        "byteOrder" : {
          "href" : "http://localhost/api/address/2/byteOrder"
        }
      }
    }, {
      "id" : 3,
      "streetAddress" : "396 S Main St",
      "city" : "Moab",
      "state" : "UT",
      "zip" : "84532",
      "_links" : {
        "self" : {
          "href" : "http://localhost/api/address/3"
        },
        "address" : {
          "href" : "http://localhost/api/address/3"
        },
        "byteOrder" : {
          "href" : "http://localhost/api/address/3/byteOrder"
        }
      }
    }, {
      "id" : 4,
      "streetAddress" : "1535 Kern St",
      "city" : "Fresno",
      "state" : "CA",
      "zip" : "93706",
      "_links" : {
        "self" : {
          "href" : "http://localhost/api/address/4"
        },
        "address" : {
          "href" : "http://localhost/api/address/4"
        },
        "byteOrder" : {
          "href" : "http://localhost/api/address/4/byteOrder"
        }
      }
    }, {
      "id" : 5,
      "streetAddress" : "150 W Simpson Ave",
      "city" : "Jackson",
      "state" : "WY",
      "zip" : "83001",
      "_links" : {
        "self" : {
          "href" : "http://localhost/api/address/5"
        },
        "address" : {
          "href" : "http://localhost/api/address/5"
        },
        "byteOrder" : {
          "href" : "http://localhost/api/address/5/byteOrder"
        }
      }
    } ]
  },
  "_links" : {
    "self" : {
      "href" : "http://localhost/api/address"
    },
    "profile" : {
      "href" : "http://localhost/api/profile/address"
    }
  },
  "page" : {
    "size" : 20,
    "totalElements" : 5,
    "totalPages" : 1,
    "number" : 0
  }
}
    Forwarded URL = null
   Redirected URL = null
          Cookies = []
]]></system-out>
  </testcase>
</testsuite>